#
# There is insufficient memory for the Java Runtime Environment to continue.
# Native memory allocation (mmap) failed to map 384827392 bytes for G1 virtual space
# Possible reasons:
#   The system is out of physical RAM or swap space
#   The process is running with CompressedOops enabled, and the Java Heap may be blocking the growth of the native heap
# Possible solutions:
#   Reduce memory load on the system
#   Increase physical memory or swap space
#   Check if swap backing store is full
#   Decrease Java heap size (-Xmx/-Xms)
#   Decrease number of Java threads
#   Decrease Java thread stack sizes (-Xss)
#   Set larger code cache with -XX:ReservedCodeCacheSize=
#   JVM is running with Unscaled Compressed Oops mode in which the Java heap is
#     placed in the first 4GB address space. The Java Heap base address is the
#     maximum limit for the native heap growth. Please use -XX:HeapBaseMinAddress
#     to set the Java Heap base and to place the Java Heap above 4GB virtual address.
# This output file may be truncated or incomplete.
#
#  Out of Memory Error (os_windows.cpp:3548), pid=6112, tid=9704
#
# JRE version: Java(TM) SE Runtime Environment (17.0.10+11) (build 17.0.10+11-LTS-240)
# Java VM: Java HotSpot(TM) 64-Bit Server VM (17.0.10+11-LTS-240, mixed mode, sharing, tiered, compressed oops, compressed class ptrs, g1 gc, windows-amd64)
# No core dump will be written. Minidumps are not enabled by default on client versions of Windows
#

---------------  S U M M A R Y ------------

Command Line: --add-opens=java.base/java.util=ALL-UNNAMED --add-opens=java.base/java.lang=ALL-UNNAMED --add-opens=java.base/java.lang.invoke=ALL-UNNAMED --add-opens=java.prefs/java.util.prefs=ALL-UNNAMED --add-exports=jdk.compiler/com.sun.tools.javac.api=ALL-UNNAMED --add-exports=jdk.compiler/com.sun.tools.javac.util=ALL-UNNAMED --add-opens=java.base/java.nio.charset=ALL-UNNAMED --add-opens=java.base/java.net=ALL-UNNAMED --add-opens=java.base/java.util.concurrent.atomic=ALL-UNNAMED -Xmx2048m -Dfile.encoding=UTF-8 -Duser.country=FR -Duser.language=fr -Duser.variant -javaagent:C:\Users\Lucie\.gradle\wrapper\dists\gradle-8.9-bin\90cnw93cvbtalezasaz0blq0a\gradle-8.9\lib\agents\gradle-instrumentation-agent-8.9.jar org.gradle.launcher.daemon.bootstrap.GradleDaemon 8.9

Host: Intel(R) Core(TM) i5-3337U CPU @ 1.80GHz, 4 cores, 11G,  Windows 10 , 64 bit Build 19041 (10.0.19041.5438)
Time: Thu Mar 13 14:31:32 2025 Paris, Madrid elapsed time: 43.000620 seconds (0d 0h 0m 43s)

---------------  T H R E A D  ---------------

Current thread (0x0000021c7adfed00):  VMThread "VM Thread" [stack: 0x000000a976700000,0x000000a976800000] [id=9704]

Stack: [0x000000a976700000,0x000000a976800000]
Native frames: (J=compiled Java code, j=interpreted, Vv=VM code, C=native code)
V  [jvm.dll+0x677a5a]
V  [jvm.dll+0x7d8b2d]
V  [jvm.dll+0x7da48e]
V  [jvm.dll+0x7daaf3]
V  [jvm.dll+0x2455ff]
V  [jvm.dll+0x6749b9]
V  [jvm.dll+0x669382]
V  [jvm.dll+0x302e96]
V  [jvm.dll+0x30a416]
V  [jvm.dll+0x359cbe]
V  [jvm.dll+0x359eef]
V  [jvm.dll+0x2d9e88]
V  [jvm.dll+0x2d8295]
V  [jvm.dll+0x2d789c]
V  [jvm.dll+0x31b18b]
V  [jvm.dll+0x7df30b]
V  [jvm.dll+0x7e0044]
V  [jvm.dll+0x7e055d]
V  [jvm.dll+0x7e0934]
V  [jvm.dll+0x7e0a00]
V  [jvm.dll+0x78888a]
V  [jvm.dll+0x676935]
C  [ucrtbase.dll+0x21bb2]
C  [KERNEL32.DLL+0x17374]
C  [ntdll.dll+0x4cc91]

VM_Operation (0x000000a977bf3cb0): G1CollectForAllocation, mode: safepoint, requested by thread 0x0000021c4229f5f0


---------------  P R O C E S S  ---------------

Threads class SMR info:
_java_thread_list=0x0000021c44131d90, length=43, elements={
0x0000021c5d45b310, 0x0000021c7ae02c10, 0x0000021c7ae039a0, 0x0000021c7ae153b0,
0x0000021c7ae17c90, 0x0000021c7ae18970, 0x0000021c7ae1da10, 0x0000021c7ae24170,
0x0000021c7ae2cb40, 0x0000021c7ae1d500, 0x0000021c7ae1f870, 0x0000021c7ae1f360,
0x0000021c7ae1ee50, 0x0000021c7ae1c5d0, 0x0000021c7ae1cae0, 0x0000021c7ae1cff0,
0x0000021c4229d790, 0x0000021c422a0a30, 0x0000021c4229f5f0, 0x0000021c422a0010,
0x0000021c4229fb00, 0x0000021c422a1e70, 0x0000021c422a2380, 0x0000021c422a0520,
0x0000021c422a1450, 0x0000021c4229dca0, 0x0000021c4229b420, 0x0000021c4229cd70,
0x0000021c4229c860, 0x0000021c4229af10, 0x0000021c422a1960, 0x0000021c4229d280,
0x0000021c422a2890, 0x0000021c42775020, 0x0000021c44d551a0, 0x0000021c44d5b1d0,
0x0000021c44d556b0, 0x0000021c44d53d60, 0x0000021c44d59370, 0x0000021c44d59d90,
0x0000021c44d57f30, 0x0000021c44d54270, 0x0000021c44d54780
}

Java Threads: ( => current thread )
  0x0000021c5d45b310 JavaThread "main" [_thread_blocked, id=8512, stack(0x000000a976100000,0x000000a976200000)]
  0x0000021c7ae02c10 JavaThread "Reference Handler" daemon [_thread_blocked, id=16192, stack(0x000000a976800000,0x000000a976900000)]
  0x0000021c7ae039a0 JavaThread "Finalizer" daemon [_thread_blocked, id=11388, stack(0x000000a976900000,0x000000a976a00000)]
  0x0000021c7ae153b0 JavaThread "Signal Dispatcher" daemon [_thread_blocked, id=13940, stack(0x000000a976a00000,0x000000a976b00000)]
  0x0000021c7ae17c90 JavaThread "Attach Listener" daemon [_thread_blocked, id=4648, stack(0x000000a976b00000,0x000000a976c00000)]
  0x0000021c7ae18970 JavaThread "Service Thread" daemon [_thread_blocked, id=4980, stack(0x000000a976c00000,0x000000a976d00000)]
  0x0000021c7ae1da10 JavaThread "Monitor Deflation Thread" daemon [_thread_blocked, id=12740, stack(0x000000a976d00000,0x000000a976e00000)]
  0x0000021c7ae24170 JavaThread "C2 CompilerThread0" daemon [_thread_blocked, id=15344, stack(0x000000a976e00000,0x000000a976f00000)]
  0x0000021c7ae2cb40 JavaThread "C1 CompilerThread0" daemon [_thread_blocked, id=5396, stack(0x000000a976f00000,0x000000a977000000)]
  0x0000021c7ae1d500 JavaThread "Sweeper thread" daemon [_thread_blocked, id=10712, stack(0x000000a977000000,0x000000a977100000)]
  0x0000021c7ae1f870 JavaThread "Common-Cleaner" daemon [_thread_blocked, id=14848, stack(0x000000a977100000,0x000000a977200000)]
  0x0000021c7ae1f360 JavaThread "Notification Thread" daemon [_thread_blocked, id=5004, stack(0x000000a977200000,0x000000a977300000)]
  0x0000021c7ae1ee50 JavaThread "Daemon health stats" [_thread_blocked, id=10772, stack(0x000000a977700000,0x000000a977800000)]
  0x0000021c7ae1c5d0 JavaThread "Incoming local TCP Connector on port 62129" [_thread_in_native, id=14820, stack(0x000000a977a00000,0x000000a977b00000)]
  0x0000021c7ae1cae0 JavaThread "Daemon periodic checks" [_thread_blocked, id=9124, stack(0x000000a977c00000,0x000000a977d00000)]
  0x0000021c7ae1cff0 JavaThread "Daemon" [_thread_blocked, id=8780, stack(0x000000a977d00000,0x000000a977e00000)]
  0x0000021c4229d790 JavaThread "Handler for socket connection from /127.0.0.1:62129 to /127.0.0.1:62130" [_thread_in_native, id=1680, stack(0x000000a977e00000,0x000000a977f00000)]
  0x0000021c422a0a30 JavaThread "Cancel handler" [_thread_blocked, id=760, stack(0x000000a977f00000,0x000000a978000000)]
  0x0000021c4229f5f0 JavaThread "Daemon worker" [_thread_blocked, id=5084, stack(0x000000a977b00000,0x000000a977c00000)]
  0x0000021c422a0010 JavaThread "Asynchronous log dispatcher for DefaultDaemonConnection: socket connection from /127.0.0.1:62129 to /127.0.0.1:62130" [_thread_blocked, id=4760, stack(0x000000a978000000,0x000000a978100000)]
  0x0000021c4229fb00 JavaThread "Stdin handler" [_thread_blocked, id=16160, stack(0x000000a978100000,0x000000a978200000)]
  0x0000021c422a1e70 JavaThread "Daemon client event forwarder" [_thread_blocked, id=6232, stack(0x000000a978200000,0x000000a978300000)]
  0x0000021c422a2380 JavaThread "Cache worker for journal cache (C:\Users\Lucie\.gradle\caches\journal-1)" [_thread_blocked, id=3220, stack(0x000000a978300000,0x000000a978400000)]
  0x0000021c422a0520 JavaThread "File lock request listener" [_thread_in_native, id=1080, stack(0x000000a978400000,0x000000a978500000)]
  0x0000021c422a1450 JavaThread "Cache worker for file hash cache (C:\Users\Lucie\.gradle\caches\8.9\fileHashes)" [_thread_blocked, id=13260, stack(0x000000a978500000,0x000000a978600000)]
  0x0000021c4229dca0 JavaThread "Cache worker for file hash cache (C:\Users\Lucie\AndroidStudioProjects\KeyReceivedDemo\.gradle\8.9\fileHashes)" [_thread_blocked, id=4276, stack(0x000000a978700000,0x000000a978800000)]
  0x0000021c4229b420 JavaThread "Cache worker for Build Output Cleanup Cache (C:\Users\Lucie\AndroidStudioProjects\KeyReceivedDemo\.gradle\buildOutputCleanup)" [_thread_blocked, id=248, stack(0x000000a978800000,0x000000a978900000)]
  0x0000021c4229cd70 JavaThread "File watcher server" daemon [_thread_blocked, id=15888, stack(0x000000a978600000,0x000000a978700000)]
  0x0000021c4229c860 JavaThread "File watcher consumer" daemon [_thread_blocked, id=15024, stack(0x000000a978900000,0x000000a978a00000)]
  0x0000021c4229af10 JavaThread "Cache worker for checksums cache (C:\Users\Lucie\AndroidStudioProjects\KeyReceivedDemo\.gradle\8.9\checksums)" [_thread_blocked, id=10884, stack(0x000000a978b00000,0x000000a978c00000)]
  0x0000021c422a1960 JavaThread "Cache worker for file content cache (C:\Users\Lucie\.gradle\caches\8.9\fileContent)" [_thread_blocked, id=9308, stack(0x000000a978c00000,0x000000a978d00000)]
  0x0000021c4229d280 JavaThread "Cache worker for cache directory md-rule (C:\Users\Lucie\.gradle\caches\8.9\md-rule)" [_thread_blocked, id=3672, stack(0x000000a978d00000,0x000000a978e00000)]
  0x0000021c422a2890 JavaThread "Cache worker for cache directory md-supplier (C:\Users\Lucie\.gradle\caches\8.9\md-supplier)" [_thread_blocked, id=9988, stack(0x000000a978e00000,0x000000a978f00000)]
  0x0000021c42775020 JavaThread "C2 CompilerThread1" daemon [_thread_blocked, id=15256, stack(0x000000a979000000,0x000000a979100000)]
  0x0000021c44d551a0 JavaThread "Unconstrained build operations" [_thread_blocked, id=6520, stack(0x000000a979100000,0x000000a979200000)]
  0x0000021c44d5b1d0 JavaThread "Unconstrained build operations Thread 2" [_thread_blocked, id=15924, stack(0x000000a979200000,0x000000a979300000)]
  0x0000021c44d556b0 JavaThread "Unconstrained build operations Thread 3" [_thread_blocked, id=6264, stack(0x000000a979300000,0x000000a979400000)]
  0x0000021c44d53d60 JavaThread "Unconstrained build operations Thread 4" [_thread_blocked, id=5176, stack(0x000000a979400000,0x000000a979500000)]
  0x0000021c44d59370 JavaThread "Unconstrained build operations Thread 5" [_thread_blocked, id=12168, stack(0x000000a979500000,0x000000a979600000)]
  0x0000021c44d59d90 JavaThread "Unconstrained build operations Thread 6" [_thread_blocked, id=8912, stack(0x000000a979600000,0x000000a979700000)]
  0x0000021c44d57f30 JavaThread "Unconstrained build operations Thread 7" [_thread_blocked, id=8980, stack(0x000000a979700000,0x000000a979800000)]
  0x0000021c44d54270 JavaThread "Unconstrained build operations Thread 8" [_thread_blocked, id=4720, stack(0x000000a979800000,0x000000a979900000)]
  0x0000021c44d54780 JavaThread "Unconstrained build operations Thread 9" [_thread_blocked, id=16380, stack(0x000000a979900000,0x000000a979a00000)]

Other Threads:
=>0x0000021c7adfed00 VMThread "VM Thread" [stack: 0x000000a976700000,0x000000a976800000] [id=9704]
  0x0000021c5d4cfc70 WatcherThread [stack: 0x000000a977300000,0x000000a977400000] [id=15540]
  0x0000021c5d4b5c40 GCTaskThread "GC Thread#0" [stack: 0x000000a976200000,0x000000a976300000] [id=12244]
  0x0000021c7f2a24b0 GCTaskThread "GC Thread#1" [stack: 0x000000a977400000,0x000000a977500000] [id=1524]
  0x0000021c7f2a2770 GCTaskThread "GC Thread#2" [stack: 0x000000a977500000,0x000000a977600000] [id=10612]
  0x0000021c7f2a2a30 GCTaskThread "GC Thread#3" [stack: 0x000000a977600000,0x000000a977700000] [id=4260]
  0x0000021c5d4c70b0 ConcurrentGCThread "G1 Main Marker" [stack: 0x000000a976300000,0x000000a976400000] [id=2848]
  0x0000021c5d4c8170 ConcurrentGCThread "G1 Conc#0" [stack: 0x000000a976400000,0x000000a976500000] [id=5312]
  0x0000021c7acb6990 ConcurrentGCThread "G1 Refine#0" [stack: 0x000000a976500000,0x000000a976600000] [id=9476]
  0x0000021c7f2f5980 ConcurrentGCThread "G1 Refine#1" [stack: 0x000000a977800000,0x000000a977900000] [id=3648]
  0x0000021c7f57abd0 ConcurrentGCThread "G1 Refine#2" [stack: 0x000000a977900000,0x000000a977a00000] [id=6620]
  0x0000021c434f7890 ConcurrentGCThread "G1 Refine#3" [stack: 0x000000a978f00000,0x000000a979000000] [id=11124]
  0x0000021c7acb72d0 ConcurrentGCThread "G1 Service" [stack: 0x000000a976600000,0x000000a976700000] [id=3856]

Threads with active compile tasks:
C2 CompilerThread0    43049 13212 %     4       org.jetbrains.org.objectweb.asm.ClassReader::accept @ 1076 (1380 bytes)
C2 CompilerThread1    43049 13217   !   4       org.jetbrains.kotlin.metadata.ProtoBuf$Annotation::<init> (344 bytes)

VM state: at safepoint (normal execution)

VM Mutex/Monitor currently owned by a thread:  ([mutex/lock_event])
[0x0000021c5d456f00] Threads_lock - owner thread: 0x0000021c7adfed00
[0x0000021c5d457260] Heap_lock - owner thread: 0x0000021c4229f5f0

Heap address: 0x0000000080000000, size: 2048 MB, Compressed Oops mode: 32-bit

CDS archive(s) mapped at: [0x0000021c00000000-0x0000021c00bd0000-0x0000021c00bd0000), size 12386304, SharedBaseAddress: 0x0000021c00000000, ArchiveRelocationMode: 1.
Compressed class space mapped at: 0x0000021c01000000-0x0000021c41000000, reserved size: 1073741824
Narrow klass base: 0x0000021c00000000, Narrow klass shift: 0, Narrow klass range: 0x100000000

GC Precious Log:
 CPUs: 4 total, 4 available
 Memory: 12169M
 Large Page Support: Disabled
 NUMA Support: Disabled
 Compressed Oops: Enabled (32-bit)
 Heap Region Size: 1M
 Heap Min Capacity: 8M
 Heap Initial Capacity: 192M
 Heap Max Capacity: 2G
 Pre-touch: Disabled
 Parallel Workers: 4
 Concurrent Workers: 1
 Concurrent Refinement Workers: 4
 Periodic GC: Disabled

Heap:
 garbage-first heap   total 201728K, used 101376K [0x0000000080000000, 0x0000000100000000)
  region size 1024K, 9 young (9216K), 9 survivors (9216K)
 Metaspace       used 108283K, committed 108928K, reserved 1179648K
  class space    used 13899K, committed 14208K, reserved 1048576K

Heap Regions: E=young(eden), S=young(survivor), O=old, HS=humongous(starts), HC=humongous(continues), CS=collection set, F=free, OA=open archive, CA=closed archive, TAMS=top-at-mark-start (previous, next)
|   0|0x0000000080000000, 0x0000000080100000, 0x0000000080100000|100%|HS|  |TAMS 0x0000000080100000, 0x0000000080000000| Complete 
|   1|0x0000000080100000, 0x0000000080200000, 0x0000000080200000|100%|HC|  |TAMS 0x0000000080200000, 0x0000000080100000| Complete 
|   2|0x0000000080200000, 0x0000000080300000, 0x0000000080300000|100%|HC|  |TAMS 0x0000000080300000, 0x0000000080200000| Complete 
|   3|0x0000000080300000, 0x0000000080400000, 0x0000000080400000|100%|HC|  |TAMS 0x0000000080400000, 0x0000000080300000| Complete 
|   4|0x0000000080400000, 0x0000000080500000, 0x0000000080500000|100%| O|  |TAMS 0x0000000080500000, 0x0000000080400000| Untracked 
|   5|0x0000000080500000, 0x0000000080600000, 0x0000000080600000|100%| O|  |TAMS 0x0000000080600000, 0x0000000080500000| Untracked 
|   6|0x0000000080600000, 0x0000000080700000, 0x0000000080700000|100%| O|  |TAMS 0x0000000080700000, 0x0000000080600000| Untracked 
|   7|0x0000000080700000, 0x0000000080800000, 0x0000000080800000|100%| O|  |TAMS 0x0000000080800000, 0x0000000080700000| Untracked 
|   8|0x0000000080800000, 0x0000000080900000, 0x0000000080900000|100%| O|  |TAMS 0x0000000080900000, 0x0000000080800000| Untracked 
|   9|0x0000000080900000, 0x0000000080a00000, 0x0000000080a00000|100%|HS|  |TAMS 0x0000000080a00000, 0x0000000080900000| Complete 
|  10|0x0000000080a00000, 0x0000000080b00000, 0x0000000080b00000|100%| O|  |TAMS 0x0000000080b00000, 0x0000000080a00000| Untracked 
|  11|0x0000000080b00000, 0x0000000080c00000, 0x0000000080c00000|100%| O|  |TAMS 0x0000000080c00000, 0x0000000080b00000| Untracked 
|  12|0x0000000080c00000, 0x0000000080d00000, 0x0000000080d00000|100%| O|  |TAMS 0x0000000080d00000, 0x0000000080c00000| Untracked 
|  13|0x0000000080d00000, 0x0000000080e00000, 0x0000000080e00000|100%| O|  |TAMS 0x0000000080e00000, 0x0000000080d00000| Untracked 
|  14|0x0000000080e00000, 0x0000000080f00000, 0x0000000080f00000|100%| O|  |TAMS 0x0000000080f00000, 0x0000000080e00000| Untracked 
|  15|0x0000000080f00000, 0x0000000081000000, 0x0000000081000000|100%| O|  |TAMS 0x0000000081000000, 0x0000000080f00000| Untracked 
|  16|0x0000000081000000, 0x0000000081100000, 0x0000000081100000|100%| O|  |TAMS 0x0000000081100000, 0x0000000081000000| Untracked 
|  17|0x0000000081100000, 0x0000000081200000, 0x0000000081200000|100%| O|  |TAMS 0x0000000081200000, 0x0000000081100000| Untracked 
|  18|0x0000000081200000, 0x0000000081300000, 0x0000000081300000|100%| O|  |TAMS 0x0000000081300000, 0x0000000081200000| Untracked 
|  19|0x0000000081300000, 0x0000000081400000, 0x0000000081400000|100%| O|  |TAMS 0x0000000081400000, 0x0000000081300000| Untracked 
|  20|0x0000000081400000, 0x0000000081500000, 0x0000000081500000|100%| O|  |TAMS 0x0000000081500000, 0x0000000081400000| Untracked 
|  21|0x0000000081500000, 0x0000000081600000, 0x0000000081600000|100%| O|  |TAMS 0x0000000081600000, 0x0000000081500000| Untracked 
|  22|0x0000000081600000, 0x0000000081700000, 0x0000000081700000|100%| O|  |TAMS 0x0000000081700000, 0x0000000081600000| Untracked 
|  23|0x0000000081700000, 0x0000000081800000, 0x0000000081800000|100%| O|  |TAMS 0x0000000081800000, 0x0000000081700000| Untracked 
|  24|0x0000000081800000, 0x0000000081900000, 0x0000000081900000|100%| O|  |TAMS 0x0000000081900000, 0x0000000081800000| Untracked 
|  25|0x0000000081900000, 0x0000000081a00000, 0x0000000081a00000|100%| O|  |TAMS 0x0000000081a00000, 0x0000000081900000| Untracked 
|  26|0x0000000081a00000, 0x0000000081b00000, 0x0000000081b00000|100%| O|  |TAMS 0x0000000081b00000, 0x0000000081a00000| Untracked 
|  27|0x0000000081b00000, 0x0000000081c00000, 0x0000000081c00000|100%| O|  |TAMS 0x0000000081c00000, 0x0000000081b00000| Untracked 
|  28|0x0000000081c00000, 0x0000000081d00000, 0x0000000081d00000|100%| O|  |TAMS 0x0000000081d00000, 0x0000000081c00000| Untracked 
|  29|0x0000000081d00000, 0x0000000081e00000, 0x0000000081e00000|100%| O|  |TAMS 0x0000000081e00000, 0x0000000081d00000| Untracked 
|  30|0x0000000081e00000, 0x0000000081f00000, 0x0000000081f00000|100%| O|  |TAMS 0x0000000081f00000, 0x0000000081e00000| Untracked 
|  31|0x0000000081f00000, 0x0000000082000000, 0x0000000082000000|100%| O|  |TAMS 0x0000000082000000, 0x0000000081f00000| Untracked 
|  32|0x0000000082000000, 0x0000000082100000, 0x0000000082100000|100%| O|  |TAMS 0x0000000082100000, 0x0000000082000000| Untracked 
|  33|0x0000000082100000, 0x0000000082200000, 0x0000000082200000|100%| O|  |TAMS 0x0000000082200000, 0x0000000082100000| Untracked 
|  34|0x0000000082200000, 0x0000000082300000, 0x0000000082300000|100%| O|  |TAMS 0x0000000082300000, 0x0000000082200000| Untracked 
|  35|0x0000000082300000, 0x0000000082400000, 0x0000000082400000|100%| O|  |TAMS 0x0000000082400000, 0x0000000082300000| Untracked 
|  36|0x0000000082400000, 0x0000000082500000, 0x0000000082500000|100%| O|  |TAMS 0x0000000082500000, 0x0000000082400000| Untracked 
|  37|0x0000000082500000, 0x0000000082600000, 0x0000000082600000|100%|HS|  |TAMS 0x0000000082600000, 0x0000000082500000| Complete 
|  38|0x0000000082600000, 0x0000000082700000, 0x0000000082700000|100%| O|  |TAMS 0x0000000082700000, 0x0000000082600000| Untracked 
|  39|0x0000000082700000, 0x0000000082800000, 0x0000000082800000|100%| O|  |TAMS 0x0000000082800000, 0x0000000082700000| Untracked 
|  40|0x0000000082800000, 0x0000000082900000, 0x0000000082900000|100%| O|  |TAMS 0x0000000082900000, 0x0000000082800000| Untracked 
|  41|0x0000000082900000, 0x0000000082a00000, 0x0000000082a00000|100%| O|  |TAMS 0x0000000082a00000, 0x0000000082900000| Untracked 
|  42|0x0000000082a00000, 0x0000000082b00000, 0x0000000082b00000|100%|HS|  |TAMS 0x0000000082b00000, 0x0000000082a00000| Complete 
|  43|0x0000000082b00000, 0x0000000082c00000, 0x0000000082c00000|100%|HC|  |TAMS 0x0000000082c00000, 0x0000000082b00000| Complete 
|  44|0x0000000082c00000, 0x0000000082d00000, 0x0000000082d00000|100%|HC|  |TAMS 0x0000000082d00000, 0x0000000082c00000| Complete 
|  45|0x0000000082d00000, 0x0000000082e00000, 0x0000000082e00000|100%|HC|  |TAMS 0x0000000082e00000, 0x0000000082d00000| Complete 
|  46|0x0000000082e00000, 0x0000000082f00000, 0x0000000082f00000|100%|HC|  |TAMS 0x0000000082f00000, 0x0000000082e00000| Complete 
|  47|0x0000000082f00000, 0x0000000083000000, 0x0000000083000000|100%|HC|  |TAMS 0x0000000083000000, 0x0000000082f00000| Complete 
|  48|0x0000000083000000, 0x0000000083000000, 0x0000000083100000|  0%| F|  |TAMS 0x0000000083000000, 0x0000000083000000| Untracked 
|  49|0x0000000083100000, 0x0000000083200000, 0x0000000083200000|100%| O|  |TAMS 0x0000000083200000, 0x0000000083100000| Untracked 
|  50|0x0000000083200000, 0x0000000083300000, 0x0000000083300000|100%| O|  |TAMS 0x0000000083300000, 0x0000000083200000| Untracked 
|  51|0x0000000083300000, 0x0000000083400000, 0x0000000083400000|100%| O|  |TAMS 0x0000000083400000, 0x0000000083300000| Untracked 
|  52|0x0000000083400000, 0x0000000083400000, 0x0000000083500000|  0%| F|  |TAMS 0x0000000083400000, 0x0000000083400000| Untracked 
|  53|0x0000000083500000, 0x0000000083600000, 0x0000000083600000|100%| O|  |TAMS 0x0000000083600000, 0x0000000083500000| Untracked 
|  54|0x0000000083600000, 0x0000000083700000, 0x0000000083700000|100%| O|  |TAMS 0x0000000083700000, 0x0000000083600000| Untracked 
|  55|0x0000000083700000, 0x0000000083700000, 0x0000000083800000|  0%| F|  |TAMS 0x0000000083700000, 0x0000000083700000| Untracked 
|  56|0x0000000083800000, 0x0000000083900000, 0x0000000083900000|100%| O|  |TAMS 0x0000000083800000, 0x0000000083800000| Untracked 
|  57|0x0000000083900000, 0x0000000083900000, 0x0000000083a00000|  0%| F|  |TAMS 0x0000000083900000, 0x0000000083900000| Untracked 
|  58|0x0000000083a00000, 0x0000000083b00000, 0x0000000083b00000|100%| O|  |TAMS 0x0000000083b00000, 0x0000000083a00000| Untracked 
|  59|0x0000000083b00000, 0x0000000083b00000, 0x0000000083c00000|  0%| F|  |TAMS 0x0000000083b00000, 0x0000000083b00000| Untracked 
|  60|0x0000000083c00000, 0x0000000083c00000, 0x0000000083d00000|  0%| F|  |TAMS 0x0000000083c00000, 0x0000000083c00000| Untracked 
|  61|0x0000000083d00000, 0x0000000083e00000, 0x0000000083e00000|100%|HS|  |TAMS 0x0000000083d00000, 0x0000000083d00000| Complete 
|  62|0x0000000083e00000, 0x0000000083f00000, 0x0000000083f00000|100%| O|  |TAMS 0x0000000083e00000, 0x0000000083e00000| Untracked 
|  63|0x0000000083f00000, 0x0000000084000000, 0x0000000084000000|100%| O|  |TAMS 0x0000000083f00000, 0x0000000083f00000| Untracked 
|  64|0x0000000084000000, 0x0000000084100000, 0x0000000084100000|100%| O|  |TAMS 0x0000000084100000, 0x0000000084000000| Untracked 
|  65|0x0000000084100000, 0x0000000084200000, 0x0000000084200000|100%| O|  |TAMS 0x0000000084100000, 0x0000000084100000| Untracked 
|  66|0x0000000084200000, 0x0000000084300000, 0x0000000084300000|100%| O|  |TAMS 0x0000000084300000, 0x0000000084200000| Untracked 
|  67|0x0000000084300000, 0x0000000084400000, 0x0000000084400000|100%| O|  |TAMS 0x0000000084400000, 0x0000000084300000| Untracked 
|  68|0x0000000084400000, 0x0000000084500000, 0x0000000084500000|100%| O|  |TAMS 0x0000000084400000, 0x0000000084400000| Untracked 
|  69|0x0000000084500000, 0x0000000084600000, 0x0000000084600000|100%| O|  |TAMS 0x0000000084600000, 0x0000000084500000| Untracked 
|  70|0x0000000084600000, 0x0000000084700000, 0x0000000084700000|100%| O|  |TAMS 0x0000000084700000, 0x0000000084600000| Untracked 
|  71|0x0000000084700000, 0x0000000084800000, 0x0000000084800000|100%| O|  |TAMS 0x0000000084800000, 0x0000000084700000| Untracked 
|  72|0x0000000084800000, 0x0000000084900000, 0x0000000084900000|100%| O|  |TAMS 0x0000000084800000, 0x0000000084800000| Untracked 
|  73|0x0000000084900000, 0x0000000084a00000, 0x0000000084a00000|100%| O|  |TAMS 0x0000000084a00000, 0x0000000084900000| Untracked 
|  74|0x0000000084a00000, 0x0000000084b00000, 0x0000000084b00000|100%| O|  |TAMS 0x0000000084a00000, 0x0000000084a00000| Untracked 
|  75|0x0000000084b00000, 0x0000000084c00000, 0x0000000084c00000|100%| O|  |TAMS 0x0000000084c00000, 0x0000000084b00000| Untracked 
|  76|0x0000000084c00000, 0x0000000084d00000, 0x0000000084d00000|100%| O|  |TAMS 0x0000000084d00000, 0x0000000084c00000| Untracked 
|  77|0x0000000084d00000, 0x0000000084e00000, 0x0000000084e00000|100%| O|  |TAMS 0x0000000084d00000, 0x0000000084d00000| Untracked 
|  78|0x0000000084e00000, 0x0000000084f00000, 0x0000000084f00000|100%| O|  |TAMS 0x0000000084e00000, 0x0000000084e00000| Untracked 
|  79|0x0000000084f00000, 0x0000000085000000, 0x0000000085000000|100%| O|  |TAMS 0x0000000084f00000, 0x0000000084f00000| Untracked 
|  80|0x0000000085000000, 0x0000000085100000, 0x0000000085100000|100%| O|  |TAMS 0x0000000085100000, 0x0000000085000000| Untracked 
|  81|0x0000000085100000, 0x0000000085200000, 0x0000000085200000|100%| O|  |TAMS 0x0000000085100000, 0x0000000085100000| Untracked 
|  82|0x0000000085200000, 0x0000000085300000, 0x0000000085300000|100%| O|  |TAMS 0x0000000085200000, 0x0000000085200000| Untracked 
|  83|0x0000000085300000, 0x0000000085400000, 0x0000000085400000|100%| O|  |TAMS 0x0000000085300000, 0x0000000085300000| Untracked 
|  84|0x0000000085400000, 0x0000000085400000, 0x0000000085500000|  0%| F|  |TAMS 0x0000000085400000, 0x0000000085400000| Untracked 
|  85|0x0000000085500000, 0x0000000085600000, 0x0000000085600000|100%| O|  |TAMS 0x0000000085600000, 0x0000000085500000| Untracked 
|  86|0x0000000085600000, 0x0000000085700000, 0x0000000085700000|100%| O|  |TAMS 0x0000000085700000, 0x0000000085600000| Untracked 
|  87|0x0000000085700000, 0x0000000085800000, 0x0000000085800000|100%| O|  |TAMS 0x0000000085800000, 0x0000000085700000| Untracked 
|  88|0x0000000085800000, 0x0000000085800000, 0x0000000085900000|  0%| F|  |TAMS 0x0000000085800000, 0x0000000085800000| Untracked 
|  89|0x0000000085900000, 0x0000000085a00000, 0x0000000085a00000|100%| O|  |TAMS 0x000000008599e400, 0x0000000085900000| Untracked 
|  90|0x0000000085a00000, 0x0000000085b00000, 0x0000000085b00000|100%| O|  |TAMS 0x0000000085a00000, 0x0000000085a00000| Untracked 
|  91|0x0000000085b00000, 0x0000000085c00000, 0x0000000085c00000|100%| O|  |TAMS 0x0000000085b00000, 0x0000000085b00000| Untracked 
|  92|0x0000000085c00000, 0x0000000085d00000, 0x0000000085d00000|100%| O|  |TAMS 0x0000000085c00000, 0x0000000085c00000| Untracked 
|  93|0x0000000085d00000, 0x0000000085d00000, 0x0000000085e00000|  0%| F|  |TAMS 0x0000000085d00000, 0x0000000085d00000| Untracked 
|  94|0x0000000085e00000, 0x0000000085e00000, 0x0000000085f00000|  0%| F|  |TAMS 0x0000000085e00000, 0x0000000085e00000| Untracked 
|  95|0x0000000085f00000, 0x0000000085f00000, 0x0000000086000000|  0%| F|  |TAMS 0x0000000085f00000, 0x0000000085f00000| Untracked 
|  96|0x0000000086000000, 0x0000000086000000, 0x0000000086100000|  0%| F|  |TAMS 0x0000000086000000, 0x0000000086000000| Untracked 
|  97|0x0000000086100000, 0x0000000086100000, 0x0000000086200000|  0%| F|  |TAMS 0x0000000086100000, 0x0000000086100000| Untracked 
|  98|0x0000000086200000, 0x0000000086200000, 0x0000000086300000|  0%| F|  |TAMS 0x0000000086200000, 0x0000000086200000| Untracked 
|  99|0x0000000086300000, 0x0000000086300000, 0x0000000086400000|  0%| F|  |TAMS 0x0000000086300000, 0x0000000086300000| Untracked 
| 100|0x0000000086400000, 0x0000000086400000, 0x0000000086500000|  0%| F|  |TAMS 0x0000000086400000, 0x0000000086400000| Untracked 
| 101|0x0000000086500000, 0x0000000086500000, 0x0000000086600000|  0%| F|  |TAMS 0x0000000086500000, 0x0000000086500000| Untracked 
| 102|0x0000000086600000, 0x0000000086600000, 0x0000000086700000|  0%| F|  |TAMS 0x0000000086600000, 0x0000000086600000| Untracked 
| 103|0x0000000086700000, 0x0000000086800000, 0x0000000086800000|100%| S|CS|TAMS 0x0000000086700000, 0x0000000086700000| Complete 
| 104|0x0000000086800000, 0x0000000086900000, 0x0000000086900000|100%| S|CS|TAMS 0x0000000086800000, 0x0000000086800000| Complete 
| 105|0x0000000086900000, 0x0000000086a00000, 0x0000000086a00000|100%| S|CS|TAMS 0x0000000086900000, 0x0000000086900000| Complete 
| 106|0x0000000086a00000, 0x0000000086b00000, 0x0000000086b00000|100%| S|CS|TAMS 0x0000000086a00000, 0x0000000086a00000| Complete 
| 107|0x0000000086b00000, 0x0000000086c00000, 0x0000000086c00000|100%| S|CS|TAMS 0x0000000086b00000, 0x0000000086b00000| Complete 
| 108|0x0000000086c00000, 0x0000000086d00000, 0x0000000086d00000|100%| S|CS|TAMS 0x0000000086c00000, 0x0000000086c00000| Complete 
| 109|0x0000000086d00000, 0x0000000086e00000, 0x0000000086e00000|100%| S|CS|TAMS 0x0000000086d00000, 0x0000000086d00000| Complete 
| 110|0x0000000086e00000, 0x0000000086f00000, 0x0000000086f00000|100%| S|CS|TAMS 0x0000000086e00000, 0x0000000086e00000| Complete 
| 111|0x0000000086f00000, 0x0000000087000000, 0x0000000087000000|100%| S|CS|TAMS 0x0000000086f00000, 0x0000000086f00000| Complete 
| 112|0x0000000087000000, 0x0000000087000000, 0x0000000087100000|  0%| F|  |TAMS 0x0000000087000000, 0x0000000087000000| Untracked 
| 113|0x0000000087100000, 0x0000000087100000, 0x0000000087200000|  0%| F|  |TAMS 0x0000000087100000, 0x0000000087100000| Untracked 
| 114|0x0000000087200000, 0x0000000087200000, 0x0000000087300000|  0%| F|  |TAMS 0x0000000087200000, 0x0000000087200000| Untracked 
| 115|0x0000000087300000, 0x0000000087300000, 0x0000000087400000|  0%| F|  |TAMS 0x0000000087300000, 0x0000000087300000| Untracked 
| 116|0x0000000087400000, 0x0000000087400000, 0x0000000087500000|  0%| F|  |TAMS 0x0000000087400000, 0x0000000087400000| Untracked 
| 117|0x0000000087500000, 0x0000000087500000, 0x0000000087600000|  0%| F|  |TAMS 0x0000000087500000, 0x0000000087500000| Untracked 
| 118|0x0000000087600000, 0x0000000087600000, 0x0000000087700000|  0%| F|  |TAMS 0x0000000087600000, 0x0000000087600000| Untracked 
| 119|0x0000000087700000, 0x0000000087700000, 0x0000000087800000|  0%| F|  |TAMS 0x0000000087700000, 0x0000000087700000| Untracked 
| 120|0x0000000087800000, 0x0000000087800000, 0x0000000087900000|  0%| F|  |TAMS 0x0000000087800000, 0x0000000087800000| Untracked 
| 121|0x0000000087900000, 0x0000000087900000, 0x0000000087a00000|  0%| F|  |TAMS 0x0000000087900000, 0x0000000087900000| Untracked 
| 122|0x0000000087a00000, 0x0000000087a00000, 0x0000000087b00000|  0%| F|  |TAMS 0x0000000087a00000, 0x0000000087a00000| Untracked 
| 123|0x0000000087b00000, 0x0000000087b00000, 0x0000000087c00000|  0%| F|  |TAMS 0x0000000087b00000, 0x0000000087b00000| Untracked 
| 124|0x0000000087c00000, 0x0000000087c00000, 0x0000000087d00000|  0%| F|  |TAMS 0x0000000087c00000, 0x0000000087c00000| Untracked 
| 125|0x0000000087d00000, 0x0000000087d00000, 0x0000000087e00000|  0%| F|  |TAMS 0x0000000087d00000, 0x0000000087d00000| Untracked 
| 126|0x0000000087e00000, 0x0000000087e00000, 0x0000000087f00000|  0%| F|  |TAMS 0x0000000087e00000, 0x0000000087e00000| Untracked 
| 127|0x0000000087f00000, 0x0000000087f00000, 0x0000000088000000|  0%| F|  |TAMS 0x0000000087f00000, 0x0000000087f00000| Untracked 
| 128|0x0000000088000000, 0x0000000088000000, 0x0000000088100000|  0%| F|  |TAMS 0x0000000088000000, 0x0000000088000000| Untracked 
| 129|0x0000000088100000, 0x0000000088100000, 0x0000000088200000|  0%| F|  |TAMS 0x0000000088100000, 0x0000000088100000| Untracked 
| 130|0x0000000088200000, 0x0000000088200000, 0x0000000088300000|  0%| F|  |TAMS 0x0000000088200000, 0x0000000088200000| Untracked 
| 131|0x0000000088300000, 0x0000000088300000, 0x0000000088400000|  0%| F|  |TAMS 0x0000000088300000, 0x0000000088300000| Untracked 
| 132|0x0000000088400000, 0x0000000088400000, 0x0000000088500000|  0%| F|  |TAMS 0x0000000088400000, 0x0000000088400000| Untracked 
| 133|0x0000000088500000, 0x0000000088500000, 0x0000000088600000|  0%| F|  |TAMS 0x0000000088500000, 0x0000000088500000| Untracked 
| 134|0x0000000088600000, 0x0000000088600000, 0x0000000088700000|  0%| F|  |TAMS 0x0000000088600000, 0x0000000088600000| Untracked 
| 135|0x0000000088700000, 0x0000000088700000, 0x0000000088800000|  0%| F|  |TAMS 0x0000000088700000, 0x0000000088700000| Untracked 
| 136|0x0000000088800000, 0x0000000088800000, 0x0000000088900000|  0%| F|  |TAMS 0x0000000088800000, 0x0000000088800000| Untracked 
| 137|0x0000000088900000, 0x0000000088900000, 0x0000000088a00000|  0%| F|  |TAMS 0x0000000088900000, 0x0000000088900000| Untracked 
| 138|0x0000000088a00000, 0x0000000088a00000, 0x0000000088b00000|  0%| F|  |TAMS 0x0000000088a00000, 0x0000000088a00000| Untracked 
| 139|0x0000000088b00000, 0x0000000088b00000, 0x0000000088c00000|  0%| F|  |TAMS 0x0000000088b00000, 0x0000000088b00000| Untracked 
| 140|0x0000000088c00000, 0x0000000088c00000, 0x0000000088d00000|  0%| F|  |TAMS 0x0000000088c00000, 0x0000000088c00000| Untracked 
| 141|0x0000000088d00000, 0x0000000088d00000, 0x0000000088e00000|  0%| F|  |TAMS 0x0000000088d00000, 0x0000000088d00000| Untracked 
| 142|0x0000000088e00000, 0x0000000088e00000, 0x0000000088f00000|  0%| F|  |TAMS 0x0000000088e00000, 0x0000000088e00000| Untracked 
| 143|0x0000000088f00000, 0x0000000088f00000, 0x0000000089000000|  0%| F|  |TAMS 0x0000000088f00000, 0x0000000088f00000| Untracked 
| 144|0x0000000089000000, 0x0000000089000000, 0x0000000089100000|  0%| F|  |TAMS 0x0000000089000000, 0x0000000089000000| Untracked 
| 145|0x0000000089100000, 0x0000000089100000, 0x0000000089200000|  0%| F|  |TAMS 0x0000000089100000, 0x0000000089100000| Untracked 
| 146|0x0000000089200000, 0x0000000089200000, 0x0000000089300000|  0%| F|  |TAMS 0x0000000089200000, 0x0000000089200000| Untracked 
| 147|0x0000000089300000, 0x0000000089300000, 0x0000000089400000|  0%| F|  |TAMS 0x0000000089300000, 0x0000000089300000| Untracked 
| 148|0x0000000089400000, 0x0000000089400000, 0x0000000089500000|  0%| F|  |TAMS 0x0000000089400000, 0x0000000089400000| Untracked 
| 149|0x0000000089500000, 0x0000000089500000, 0x0000000089600000|  0%| F|  |TAMS 0x0000000089500000, 0x0000000089500000| Untracked 
| 150|0x0000000089600000, 0x0000000089600000, 0x0000000089700000|  0%| F|  |TAMS 0x0000000089600000, 0x0000000089600000| Untracked 
| 151|0x0000000089700000, 0x0000000089700000, 0x0000000089800000|  0%| F|  |TAMS 0x0000000089700000, 0x0000000089700000| Untracked 
| 152|0x0000000089800000, 0x0000000089800000, 0x0000000089900000|  0%| F|  |TAMS 0x0000000089800000, 0x0000000089800000| Untracked 
| 153|0x0000000089900000, 0x0000000089900000, 0x0000000089a00000|  0%| F|  |TAMS 0x0000000089900000, 0x0000000089900000| Untracked 
| 154|0x0000000089a00000, 0x0000000089a00000, 0x0000000089b00000|  0%| F|  |TAMS 0x0000000089a00000, 0x0000000089a00000| Untracked 
| 155|0x0000000089b00000, 0x0000000089b00000, 0x0000000089c00000|  0%| F|  |TAMS 0x0000000089b00000, 0x0000000089b00000| Untracked 
| 156|0x0000000089c00000, 0x0000000089c00000, 0x0000000089d00000|  0%| F|  |TAMS 0x0000000089c00000, 0x0000000089c00000| Untracked 
| 157|0x0000000089d00000, 0x0000000089d00000, 0x0000000089e00000|  0%| F|  |TAMS 0x0000000089d00000, 0x0000000089d00000| Untracked 
| 158|0x0000000089e00000, 0x0000000089e00000, 0x0000000089f00000|  0%| F|  |TAMS 0x0000000089e00000, 0x0000000089e00000| Untracked 
| 159|0x0000000089f00000, 0x0000000089f00000, 0x000000008a000000|  0%| F|  |TAMS 0x0000000089f00000, 0x0000000089f00000| Untracked 
| 160|0x000000008a000000, 0x000000008a000000, 0x000000008a100000|  0%| F|  |TAMS 0x000000008a000000, 0x000000008a000000| Untracked 
| 161|0x000000008a100000, 0x000000008a100000, 0x000000008a200000|  0%| F|  |TAMS 0x000000008a100000, 0x000000008a100000| Untracked 
| 162|0x000000008a200000, 0x000000008a200000, 0x000000008a300000|  0%| F|  |TAMS 0x000000008a200000, 0x000000008a200000| Untracked 
| 163|0x000000008a300000, 0x000000008a300000, 0x000000008a400000|  0%| F|  |TAMS 0x000000008a300000, 0x000000008a300000| Untracked 
| 164|0x000000008a400000, 0x000000008a400000, 0x000000008a500000|  0%| F|  |TAMS 0x000000008a400000, 0x000000008a400000| Untracked 
| 165|0x000000008a500000, 0x000000008a500000, 0x000000008a600000|  0%| F|  |TAMS 0x000000008a500000, 0x000000008a500000| Untracked 
| 166|0x000000008a600000, 0x000000008a600000, 0x000000008a700000|  0%| F|  |TAMS 0x000000008a600000, 0x000000008a600000| Untracked 
| 167|0x000000008a700000, 0x000000008a700000, 0x000000008a800000|  0%| F|  |TAMS 0x000000008a700000, 0x000000008a700000| Untracked 
| 168|0x000000008a800000, 0x000000008a800000, 0x000000008a900000|  0%| F|  |TAMS 0x000000008a800000, 0x000000008a800000| Untracked 
| 169|0x000000008a900000, 0x000000008a900000, 0x000000008aa00000|  0%| F|  |TAMS 0x000000008a900000, 0x000000008a900000| Untracked 
| 170|0x000000008aa00000, 0x000000008aa00000, 0x000000008ab00000|  0%| F|  |TAMS 0x000000008aa00000, 0x000000008aa00000| Untracked 
| 171|0x000000008ab00000, 0x000000008ab00000, 0x000000008ac00000|  0%| F|  |TAMS 0x000000008ab00000, 0x000000008ab00000| Untracked 
| 172|0x000000008ac00000, 0x000000008ac00000, 0x000000008ad00000|  0%| F|  |TAMS 0x000000008ac00000, 0x000000008ac00000| Untracked 
| 173|0x000000008ad00000, 0x000000008ad00000, 0x000000008ae00000|  0%| F|  |TAMS 0x000000008ad00000, 0x000000008ad00000| Untracked 
| 174|0x000000008ae00000, 0x000000008ae00000, 0x000000008af00000|  0%| F|  |TAMS 0x000000008ae00000, 0x000000008ae00000| Untracked 
| 175|0x000000008af00000, 0x000000008af00000, 0x000000008b000000|  0%| F|  |TAMS 0x000000008af00000, 0x000000008af00000| Untracked 
| 176|0x000000008b000000, 0x000000008b000000, 0x000000008b100000|  0%| F|  |TAMS 0x000000008b000000, 0x000000008b000000| Untracked 
| 177|0x000000008b100000, 0x000000008b100000, 0x000000008b200000|  0%| F|  |TAMS 0x000000008b100000, 0x000000008b100000| Untracked 
| 178|0x000000008b200000, 0x000000008b200000, 0x000000008b300000|  0%| F|  |TAMS 0x000000008b200000, 0x000000008b200000| Untracked 
| 179|0x000000008b300000, 0x000000008b300000, 0x000000008b400000|  0%| F|  |TAMS 0x000000008b300000, 0x000000008b300000| Untracked 
| 180|0x000000008b400000, 0x000000008b400000, 0x000000008b500000|  0%| F|  |TAMS 0x000000008b400000, 0x000000008b400000| Untracked 
| 181|0x000000008b500000, 0x000000008b500000, 0x000000008b600000|  0%| F|  |TAMS 0x000000008b500000, 0x000000008b500000| Untracked 
| 182|0x000000008b600000, 0x000000008b600000, 0x000000008b700000|  0%| F|  |TAMS 0x000000008b600000, 0x000000008b600000| Untracked 
| 183|0x000000008b700000, 0x000000008b700000, 0x000000008b800000|  0%| F|  |TAMS 0x000000008b700000, 0x000000008b700000| Untracked 
| 184|0x000000008b800000, 0x000000008b800000, 0x000000008b900000|  0%| F|  |TAMS 0x000000008b800000, 0x000000008b800000| Untracked 
| 185|0x000000008b900000, 0x000000008b900000, 0x000000008ba00000|  0%| F|  |TAMS 0x000000008b900000, 0x000000008b900000| Untracked 
| 186|0x000000008ba00000, 0x000000008ba00000, 0x000000008bb00000|  0%| F|  |TAMS 0x000000008ba00000, 0x000000008ba00000| Untracked 
| 187|0x000000008bb00000, 0x000000008bb00000, 0x000000008bc00000|  0%| F|  |TAMS 0x000000008bb00000, 0x000000008bb00000| Untracked 
| 188|0x000000008bc00000, 0x000000008bc00000, 0x000000008bd00000|  0%| F|  |TAMS 0x000000008bc00000, 0x000000008bc00000| Untracked 
| 189|0x000000008bd00000, 0x000000008bd00000, 0x000000008be00000|  0%| F|  |TAMS 0x000000008bd00000, 0x000000008bd00000| Untracked 
| 190|0x000000008be00000, 0x000000008be00000, 0x000000008bf00000|  0%| F|  |TAMS 0x000000008be00000, 0x000000008be00000| Untracked 
| 191|0x000000008bf00000, 0x000000008bf00000, 0x000000008c000000|  0%| F|  |TAMS 0x000000008bf00000, 0x000000008bf00000| Untracked 
|2043|0x00000000ffb00000, 0x00000000ffc00000, 0x00000000ffc00000|100%| O|  |TAMS 0x00000000ffc00000, 0x00000000ffb00000| Untracked 
|2044|0x00000000ffc00000, 0x00000000ffd00000, 0x00000000ffd00000|100%| O|  |TAMS 0x00000000ffd00000, 0x00000000ffc00000| Untracked 
|2045|0x00000000ffd00000, 0x00000000ffe00000, 0x00000000ffe00000|100%| O|  |TAMS 0x00000000ffe00000, 0x00000000ffd00000| Untracked 
|2046|0x00000000ffe00000, 0x00000000fff00000, 0x00000000fff00000|100%| O|  |TAMS 0x00000000fff00000, 0x00000000ffe00000| Untracked 
|2047|0x00000000fff00000, 0x0000000100000000, 0x0000000100000000|100%| O|  |TAMS 0x0000000100000000, 0x00000000fff00000| Untracked 

Card table byte_map: [0x0000021c74110000,0x0000021c74510000] _byte_map_base: 0x0000021c73d10000

Marking Bits (Prev, Next): (CMBitMap*) 0x0000021c5d4b6170, (CMBitMap*) 0x0000021c5d4b61b0
 Prev Bits: [0x0000021c74910000, 0x0000021c76910000)
 Next Bits: [0x0000021c76910000, 0x0000021c78910000)

Polling page: 0x0000021c5b2b0000

Metaspace:

Usage:
  Non-class:     92.17 MB used.
      Class:     13.57 MB used.
       Both:    105.75 MB used.

Virtual space:
  Non-class space:      128.00 MB reserved,      92.50 MB ( 72%) committed,  2 nodes.
      Class space:        1.00 GB reserved,      13.88 MB (  1%) committed,  1 nodes.
             Both:        1.12 GB reserved,     106.38 MB (  9%) committed. 

Chunk freelists:
   Non-Class:  2.56 MB
       Class:  2.16 MB
        Both:  4.72 MB

MaxMetaspaceSize: unlimited
CompressedClassSpaceSize: 1.00 GB
Initial GC threshold: 21.00 MB
Current GC threshold: 177.12 MB
CDS: on
MetaspaceReclaimPolicy: balanced
 - commit_granule_bytes: 65536.
 - commit_granule_words: 8192.
 - virtual_space_node_default_size: 8388608.
 - enlarge_chunks_in_place: 1.
 - new_chunks_are_fully_committed: 0.
 - uncommit_free_chunks: 1.
 - use_allocation_guard: 0.
 - handle_deallocations: 1.


Internal statistics:

num_allocs_failed_limit: 15.
num_arena_births: 766.
num_arena_deaths: 0.
num_vsnodes_births: 3.
num_vsnodes_deaths: 0.
num_space_committed: 1700.
num_space_uncommitted: 0.
num_chunks_returned_to_freelist: 15.
num_chunks_taken_from_freelist: 4670.
num_chunk_merges: 15.
num_chunk_splits: 3646.
num_chunks_enlarged: 3006.
num_inconsistent_stats: 0.

CodeHeap 'non-profiled nmethods': size=120000Kb used=6327Kb max_used=6327Kb free=113672Kb
 bounds [0x0000021c6c7e0000, 0x0000021c6ce10000, 0x0000021c73d10000]
CodeHeap 'profiled nmethods': size=120000Kb used=24961Kb max_used=24961Kb free=95038Kb
 bounds [0x0000021c64d10000, 0x0000021c66580000, 0x0000021c6c240000]
CodeHeap 'non-nmethods': size=5760Kb used=1826Kb max_used=1885Kb free=3933Kb
 bounds [0x0000021c6c240000, 0x0000021c6c4b0000, 0x0000021c6c7e0000]
 total_blobs=12810 nmethods=11872 adapters=846
 compilation: enabled
              stopped_count=0, restarted_count=0
 full_count=0

Compilation events (20 events):
Event: 42.951 Thread 0x0000021c7ae2cb40 13223   !   3       org.jetbrains.kotlin.metadata.jvm.deserialization.ModuleMapping$Companion::readVersionNumber (68 bytes)
Event: 42.952 Thread 0x0000021c7ae2cb40 nmethod 13223 0x0000021c6656bc10 code [0x0000021c6656be60, 0x0000021c6656c6f8]
Event: 42.952 Thread 0x0000021c7ae2cb40 13222       3       org.jetbrains.kotlin.metadata.jvm.deserialization.ModuleMapping::<init> (26 bytes)
Event: 42.952 Thread 0x0000021c7ae2cb40 nmethod 13222 0x0000021c6656cb10 code [0x0000021c6656ccc0, 0x0000021c6656cf98]
Event: 42.953 Thread 0x0000021c7ae2cb40 13224       3       org.jetbrains.kotlin.com.intellij.openapi.vfs.impl.jar.CoreJarVirtualFile::getFileSystem (16 bytes)
Event: 42.953 Thread 0x0000021c7ae2cb40 nmethod 13224 0x0000021c6656d090 code [0x0000021c6656d240, 0x0000021c6656d498]
Event: 42.953 Thread 0x0000021c7ae2cb40 13225       3       org.jetbrains.kotlin.com.intellij.openapi.vfs.impl.jar.CoreJarHandler::getFileSystem (14 bytes)
Event: 42.954 Thread 0x0000021c7ae2cb40 nmethod 13225 0x0000021c6656d590 code [0x0000021c6656d740, 0x0000021c6656d8c8]
Event: 42.955 Thread 0x0000021c7ae2cb40 13226       3       org.jetbrains.kotlin.metadata.jvm.deserialization.BinaryModuleData::<init> (38 bytes)
Event: 42.956 Thread 0x0000021c7ae2cb40 nmethod 13226 0x0000021c6656d990 code [0x0000021c6656dca0, 0x0000021c6656ed38]
Event: 42.956 Thread 0x0000021c7ae2cb40 13227       3       org.jetbrains.kotlin.metadata.jvm.deserialization.ModuleMapping::<init> (10 bytes)
Event: 42.957 Thread 0x0000021c7ae2cb40 nmethod 13227 0x0000021c6656f290 code [0x0000021c6656f440, 0x0000021c6656f778]
Event: 42.958 Thread 0x0000021c7ae2cb40 13228       3       org.jetbrains.kotlin.metadata.ProtoBuf$QualifiedNameTable::initFields (8 bytes)
Event: 42.958 Thread 0x0000021c7ae2cb40 nmethod 13228 0x0000021c6656f890 code [0x0000021c6656fa40, 0x0000021c6656fc18]
Event: 42.958 Thread 0x0000021c7ae2cb40 13229       3       org.jetbrains.kotlin.metadata.ProtoBuf$StringTable$1::parsePartialFrom (7 bytes)
Event: 42.958 Thread 0x0000021c7ae2cb40 nmethod 13229 0x0000021c6656fd10 code [0x0000021c6656fea0, 0x0000021c6656ffe8]
Event: 42.958 Thread 0x0000021c7ae2cb40 13230       3       org.jetbrains.kotlin.metadata.ProtoBuf$StringTable$1::parsePartialFrom (11 bytes)
Event: 42.959 Thread 0x0000021c7ae2cb40 nmethod 13230 0x0000021c66570090 code [0x0000021c66570240, 0x0000021c66570448]
Event: 42.966 Thread 0x0000021c42775020 nmethod 13186 0x0000021c6ce0cb90 code [0x0000021c6ce0cd80, 0x0000021c6ce0d750]
Event: 42.967 Thread 0x0000021c42775020 13217   !   4       org.jetbrains.kotlin.metadata.ProtoBuf$Annotation::<init> (344 bytes)

GC Heap History (20 events):
Event: 31.910 GC heap after
{Heap after GC invocations=27 (full 0):
 garbage-first heap   total 159744K, used 82298K [0x0000000080000000, 0x0000000100000000)
  region size 1024K, 8 young (8192K), 8 survivors (8192K)
 Metaspace       used 96610K, committed 97216K, reserved 1179648K
  class space    used 12383K, committed 12672K, reserved 1048576K
}
Event: 34.100 GC heap before
{Heap before GC invocations=27 (full 0):
 garbage-first heap   total 159744K, used 131450K [0x0000000080000000, 0x0000000100000000)
  region size 1024K, 56 young (57344K), 8 survivors (8192K)
 Metaspace       used 101424K, committed 102080K, reserved 1179648K
  class space    used 13052K, committed 13376K, reserved 1048576K
}
Event: 34.121 GC heap after
{Heap after GC invocations=28 (full 0):
 garbage-first heap   total 159744K, used 86995K [0x0000000080000000, 0x0000000100000000)
  region size 1024K, 5 young (5120K), 5 survivors (5120K)
 Metaspace       used 101424K, committed 102080K, reserved 1179648K
  class space    used 13052K, committed 13376K, reserved 1048576K
}
Event: 35.254 GC heap before
{Heap before GC invocations=29 (full 0):
 garbage-first heap   total 159744K, used 131027K [0x0000000080000000, 0x0000000100000000)
  region size 1024K, 48 young (49152K), 5 survivors (5120K)
 Metaspace       used 103602K, committed 104256K, reserved 1179648K
  class space    used 13421K, committed 13760K, reserved 1048576K
}
Event: 35.270 GC heap after
{Heap after GC invocations=30 (full 0):
 garbage-first heap   total 159744K, used 91567K [0x0000000080000000, 0x0000000100000000)
  region size 1024K, 6 young (6144K), 6 survivors (6144K)
 Metaspace       used 103602K, committed 104256K, reserved 1179648K
  class space    used 13421K, committed 13760K, reserved 1048576K
}
Event: 35.272 GC heap before
{Heap before GC invocations=30 (full 0):
 garbage-first heap   total 159744K, used 92591K [0x0000000080000000, 0x0000000100000000)
  region size 1024K, 7 young (7168K), 6 survivors (6144K)
 Metaspace       used 103602K, committed 104256K, reserved 1179648K
  class space    used 13421K, committed 13760K, reserved 1048576K
}
Event: 35.284 GC heap after
{Heap after GC invocations=31 (full 0):
 garbage-first heap   total 192512K, used 88064K [0x0000000080000000, 0x0000000100000000)
  region size 1024K, 1 young (1024K), 1 survivors (1024K)
 Metaspace       used 103602K, committed 104256K, reserved 1179648K
  class space    used 13421K, committed 13760K, reserved 1048576K
}
Event: 37.119 GC heap before
{Heap before GC invocations=31 (full 0):
 garbage-first heap   total 192512K, used 154624K [0x0000000080000000, 0x0000000100000000)
  region size 1024K, 66 young (67584K), 1 survivors (1024K)
 Metaspace       used 105792K, committed 106432K, reserved 1179648K
  class space    used 13641K, committed 13952K, reserved 1048576K
}
Event: 37.132 GC heap after
{Heap after GC invocations=32 (full 0):
 garbage-first heap   total 192512K, used 92550K [0x0000000080000000, 0x0000000100000000)
  region size 1024K, 6 young (6144K), 6 survivors (6144K)
 Metaspace       used 105792K, committed 106432K, reserved 1179648K
  class space    used 13641K, committed 13952K, reserved 1048576K
}
Event: 39.512 GC heap before
{Heap before GC invocations=33 (full 0):
 garbage-first heap   total 192512K, used 150918K [0x0000000080000000, 0x0000000100000000)
  region size 1024K, 67 young (68608K), 6 survivors (6144K)
 Metaspace       used 107686K, committed 108352K, reserved 1179648K
  class space    used 13852K, committed 14144K, reserved 1048576K
}
Event: 39.535 GC heap after
{Heap after GC invocations=34 (full 0):
 garbage-first heap   total 192512K, used 96390K [0x0000000080000000, 0x0000000100000000)
  region size 1024K, 8 young (8192K), 8 survivors (8192K)
 Metaspace       used 107686K, committed 108352K, reserved 1179648K
  class space    used 13852K, committed 14144K, reserved 1048576K
}
Event: 39.547 GC heap before
{Heap before GC invocations=34 (full 0):
 garbage-first heap   total 192512K, used 97414K [0x0000000080000000, 0x0000000100000000)
  region size 1024K, 9 young (9216K), 8 survivors (8192K)
 Metaspace       used 107686K, committed 108352K, reserved 1179648K
  class space    used 13852K, committed 14144K, reserved 1048576K
}
Event: 39.560 GC heap after
{Heap after GC invocations=35 (full 0):
 garbage-first heap   total 192512K, used 93134K [0x0000000080000000, 0x0000000100000000)
  region size 1024K, 2 young (2048K), 2 survivors (2048K)
 Metaspace       used 107686K, committed 108352K, reserved 1179648K
  class space    used 13852K, committed 14144K, reserved 1048576K
}
Event: 41.122 GC heap before
{Heap before GC invocations=35 (full 0):
 garbage-first heap   total 192512K, used 152526K [0x0000000080000000, 0x0000000100000000)
  region size 1024K, 60 young (61440K), 2 survivors (2048K)
 Metaspace       used 108076K, committed 108800K, reserved 1179648K
  class space    used 13878K, committed 14208K, reserved 1048576K
}
Event: 41.131 GC heap after
{Heap after GC invocations=36 (full 0):
 garbage-first heap   total 192512K, used 95619K [0x0000000080000000, 0x0000000100000000)
  region size 1024K, 4 young (4096K), 4 survivors (4096K)
 Metaspace       used 108076K, committed 108800K, reserved 1179648K
  class space    used 13878K, committed 14208K, reserved 1048576K
}
Event: 42.089 GC heap before
{Heap before GC invocations=37 (full 0):
 garbage-first heap   total 192512K, used 153987K [0x0000000080000000, 0x0000000100000000)
  region size 1024K, 62 young (63488K), 4 survivors (4096K)
 Metaspace       used 108090K, committed 108800K, reserved 1179648K
  class space    used 13879K, committed 14208K, reserved 1048576K
}
Event: 42.098 GC heap after
{Heap after GC invocations=38 (full 0):
 garbage-first heap   total 192512K, used 96889K [0x0000000080000000, 0x0000000100000000)
  region size 1024K, 5 young (5120K), 5 survivors (5120K)
 Metaspace       used 108090K, committed 108800K, reserved 1179648K
  class space    used 13879K, committed 14208K, reserved 1048576K
}
Event: 42.147 GC heap before
{Heap before GC invocations=38 (full 0):
 garbage-first heap   total 192512K, used 99961K [0x0000000080000000, 0x0000000100000000)
  region size 1024K, 9 young (9216K), 5 survivors (5120K)
 Metaspace       used 108090K, committed 108800K, reserved 1179648K
  class space    used 13879K, committed 14208K, reserved 1048576K
}
Event: 42.165 GC heap after
{Heap after GC invocations=39 (full 0):
 garbage-first heap   total 192512K, used 84126K [0x0000000080000000, 0x0000000100000000)
  region size 1024K, 2 young (2048K), 2 survivors (2048K)
 Metaspace       used 108090K, committed 108800K, reserved 1179648K
  class space    used 13879K, committed 14208K, reserved 1048576K
}
Event: 42.970 GC heap before
{Heap before GC invocations=39 (full 0):
 garbage-first heap   total 192512K, used 160926K [0x0000000080000000, 0x0000000100000000)
  region size 1024K, 71 young (72704K), 2 survivors (2048K)
 Metaspace       used 108283K, committed 108928K, reserved 1179648K
  class space    used 13899K, committed 14208K, reserved 1048576K
}

Deoptimization events (20 events):
Event: 42.762 Thread 0x0000021c4229f5f0 DEOPT PACKING pc=0x0000021c6653e29d sp=0x000000a977bf5630
Event: 42.762 Thread 0x0000021c4229f5f0 DEOPT UNPACKING pc=0x0000021c6c292b43 sp=0x000000a977bf4b80 mode 0
Event: 42.778 Thread 0x0000021c4229f5f0 DEOPT PACKING pc=0x0000021c655a6b42 sp=0x000000a977bf5850
Event: 42.778 Thread 0x0000021c4229f5f0 DEOPT UNPACKING pc=0x0000021c6c292b43 sp=0x000000a977bf4da0 mode 0
Event: 42.791 Thread 0x0000021c4229f5f0 DEOPT PACKING pc=0x0000021c66537f88 sp=0x000000a977bf4ef0
Event: 42.791 Thread 0x0000021c4229f5f0 DEOPT UNPACKING pc=0x0000021c6c292b43 sp=0x000000a977bf4460 mode 0
Event: 42.801 Thread 0x0000021c4229f5f0 DEOPT PACKING pc=0x0000021c6653e29d sp=0x000000a977bf5630
Event: 42.801 Thread 0x0000021c4229f5f0 DEOPT UNPACKING pc=0x0000021c6c292b43 sp=0x000000a977bf4b80 mode 0
Event: 42.808 Thread 0x0000021c4229f5f0 DEOPT PACKING pc=0x0000021c655a6b42 sp=0x000000a977bf5850
Event: 42.808 Thread 0x0000021c4229f5f0 DEOPT UNPACKING pc=0x0000021c6c292b43 sp=0x000000a977bf4da0 mode 0
Event: 42.875 Thread 0x0000021c4229f5f0 DEOPT PACKING pc=0x0000021c66537f88 sp=0x000000a977bf4e60
Event: 42.875 Thread 0x0000021c4229f5f0 DEOPT UNPACKING pc=0x0000021c6c292b43 sp=0x000000a977bf43d0 mode 0
Event: 42.881 Thread 0x0000021c4229f5f0 DEOPT PACKING pc=0x0000021c6653e29d sp=0x000000a977bf55a0
Event: 42.881 Thread 0x0000021c4229f5f0 DEOPT UNPACKING pc=0x0000021c6c292b43 sp=0x000000a977bf4af0 mode 0
Event: 42.883 Thread 0x0000021c4229f5f0 DEOPT PACKING pc=0x0000021c655a6b42 sp=0x000000a977bf5830
Event: 42.883 Thread 0x0000021c4229f5f0 DEOPT UNPACKING pc=0x0000021c6c292b43 sp=0x000000a977bf4d80 mode 0
Event: 42.889 Thread 0x0000021c4229f5f0 Uncommon trap: trap_request=0xffffffe4 fr.pc=0x0000021c6ce00de0 relative=0x0000000000000be0
Event: 42.889 Thread 0x0000021c4229f5f0 Uncommon trap: reason=range_check action=make_not_entrant pc=0x0000021c6ce00de0 method=java.util.zip.ZipUtils.get16([BI)I @ 11 c2
Event: 42.889 Thread 0x0000021c4229f5f0 DEOPT PACKING pc=0x0000021c6ce00de0 sp=0x000000a977bf53f0
Event: 42.889 Thread 0x0000021c4229f5f0 DEOPT UNPACKING pc=0x0000021c6c2923a3 sp=0x000000a977bf5320 mode 2

Classes unloaded (0 events):
No events

Classes redefined (0 events):
No events

Internal exceptions (20 events):
Event: 36.437 Thread 0x0000021c4229f5f0 Exception <a 'sun/nio/fs/WindowsException'{0x0000000087f03520}> (0x0000000087f03520) 
thrown [s\open\src\hotspot\share\prims\jni.cpp, line 516]
Event: 36.440 Thread 0x0000021c4229f5f0 Exception <a 'sun/nio/fs/WindowsException'{0x0000000087f0c1f8}> (0x0000000087f0c1f8) 
thrown [s\open\src\hotspot\share\prims\jni.cpp, line 516]
Event: 36.451 Thread 0x0000021c4229f5f0 Exception <a 'sun/nio/fs/WindowsException'{0x0000000087f152a8}> (0x0000000087f152a8) 
thrown [s\open\src\hotspot\share\prims\jni.cpp, line 516]
Event: 36.640 Thread 0x0000021c4229f5f0 Exception <a 'java/lang/NoSuchMethodError'{0x0000000087b30ea8}: static Lorg/gradle/api/internal/catalog/DefaultVersionCatalog;.<clinit>()V> (0x0000000087b30ea8) 
thrown [s\open\src\hotspot\share\prims\jni.cpp, line 1107]
Event: 36.656 Thread 0x0000021c4229f5f0 Exception <a 'java/lang/NoSuchMethodError'{0x0000000087b835a0}: static [Ljava/lang/Object;.<clinit>()V> (0x0000000087b835a0) 
thrown [s\open\src\hotspot\share\prims\jni.cpp, line 1107]
Event: 36.664 Thread 0x0000021c4229f5f0 Exception <a 'java/lang/NoSuchMethodError'{0x0000000087bbb760}: static Lorg/gradle/api/internal/catalog/DependencyModel;.<clinit>()V> (0x0000000087bbb760) 
thrown [s\open\src\hotspot\share\prims\jni.cpp, line 1107]
Event: 36.664 Thread 0x0000021c4229f5f0 Exception <a 'java/lang/NoSuchMethodError'{0x0000000087bbef90}: static Lorg/gradle/api/internal/catalog/AbstractContextAwareModel;.<clinit>()V> (0x0000000087bbef90) 
thrown [s\open\src\hotspot\share\prims\jni.cpp, line 1107]
Event: 36.666 Thread 0x0000021c4229f5f0 Exception <a 'java/lang/NoSuchMethodError'{0x0000000087bd87e0}: static Lorg/gradle/api/internal/artifacts/dependencies/AbstractVersionConstraint;.<clinit>()V> (0x0000000087bd87e0) 
thrown [s\open\src\hotspot\share\prims\jni.cpp, line 1107]
Event: 36.675 Thread 0x0000021c4229f5f0 Exception <a 'java/lang/NoSuchMethodError'{0x0000000087a36f18}: static Lorg/gradle/api/internal/catalog/PluginModel;.<clinit>()V> (0x0000000087a36f18) 
thrown [s\open\src\hotspot\share\prims\jni.cpp, line 1107]
Event: 36.677 Thread 0x0000021c4229f5f0 Exception <a 'java/lang/NoSuchMethodError'{0x0000000087a4e718}: static Lorg/gradle/api/internal/catalog/VersionModel;.<clinit>()V> (0x0000000087a4e718) 
thrown [s\open\src\hotspot\share\prims\jni.cpp, line 1107]
Event: 36.682 Thread 0x0000021c4229f5f0 Exception <a 'java/lang/NoSuchMethodError'{0x0000000087a76628}: 'void java.lang.invoke.DirectMethodHandle$Holder.invokeSpecial(java.lang.Object, java.lang.Object, java.lang.Object, int)'> (0x0000000087a76628) 
thrown [s\open\src\hotspot\share\interpreter\linkResolver.cpp, line 759]
Event: 37.093 Thread 0x0000021c4229f5f0 Exception <a 'java/lang/NoSuchMethodError'{0x000000008753bf18}: 'int java.lang.invoke.DirectMethodHandle$Holder.invokeSpecialIFC(java.lang.Object, java.lang.Object, java.lang.Object)'> (0x000000008753bf18) 
thrown [s\open\src\hotspot\share\interpreter\linkResolver.cpp, line 759]
Event: 37.271 Thread 0x0000021c4229f5f0 Exception <a 'java/lang/NoSuchMethodError'{0x000000008b32dc00}: 'java.lang.Object java.lang.invoke.DirectMethodHandle$Holder.invokeSpecial(java.lang.Object, java.lang.Object, java.lang.Object, java.lang.Object, java.lang.Object, long)'> (0x000000008b32dc00) 
thrown [s\open\src\hotspot\share\interpreter\linkResolver.cpp, line 759]
Event: 37.276 Thread 0x0000021c4229f5f0 Exception <a 'java/lang/NoSuchMethodError'{0x000000008b350040}: 'void java.lang.invoke.DirectMethodHandle$Holder.invokeStatic(java.lang.Object, java.lang.Object, java.lang.Object, int, java.lang.Object)'> (0x000000008b350040) 
thrown [s\open\src\hotspot\share\interpreter\linkResolver.cpp, line 759]
Event: 38.540 Thread 0x0000021c4229f5f0 Exception <a 'java/lang/NoSuchMethodError'{0x0000000089e6dcd0}: 'java.lang.Object java.lang.invoke.DirectMethodHandle$Holder.newInvokeSpecial(java.lang.Object, java.lang.Object, java.lang.Object, java.lang.Object, int, java.lang.Object)'> (0x0000000089e6dcd0) 
thrown [s\open\src\hotspot\share\interpreter\linkResolver.cpp, line 759]
Event: 38.542 Thread 0x0000021c4229f5f0 Exception <a 'java/lang/NoSuchMethodError'{0x0000000089e76ad0}: 'java.lang.Object java.lang.invoke.Invokers$Holder.linkToTargetMethod(java.lang.Object, java.lang.Object, java.lang.Object, int, java.lang.Object, java.lang.Object)'> (0x0000000089e76ad0) 
thrown [s\open\src\hotspot\share\interpreter\linkResolver.cpp, line 759]
Event: 39.754 Thread 0x0000021c4229f5f0 Exception <a 'java/lang/NoSuchMethodError'{0x000000008b0eab80}: 'java.lang.Object java.lang.invoke.DirectMethodHandle$Holder.invokeSpecialIFC(java.lang.Object, java.lang.Object, java.lang.Object)'> (0x000000008b0eab80) 
thrown [s\open\src\hotspot\share\interpreter\linkResolver.cpp, line 759]
Event: 42.475 Thread 0x0000021c4229f5f0 Exception <a 'sun/nio/fs/WindowsException'{0x000000008a627390}> (0x000000008a627390) 
thrown [s\open\src\hotspot\share\prims\jni.cpp, line 516]
Event: 42.475 Thread 0x0000021c4229f5f0 Exception <a 'sun/nio/fs/WindowsException'{0x000000008a628e48}> (0x000000008a628e48) 
thrown [s\open\src\hotspot\share\prims\jni.cpp, line 516]
Event: 42.503 Thread 0x0000021c4229f5f0 Implicit null exception at 0x0000021c6ca969d2 to 0x0000021c6ca98988

VM Operations (20 events):
Event: 39.561 Executing VM operation: G1CollectForAllocation done
Event: 39.647 Executing VM operation: HandshakeAllThreads
Event: 39.647 Executing VM operation: HandshakeAllThreads done
Event: 39.946 Executing VM operation: HandshakeAllThreads
Event: 39.947 Executing VM operation: HandshakeAllThreads done
Event: 40.014 Executing VM operation: ICBufferFull
Event: 40.014 Executing VM operation: ICBufferFull done
Event: 41.025 Executing VM operation: Cleanup
Event: 41.025 Executing VM operation: Cleanup done
Event: 41.122 Executing VM operation: G1CollectForAllocation
Event: 41.131 Executing VM operation: G1CollectForAllocation done
Event: 41.355 Executing VM operation: G1Concurrent
Event: 41.365 Executing VM operation: G1Concurrent done
Event: 41.467 Executing VM operation: G1Concurrent
Event: 41.468 Executing VM operation: G1Concurrent done
Event: 42.089 Executing VM operation: G1CollectForAllocation
Event: 42.098 Executing VM operation: G1CollectForAllocation done
Event: 42.147 Executing VM operation: G1CollectForAllocation
Event: 42.165 Executing VM operation: G1CollectForAllocation done
Event: 42.970 Executing VM operation: G1CollectForAllocation

Events (20 events):
Event: 36.707 loading class sun/reflect/ReflectionFactory$1 done
Event: 36.880 Thread 0x0000021c42774030 Thread exited: 0x0000021c42774030
Event: 37.194 Thread 0x0000021c42775020 Thread added: 0x0000021c42775020
Event: 38.072 loading class java/util/Collections$ReverseComparator
Event: 38.072 loading class java/util/Collections$ReverseComparator done
Event: 38.072 loading class java/util/Collections$ReverseComparator2
Event: 38.073 loading class java/util/Collections$ReverseComparator2 done
Event: 38.269 loading class java/util/LinkedList$LLSpliterator
Event: 38.270 loading class java/util/LinkedList$LLSpliterator done
Event: 38.351 Thread 0x0000021c44d551a0 Thread added: 0x0000021c44d551a0
Event: 38.351 Thread 0x0000021c44d5b1d0 Thread added: 0x0000021c44d5b1d0
Event: 38.352 Thread 0x0000021c44d556b0 Thread added: 0x0000021c44d556b0
Event: 38.634 Thread 0x0000021c44d53d60 Thread added: 0x0000021c44d53d60
Event: 38.638 Thread 0x0000021c44d59370 Thread added: 0x0000021c44d59370
Event: 38.689 Thread 0x0000021c44d59d90 Thread added: 0x0000021c44d59d90
Event: 39.756 Thread 0x0000021c44d57f30 Thread added: 0x0000021c44d57f30
Event: 39.757 Thread 0x0000021c44d54270 Thread added: 0x0000021c44d54270
Event: 39.758 Thread 0x0000021c44d54780 Thread added: 0x0000021c44d54780
Event: 39.956 Thread 0x0000021c7ae1d500 flushing nmethod 0x0000021c65152390
Event: 39.963 Thread 0x0000021c7ae1d500 flushing nmethod 0x0000021c656a6110


Dynamic libraries:
0x00007ff7e4800000 - 0x00007ff7e4810000 	C:\Program Files\Java\jdk-17\bin\java.exe
0x00007ff883b10000 - 0x00007ff883d08000 	C:\Windows\SYSTEM32\ntdll.dll
0x00007ff882030000 - 0x00007ff8820f2000 	C:\Windows\System32\KERNEL32.DLL
0x00007ff8813e0000 - 0x00007ff8816df000 	C:\Windows\System32\KERNELBASE.dll
0x00007ff881990000 - 0x00007ff881a90000 	C:\Windows\System32\ucrtbase.dll
0x00007ff869e90000 - 0x00007ff869ea9000 	C:\Program Files\Java\jdk-17\bin\jli.dll
0x00007ff869e70000 - 0x00007ff869e8b000 	C:\Program Files\Java\jdk-17\bin\VCRUNTIME140.dll
0x00007ff881f80000 - 0x00007ff88202f000 	C:\Windows\System32\ADVAPI32.dll
0x00007ff8822d0000 - 0x00007ff88236e000 	C:\Windows\System32\msvcrt.dll
0x00007ff881ee0000 - 0x00007ff881f7f000 	C:\Windows\System32\sechost.dll
0x00007ff883320000 - 0x00007ff883443000 	C:\Windows\System32\RPCRT4.dll
0x00007ff8818b0000 - 0x00007ff8818d7000 	C:\Windows\System32\bcrypt.dll
0x00007ff881c00000 - 0x00007ff881d9d000 	C:\Windows\System32\USER32.dll
0x00007ff8811b0000 - 0x00007ff8811d2000 	C:\Windows\System32\win32u.dll
0x00007ff883900000 - 0x00007ff88392b000 	C:\Windows\System32\GDI32.dll
0x00007ff8811e0000 - 0x00007ff8812fa000 	C:\Windows\System32\gdi32full.dll
0x00007ff881a90000 - 0x00007ff881b2d000 	C:\Windows\System32\msvcp_win.dll
0x00007ff8745d0000 - 0x00007ff8745da000 	C:\Windows\SYSTEM32\VERSION.dll
0x00007ff870780000 - 0x00007ff870a1a000 	C:\Windows\WinSxS\amd64_microsoft.windows.common-controls_6595b64144ccf1df_6.0.19041.4355_none_60b8b9eb71f62e16\COMCTL32.dll
0x00007ff8832f0000 - 0x00007ff88331f000 	C:\Windows\System32\IMM32.DLL
0x00007ff87b400000 - 0x00007ff87b40c000 	C:\Program Files\Java\jdk-17\bin\vcruntime140_1.dll
0x00007ff844de0000 - 0x00007ff844e6e000 	C:\Program Files\Java\jdk-17\bin\msvcp140.dll
0x00007ff80da90000 - 0x00007ff80e66f000 	C:\Program Files\Java\jdk-17\bin\server\jvm.dll
0x00007ff882100000 - 0x00007ff882108000 	C:\Windows\System32\PSAPI.DLL
0x00007ff871760000 - 0x00007ff871787000 	C:\Windows\SYSTEM32\WINMM.dll
0x00007ff86bd20000 - 0x00007ff86bd29000 	C:\Windows\SYSTEM32\WSOCK32.dll
0x00007ff881e70000 - 0x00007ff881edb000 	C:\Windows\System32\WS2_32.dll
0x00007ff87eff0000 - 0x00007ff87f002000 	C:\Windows\SYSTEM32\kernel.appcore.dll
0x00007ff86b3f0000 - 0x00007ff86b3fa000 	C:\Program Files\Java\jdk-17\bin\jimage.dll
0x00007ff86ec40000 - 0x00007ff86ee24000 	C:\Windows\SYSTEM32\DBGHELP.DLL
0x00007ff86ec00000 - 0x00007ff86ec34000 	C:\Windows\SYSTEM32\dbgcore.DLL
0x00007ff881300000 - 0x00007ff881382000 	C:\Windows\System32\bcryptPrimitives.dll
0x00007ff870530000 - 0x00007ff87053e000 	C:\Program Files\Java\jdk-17\bin\instrument.dll
0x00007ff869e40000 - 0x00007ff869e65000 	C:\Program Files\Java\jdk-17\bin\java.dll
0x00007ff8448d0000 - 0x00007ff8449a7000 	C:\Program Files\Java\jdk-17\bin\jsvml.dll
0x00007ff882420000 - 0x00007ff882b8d000 	C:\Windows\System32\SHELL32.dll
0x00007ff87f1f0000 - 0x00007ff87f994000 	C:\Windows\SYSTEM32\windows.storage.dll
0x00007ff883450000 - 0x00007ff8837a5000 	C:\Windows\System32\combase.dll
0x00007ff880a30000 - 0x00007ff880a5f000 	C:\Windows\SYSTEM32\Wldp.dll
0x00007ff883830000 - 0x00007ff8838fd000 	C:\Windows\System32\OLEAUT32.dll
0x00007ff881dc0000 - 0x00007ff881e6d000 	C:\Windows\System32\SHCORE.dll
0x00007ff881b90000 - 0x00007ff881be5000 	C:\Windows\System32\shlwapi.dll
0x00007ff8810e0000 - 0x00007ff881104000 	C:\Windows\SYSTEM32\profapi.dll
0x00007ff8684c0000 - 0x00007ff8684d8000 	C:\Program Files\Java\jdk-17\bin\zip.dll
0x00007ff868500000 - 0x00007ff868519000 	C:\Program Files\Java\jdk-17\bin\net.dll
0x00007ff874140000 - 0x00007ff87424a000 	C:\Windows\SYSTEM32\WINHTTP.dll
0x00007ff880810000 - 0x00007ff88087c000 	C:\Windows\system32\mswsock.dll
0x00007ff8684e0000 - 0x00007ff8684f6000 	C:\Program Files\Java\jdk-17\bin\nio.dll
0x00007ff8729d0000 - 0x00007ff8729e0000 	C:\Program Files\Java\jdk-17\bin\verify.dll
0x00007ff87a1c0000 - 0x00007ff87a1e7000 	C:\Users\Lucie\.gradle\native\c067742578af261105cb4f569cf0c3c89f3d7b1fecec35dd04571415982c5e48\windows-amd64\native-platform.dll
0x00007ff85bcb0000 - 0x00007ff85bdf4000 	C:\Users\Lucie\.gradle\native\100fb08df4bc3b14c8652ba06237920a3bd2aa13389f12d3474272988ae205f9\windows-amd64\native-platform-file-events.dll
0x00007ff8684a0000 - 0x00007ff8684aa000 	C:\Program Files\Java\jdk-17\bin\management.dll
0x00007ff868420000 - 0x00007ff86842b000 	C:\Program Files\Java\jdk-17\bin\management_ext.dll
0x00007ff880a70000 - 0x00007ff880a88000 	C:\Windows\SYSTEM32\CRYPTSP.dll
0x00007ff880150000 - 0x00007ff880184000 	C:\Windows\system32\rsaenh.dll
0x00007ff8810a0000 - 0x00007ff8810ce000 	C:\Windows\SYSTEM32\USERENV.dll
0x00007ff8809a0000 - 0x00007ff8809ac000 	C:\Windows\SYSTEM32\CRYPTBASE.dll
0x00007ff880510000 - 0x00007ff88054b000 	C:\Windows\SYSTEM32\IPHLPAPI.DLL
0x00007ff881bf0000 - 0x00007ff881bf8000 	C:\Windows\System32\NSI.dll
0x00007ff874560000 - 0x00007ff874577000 	C:\Windows\SYSTEM32\dhcpcsvc6.DLL
0x00007ff877df0000 - 0x00007ff877e0d000 	C:\Windows\SYSTEM32\dhcpcsvc.DLL
0x00007ff880550000 - 0x00007ff88061a000 	C:\Windows\SYSTEM32\DNSAPI.dll
0x00007ff869e10000 - 0x00007ff869e1e000 	C:\Program Files\Java\jdk-17\bin\sunmscapi.dll
0x00007ff881750000 - 0x00007ff8818ac000 	C:\Windows\System32\CRYPT32.dll
0x00007ff880b80000 - 0x00007ff880ba7000 	C:\Windows\SYSTEM32\ncrypt.dll
0x00007ff880b40000 - 0x00007ff880b7b000 	C:\Windows\SYSTEM32\NTASN1.dll
0x00007ff8705f0000 - 0x00007ff8705f7000 	C:\Windows\system32\wshunix.dll

dbghelp: loaded successfully - version: 4.0.5 - missing functions: none
symbol engine: initialized successfully - sym options: 0x614 - pdb path: .;C:\Program Files\Java\jdk-17\bin;C:\Windows\SYSTEM32;C:\Windows\WinSxS\amd64_microsoft.windows.common-controls_6595b64144ccf1df_6.0.19041.4355_none_60b8b9eb71f62e16;C:\Program Files\Java\jdk-17\bin\server;C:\Users\Lucie\.gradle\native\c067742578af261105cb4f569cf0c3c89f3d7b1fecec35dd04571415982c5e48\windows-amd64;C:\Users\Lucie\.gradle\native\100fb08df4bc3b14c8652ba06237920a3bd2aa13389f12d3474272988ae205f9\windows-amd64

VM Arguments:
jvm_args: --add-opens=java.base/java.util=ALL-UNNAMED --add-opens=java.base/java.lang=ALL-UNNAMED --add-opens=java.base/java.lang.invoke=ALL-UNNAMED --add-opens=java.prefs/java.util.prefs=ALL-UNNAMED --add-exports=jdk.compiler/com.sun.tools.javac.api=ALL-UNNAMED --add-exports=jdk.compiler/com.sun.tools.javac.util=ALL-UNNAMED --add-opens=java.base/java.nio.charset=ALL-UNNAMED --add-opens=java.base/java.net=ALL-UNNAMED --add-opens=java.base/java.util.concurrent.atomic=ALL-UNNAMED -Xmx2048m -Dfile.encoding=UTF-8 -Duser.country=FR -Duser.language=fr -Duser.variant -javaagent:C:\Users\Lucie\.gradle\wrapper\dists\gradle-8.9-bin\90cnw93cvbtalezasaz0blq0a\gradle-8.9\lib\agents\gradle-instrumentation-agent-8.9.jar 
java_command: org.gradle.launcher.daemon.bootstrap.GradleDaemon 8.9
java_class_path (initial): C:\Users\Lucie\.gradle\wrapper\dists\gradle-8.9-bin\90cnw93cvbtalezasaz0blq0a\gradle-8.9\lib\gradle-daemon-main-8.9.jar
Launcher Type: SUN_STANDARD

[Global flags]
     intx CICompilerCount                          = 3                                         {product} {ergonomic}
     uint ConcGCThreads                            = 1                                         {product} {ergonomic}
     uint G1ConcRefinementThreads                  = 4                                         {product} {ergonomic}
   size_t G1HeapRegionSize                         = 1048576                                   {product} {ergonomic}
    uintx GCDrainStackTargetSize                   = 64                                        {product} {ergonomic}
   size_t InitialHeapSize                          = 201326592                                 {product} {ergonomic}
   size_t MarkStackSize                            = 4194304                                   {product} {ergonomic}
   size_t MaxHeapSize                              = 2147483648                                {product} {command line}
   size_t MaxNewSize                               = 1287651328                                {product} {ergonomic}
   size_t MinHeapDeltaBytes                        = 1048576                                   {product} {ergonomic}
   size_t MinHeapSize                              = 8388608                                   {product} {ergonomic}
    uintx NonNMethodCodeHeapSize                   = 5832780                                {pd product} {ergonomic}
    uintx NonProfiledCodeHeapSize                  = 122912730                              {pd product} {ergonomic}
    uintx ProfiledCodeHeapSize                     = 122912730                              {pd product} {ergonomic}
    uintx ReservedCodeCacheSize                    = 251658240                              {pd product} {ergonomic}
     bool SegmentedCodeCache                       = true                                      {product} {ergonomic}
   size_t SoftMaxHeapSize                          = 2147483648                             {manageable} {ergonomic}
     bool UseCompressedClassPointers               = true                           {product lp64_product} {ergonomic}
     bool UseCompressedOops                        = true                           {product lp64_product} {ergonomic}
     bool UseG1GC                                  = true                                      {product} {ergonomic}
     bool UseLargePagesIndividualAllocation        = false                                  {pd product} {ergonomic}

Logging:
Log output configuration:
 #0: stdout all=warning uptime,level,tags
 #1: stderr all=off uptime,level,tags

Environment Variables:
CLASSPATH=C:\Users\Lucie\AndroidStudioProjects\KeyReceivedDemo\\gradle\wrapper\gradle-wrapper.jar
PATH=C:\Program Files\Java\jdk-17\bin;C:\ProgramData\Oracle\Java\javapath;C:\Program Files\Common Files\Oracle\Java\javapath;C:\xampp\php;C:\Windows\system32;C:\Windows;C:\Windows\System32\Wbem;C:\Windows\System32\WindowsPowerShell\v1.0\;C:\Windows\System32\OpenSSH\;"C:\Program Files (x86)\Git\cmd;";C:\Program Files\Git\cmd;C:\ProgramData\ComposerSetup\bin;C:\ProgramData\chocolatey\bin;C:\Program Files\nodejs\;C:\Program Files\Docker\Docker\resources\bin;C:\kobweb-0.9.18\bin;C:\Users\Lucie\AppData\Local\Programs\Python\Python39\python.exe;C:\Users\Lucie\AppData\Local\Programs\Python\Python310\;C:\Users\Lucie\AppData\Local\Microsoft\WindowsApps;C:\Users\Lucie\AppData\Roaming\Microsoft\Windows\Start Menu\Programs\Python 3.10;C:\Users\Lucie\AppData\Local\Programs\Microsoft VS Code\bin;C:\Program Files\JetBrains\IntelliJ IDEA Community Edition 2024.2.1\bin;C:\Users\Lucie\AppData\Roaming\Composer\vendor\bin;C:\Users\Lucie\AppData\Local\GitHubDesktop\bin;C:\Users\Lucie\AppData\Roaming\npm;C:\Program Files\JetBrains\PhpStorm 2023.2.4\bin;
USERNAME=Lucie
OS=Windows_NT
PROCESSOR_IDENTIFIER=Intel64 Family 6 Model 58 Stepping 9, GenuineIntel



---------------  S Y S T E M  ---------------

OS:
 Windows 10 , 64 bit Build 19041 (10.0.19041.5438)
OS uptime: 5 days 7:47 hours
Hyper-V role detected

CPU: total 4 (initial active 4) (2 cores per cpu, 2 threads per core) family 6 model 58 stepping 9 microcode 0x21, cx8, cmov, fxsr, ht, mmx, sse, sse2, sse3, ssse3, sse4.1, sse4.2, popcnt, tsc, tscinvbit, avx, aes, erms, clmul, vzeroupper, clflush, hv

Memory: 4k page, system-wide physical 12169M (1051M free)
TotalPageFile size 14217M (AvailPageFile size 288M)
current process WorkingSet (physical memory assigned to process): 447M, peak: 472M
current process commit charge ("private bytes"): 490M, peak: 857M

vm_info: Java HotSpot(TM) 64-Bit Server VM (17.0.10+11-LTS-240) for windows-amd64 JRE (17.0.10+11-LTS-240), built on Dec 19 2023 21:47:25 by "mach5one" with MS VC++ 17.1 (VS2022)

END.
