#
# There is insufficient memory for the Java Runtime Environment to continue.
# Native memory allocation (malloc) failed to allocate 32744 bytes for ChunkPool::allocate
# Possible reasons:
#   The system is out of physical RAM or swap space
#   The process is running with CompressedOops enabled, and the Java Heap may be blocking the growth of the native heap
# Possible solutions:
#   Reduce memory load on the system
#   Increase physical memory or swap space
#   Check if swap backing store is full
#   Decrease Java heap size (-Xmx/-Xms)
#   Decrease number of Java threads
#   Decrease Java thread stack sizes (-Xss)
#   Set larger code cache with -XX:ReservedCodeCacheSize=
#   JVM is running with Unscaled Compressed Oops mode in which the Java heap is
#     placed in the first 4GB address space. The Java Heap base address is the
#     maximum limit for the native heap growth. Please use -XX:HeapBaseMinAddress
#     to set the Java Heap base and to place the Java Heap above 4GB virtual address.
# This output file may be truncated or incomplete.
#
#  Out of Memory Error (arena.cpp:78), pid=2972, tid=15828
#
# JRE version: Java(TM) SE Runtime Environment (17.0.10+11) (build 17.0.10+11-LTS-240)
# Java VM: Java HotSpot(TM) 64-Bit Server VM (17.0.10+11-LTS-240, mixed mode, sharing, tiered, compressed oops, compressed class ptrs, g1 gc, windows-amd64)
# No core dump will be written. Minidumps are not enabled by default on client versions of Windows
#

---------------  S U M M A R Y ------------

Command Line: -Xmx64m -Xms64m -Dorg.gradle.appname=gradlew org.gradle.wrapper.GradleWrapperMain build

Host: Intel(R) Core(TM) i5-3337U CPU @ 1.80GHz, 4 cores, 11G,  Windows 10 , 64 bit Build 19041 (10.0.19041.5438)
Time: Thu Mar 13 16:49:58 2025 Paris, Madrid elapsed time: 176.592974 seconds (0d 0h 2m 56s)

---------------  T H R E A D  ---------------

Current thread (0x0000026cf9759100):  JavaThread "C2 CompilerThread0" daemon [_thread_in_native, id=15828, stack(0x00000086dbf00000,0x00000086dc000000)]


Current CompileTask:
C2: 176593 1699       4       org.gradle.internal.logging.console.DefaultRedrawableLabel::redraw (163 bytes)

Stack: [0x00000086dbf00000,0x00000086dc000000]
Native frames: (J=compiled Java code, j=interpreted, Vv=VM code, C=native code)
V  [jvm.dll+0x677a5a]
V  [jvm.dll+0x7d8b2d]
V  [jvm.dll+0x7da48e]
V  [jvm.dll+0x7daaf3]
V  [jvm.dll+0x2455ff]
V  [jvm.dll+0xaad50]
V  [jvm.dll+0xab09c]
V  [jvm.dll+0x11d4f5]
V  [jvm.dll+0x6a14e7]
V  [jvm.dll+0x1bb497]
V  [jvm.dll+0x217aa7]
V  [jvm.dll+0x216d81]
V  [jvm.dll+0x1a3410]
V  [jvm.dll+0x226aeb]
V  [jvm.dll+0x224cab]
V  [jvm.dll+0x78e45c]
V  [jvm.dll+0x78888a]
V  [jvm.dll+0x676935]
C  [ucrtbase.dll+0x21bb2]
C  [KERNEL32.DLL+0x17374]
C  [ntdll.dll+0x4cc91]


---------------  P R O C E S S  ---------------

Threads class SMR info:
_java_thread_list=0x0000026cfefdebb0, length=13, elements={
0x0000026cde88e290, 0x0000026ce09379c0, 0x0000026cf97438c0, 0x0000026cf9752790,
0x0000026cf9756270, 0x0000026cf9757040, 0x0000026cf9757a00, 0x0000026cf9759100,
0x0000026cf9785ea0, 0x0000026cf9759a10, 0x0000026cf99e59f0, 0x0000026cf99e54e0,
0x0000026cf99e8270
}

Java Threads: ( => current thread )
  0x0000026cde88e290 JavaThread "main" [_thread_in_native, id=15620, stack(0x00000086db200000,0x00000086db300000)]
  0x0000026ce09379c0 JavaThread "Reference Handler" daemon [_thread_blocked, id=9312, stack(0x00000086db900000,0x00000086dba00000)]
  0x0000026cf97438c0 JavaThread "Finalizer" daemon [_thread_blocked, id=12280, stack(0x00000086dba00000,0x00000086dbb00000)]
  0x0000026cf9752790 JavaThread "Signal Dispatcher" daemon [_thread_blocked, id=12316, stack(0x00000086dbb00000,0x00000086dbc00000)]
  0x0000026cf9756270 JavaThread "Attach Listener" daemon [_thread_blocked, id=16356, stack(0x00000086dbc00000,0x00000086dbd00000)]
  0x0000026cf9757040 JavaThread "Service Thread" daemon [_thread_blocked, id=12140, stack(0x00000086dbd00000,0x00000086dbe00000)]
  0x0000026cf9757a00 JavaThread "Monitor Deflation Thread" daemon [_thread_blocked, id=14768, stack(0x00000086dbe00000,0x00000086dbf00000)]
=>0x0000026cf9759100 JavaThread "C2 CompilerThread0" daemon [_thread_in_native, id=15828, stack(0x00000086dbf00000,0x00000086dc000000)]
  0x0000026cf9785ea0 JavaThread "C1 CompilerThread0" daemon [_thread_blocked, id=14316, stack(0x00000086dc000000,0x00000086dc100000)]
  0x0000026cf9759a10 JavaThread "Sweeper thread" daemon [_thread_blocked, id=10948, stack(0x00000086dc100000,0x00000086dc200000)]
  0x0000026cf99e59f0 JavaThread "Notification Thread" daemon [_thread_blocked, id=8840, stack(0x00000086dc200000,0x00000086dc300000)]
  0x0000026cf99e54e0 JavaThread "Common-Cleaner" daemon [_thread_blocked, id=15004, stack(0x00000086dc400000,0x00000086dc500000)]
  0x0000026cf99e8270 JavaThread "pool-1-thread-1" [_thread_in_Java, id=8632, stack(0x00000086dca00000,0x00000086dcb00000)]

Other Threads:
  0x0000026ce0936de0 VMThread "VM Thread" [stack: 0x00000086db800000,0x00000086db900000] [id=5980]
  0x0000026ce0899030 WatcherThread [stack: 0x00000086dc300000,0x00000086dc400000] [id=4244]
  0x0000026ce0885180 GCTaskThread "GC Thread#0" [stack: 0x00000086db300000,0x00000086db400000] [id=5160]
  0x0000026cf9c62850 GCTaskThread "GC Thread#1" [stack: 0x00000086dc500000,0x00000086dc600000] [id=15876]
  0x0000026cf9b93ee0 GCTaskThread "GC Thread#2" [stack: 0x00000086dc600000,0x00000086dc700000] [id=8264]
  0x0000026cf9b941a0 GCTaskThread "GC Thread#3" [stack: 0x00000086dc700000,0x00000086dc800000] [id=12004]
  0x0000026ce08868d0 ConcurrentGCThread "G1 Main Marker" [stack: 0x00000086db400000,0x00000086db500000] [id=9672]
  0x0000026ce08872e0 ConcurrentGCThread "G1 Conc#0" [stack: 0x00000086db500000,0x00000086db600000] [id=11400]
  0x0000026ce08db9b0 ConcurrentGCThread "G1 Refine#0" [stack: 0x00000086db600000,0x00000086db700000] [id=9932]
  0x0000026cfeb3b160 ConcurrentGCThread "G1 Refine#1" [stack: 0x00000086dc900000,0x00000086dca00000] [id=8332]
  0x0000026ce08dc3e0 ConcurrentGCThread "G1 Service" [stack: 0x00000086db700000,0x00000086db800000] [id=11964]

Threads with active compile tasks:
C2 CompilerThread0   176646 1699       4       org.gradle.internal.logging.console.DefaultRedrawableLabel::redraw (163 bytes)

VM state: not at safepoint (normal execution)

VM Mutex/Monitor currently owned by a thread: None

Heap address: 0x00000000fc000000, size: 64 MB, Compressed Oops mode: 32-bit

CDS archive(s) mapped at: [0x0000026c80000000-0x0000026c80bd0000-0x0000026c80bd0000), size 12386304, SharedBaseAddress: 0x0000026c80000000, ArchiveRelocationMode: 1.
Compressed class space mapped at: 0x0000026c81000000-0x0000026cc1000000, reserved size: 1073741824
Narrow klass base: 0x0000026c80000000, Narrow klass shift: 0, Narrow klass range: 0x100000000

GC Precious Log:
 CPUs: 4 total, 4 available
 Memory: 12169M
 Large Page Support: Disabled
 NUMA Support: Disabled
 Compressed Oops: Enabled (32-bit)
 Heap Region Size: 1M
 Heap Min Capacity: 64M
 Heap Initial Capacity: 64M
 Heap Max Capacity: 64M
 Pre-touch: Disabled
 Parallel Workers: 4
 Concurrent Workers: 1
 Concurrent Refinement Workers: 4
 Periodic GC: Disabled

Heap:
 garbage-first heap   total 65536K, used 34605K [0x00000000fc000000, 0x0000000100000000)
  region size 1024K, 27 young (27648K), 3 survivors (3072K)
 Metaspace       used 9898K, committed 10112K, reserved 1114112K
  class space    used 1297K, committed 1408K, reserved 1048576K

Heap Regions: E=young(eden), S=young(survivor), O=old, HS=humongous(starts), HC=humongous(continues), CS=collection set, F=free, OA=open archive, CA=closed archive, TAMS=top-at-mark-start (previous, next)
|   0|0x00000000fc000000, 0x00000000fc100000, 0x00000000fc100000|100%|HS|  |TAMS 0x00000000fc000000, 0x00000000fc000000| Complete 
|   1|0x00000000fc100000, 0x00000000fc200000, 0x00000000fc200000|100%|HC|  |TAMS 0x00000000fc100000, 0x00000000fc100000| Complete 
|   2|0x00000000fc200000, 0x00000000fc300000, 0x00000000fc300000|100%|HC|  |TAMS 0x00000000fc200000, 0x00000000fc200000| Complete 
|   3|0x00000000fc300000, 0x00000000fc400000, 0x00000000fc400000|100%|HC|  |TAMS 0x00000000fc300000, 0x00000000fc300000| Complete 
|   4|0x00000000fc400000, 0x00000000fc500000, 0x00000000fc500000|100%| O|  |TAMS 0x00000000fc400000, 0x00000000fc400000| Untracked 
|   5|0x00000000fc500000, 0x00000000fc600000, 0x00000000fc600000|100%| O|  |TAMS 0x00000000fc500000, 0x00000000fc500000| Untracked 
|   6|0x00000000fc600000, 0x00000000fc700000, 0x00000000fc700000|100%| O|  |TAMS 0x00000000fc600000, 0x00000000fc600000| Untracked 
|   7|0x00000000fc700000, 0x00000000fc7cb600, 0x00000000fc800000| 79%| O|  |TAMS 0x00000000fc700000, 0x00000000fc700000| Untracked 
|   8|0x00000000fc800000, 0x00000000fc800000, 0x00000000fc900000|  0%| F|  |TAMS 0x00000000fc800000, 0x00000000fc800000| Untracked 
|   9|0x00000000fc900000, 0x00000000fc900000, 0x00000000fca00000|  0%| F|  |TAMS 0x00000000fc900000, 0x00000000fc900000| Untracked 
|  10|0x00000000fca00000, 0x00000000fca00000, 0x00000000fcb00000|  0%| F|  |TAMS 0x00000000fca00000, 0x00000000fca00000| Untracked 
|  11|0x00000000fcb00000, 0x00000000fcb00000, 0x00000000fcc00000|  0%| F|  |TAMS 0x00000000fcb00000, 0x00000000fcb00000| Untracked 
|  12|0x00000000fcc00000, 0x00000000fcc00000, 0x00000000fcd00000|  0%| F|  |TAMS 0x00000000fcc00000, 0x00000000fcc00000| Untracked 
|  13|0x00000000fcd00000, 0x00000000fcd00000, 0x00000000fce00000|  0%| F|  |TAMS 0x00000000fcd00000, 0x00000000fcd00000| Untracked 
|  14|0x00000000fce00000, 0x00000000fce00000, 0x00000000fcf00000|  0%| F|  |TAMS 0x00000000fce00000, 0x00000000fce00000| Untracked 
|  15|0x00000000fcf00000, 0x00000000fcf00000, 0x00000000fd000000|  0%| F|  |TAMS 0x00000000fcf00000, 0x00000000fcf00000| Untracked 
|  16|0x00000000fd000000, 0x00000000fd000000, 0x00000000fd100000|  0%| F|  |TAMS 0x00000000fd000000, 0x00000000fd000000| Untracked 
|  17|0x00000000fd100000, 0x00000000fd100000, 0x00000000fd200000|  0%| F|  |TAMS 0x00000000fd100000, 0x00000000fd100000| Untracked 
|  18|0x00000000fd200000, 0x00000000fd200000, 0x00000000fd300000|  0%| F|  |TAMS 0x00000000fd200000, 0x00000000fd200000| Untracked 
|  19|0x00000000fd300000, 0x00000000fd300000, 0x00000000fd400000|  0%| F|  |TAMS 0x00000000fd300000, 0x00000000fd300000| Untracked 
|  20|0x00000000fd400000, 0x00000000fd400000, 0x00000000fd500000|  0%| F|  |TAMS 0x00000000fd400000, 0x00000000fd400000| Untracked 
|  21|0x00000000fd500000, 0x00000000fd500000, 0x00000000fd600000|  0%| F|  |TAMS 0x00000000fd500000, 0x00000000fd500000| Untracked 
|  22|0x00000000fd600000, 0x00000000fd600000, 0x00000000fd700000|  0%| F|  |TAMS 0x00000000fd600000, 0x00000000fd600000| Untracked 
|  23|0x00000000fd700000, 0x00000000fd700000, 0x00000000fd800000|  0%| F|  |TAMS 0x00000000fd700000, 0x00000000fd700000| Untracked 
|  24|0x00000000fd800000, 0x00000000fd800000, 0x00000000fd900000|  0%| F|  |TAMS 0x00000000fd800000, 0x00000000fd800000| Untracked 
|  25|0x00000000fd900000, 0x00000000fd900000, 0x00000000fda00000|  0%| F|  |TAMS 0x00000000fd900000, 0x00000000fd900000| Untracked 
|  26|0x00000000fda00000, 0x00000000fda00000, 0x00000000fdb00000|  0%| F|  |TAMS 0x00000000fda00000, 0x00000000fda00000| Untracked 
|  27|0x00000000fdb00000, 0x00000000fdb00000, 0x00000000fdc00000|  0%| F|  |TAMS 0x00000000fdb00000, 0x00000000fdb00000| Untracked 
|  28|0x00000000fdc00000, 0x00000000fdc00000, 0x00000000fdd00000|  0%| F|  |TAMS 0x00000000fdc00000, 0x00000000fdc00000| Untracked 
|  29|0x00000000fdd00000, 0x00000000fdd00000, 0x00000000fde00000|  0%| F|  |TAMS 0x00000000fdd00000, 0x00000000fdd00000| Untracked 
|  30|0x00000000fde00000, 0x00000000fde00000, 0x00000000fdf00000|  0%| F|  |TAMS 0x00000000fde00000, 0x00000000fde00000| Untracked 
|  31|0x00000000fdf00000, 0x00000000fdf00000, 0x00000000fe000000|  0%| F|  |TAMS 0x00000000fdf00000, 0x00000000fdf00000| Untracked 
|  32|0x00000000fe000000, 0x00000000fe000000, 0x00000000fe100000|  0%| F|  |TAMS 0x00000000fe000000, 0x00000000fe000000| Untracked 
|  33|0x00000000fe100000, 0x00000000fe100000, 0x00000000fe200000|  0%| F|  |TAMS 0x00000000fe100000, 0x00000000fe100000| Untracked 
|  34|0x00000000fe200000, 0x00000000fe200000, 0x00000000fe300000|  0%| F|  |TAMS 0x00000000fe200000, 0x00000000fe200000| Untracked 
|  35|0x00000000fe300000, 0x00000000fe300000, 0x00000000fe400000|  0%| F|  |TAMS 0x00000000fe300000, 0x00000000fe300000| Untracked 
|  36|0x00000000fe400000, 0x00000000fe400000, 0x00000000fe500000|  0%| F|  |TAMS 0x00000000fe400000, 0x00000000fe400000| Untracked 
|  37|0x00000000fe500000, 0x00000000fe5f6548, 0x00000000fe600000| 96%| E|  |TAMS 0x00000000fe500000, 0x00000000fe500000| Complete 
|  38|0x00000000fe600000, 0x00000000fe700000, 0x00000000fe700000|100%| E|CS|TAMS 0x00000000fe600000, 0x00000000fe600000| Complete 
|  39|0x00000000fe700000, 0x00000000fe800000, 0x00000000fe800000|100%| E|CS|TAMS 0x00000000fe700000, 0x00000000fe700000| Complete 
|  40|0x00000000fe800000, 0x00000000fe900000, 0x00000000fe900000|100%| E|CS|TAMS 0x00000000fe800000, 0x00000000fe800000| Complete 
|  41|0x00000000fe900000, 0x00000000fea00000, 0x00000000fea00000|100%| S|CS|TAMS 0x00000000fe900000, 0x00000000fe900000| Complete 
|  42|0x00000000fea00000, 0x00000000feb00000, 0x00000000feb00000|100%| S|CS|TAMS 0x00000000fea00000, 0x00000000fea00000| Complete 
|  43|0x00000000feb00000, 0x00000000fec00000, 0x00000000fec00000|100%| S|CS|TAMS 0x00000000feb00000, 0x00000000feb00000| Complete 
|  44|0x00000000fec00000, 0x00000000fed00000, 0x00000000fed00000|100%| E|CS|TAMS 0x00000000fec00000, 0x00000000fec00000| Complete 
|  45|0x00000000fed00000, 0x00000000fee00000, 0x00000000fee00000|100%| E|CS|TAMS 0x00000000fed00000, 0x00000000fed00000| Complete 
|  46|0x00000000fee00000, 0x00000000fef00000, 0x00000000fef00000|100%| E|CS|TAMS 0x00000000fee00000, 0x00000000fee00000| Complete 
|  47|0x00000000fef00000, 0x00000000ff000000, 0x00000000ff000000|100%| E|CS|TAMS 0x00000000fef00000, 0x00000000fef00000| Complete 
|  48|0x00000000ff000000, 0x00000000ff100000, 0x00000000ff100000|100%| E|CS|TAMS 0x00000000ff000000, 0x00000000ff000000| Complete 
|  49|0x00000000ff100000, 0x00000000ff200000, 0x00000000ff200000|100%| E|CS|TAMS 0x00000000ff100000, 0x00000000ff100000| Complete 
|  50|0x00000000ff200000, 0x00000000ff300000, 0x00000000ff300000|100%| E|CS|TAMS 0x00000000ff200000, 0x00000000ff200000| Complete 
|  51|0x00000000ff300000, 0x00000000ff400000, 0x00000000ff400000|100%| E|CS|TAMS 0x00000000ff300000, 0x00000000ff300000| Complete 
|  52|0x00000000ff400000, 0x00000000ff500000, 0x00000000ff500000|100%| E|CS|TAMS 0x00000000ff400000, 0x00000000ff400000| Complete 
|  53|0x00000000ff500000, 0x00000000ff600000, 0x00000000ff600000|100%| E|CS|TAMS 0x00000000ff500000, 0x00000000ff500000| Complete 
|  54|0x00000000ff600000, 0x00000000ff700000, 0x00000000ff700000|100%| E|CS|TAMS 0x00000000ff600000, 0x00000000ff600000| Complete 
|  55|0x00000000ff700000, 0x00000000ff800000, 0x00000000ff800000|100%| E|CS|TAMS 0x00000000ff700000, 0x00000000ff700000| Complete 
|  56|0x00000000ff800000, 0x00000000ff900000, 0x00000000ff900000|100%| E|CS|TAMS 0x00000000ff800000, 0x00000000ff800000| Complete 
|  57|0x00000000ff900000, 0x00000000ffa00000, 0x00000000ffa00000|100%| E|CS|TAMS 0x00000000ff900000, 0x00000000ff900000| Complete 
|  58|0x00000000ffa00000, 0x00000000ffb00000, 0x00000000ffb00000|100%| E|CS|TAMS 0x00000000ffa00000, 0x00000000ffa00000| Complete 
|  59|0x00000000ffb00000, 0x00000000ffc00000, 0x00000000ffc00000|100%| E|CS|TAMS 0x00000000ffb00000, 0x00000000ffb00000| Complete 
|  60|0x00000000ffc00000, 0x00000000ffd00000, 0x00000000ffd00000|100%| E|CS|TAMS 0x00000000ffc00000, 0x00000000ffc00000| Complete 
|  61|0x00000000ffd00000, 0x00000000ffe00000, 0x00000000ffe00000|100%| E|CS|TAMS 0x00000000ffd00000, 0x00000000ffd00000| Complete 
|  62|0x00000000ffe00000, 0x00000000fff00000, 0x00000000fff00000|100%| E|CS|TAMS 0x00000000ffe00000, 0x00000000ffe00000| Complete 
|  63|0x00000000fff00000, 0x0000000100000000, 0x0000000100000000|100%| E|CS|TAMS 0x00000000fff00000, 0x00000000fff00000| Complete 

Card table byte_map: [0x0000026cde750000,0x0000026cde770000] _byte_map_base: 0x0000026cddf70000

Marking Bits (Prev, Next): (CMBitMap*) 0x0000026ce08857a0, (CMBitMap*) 0x0000026ce08857e0
 Prev Bits: [0x0000026ce0660000, 0x0000026ce0760000)
 Next Bits: [0x0000026cf7120000, 0x0000026cf7220000)

Polling page: 0x0000026cde700000

Metaspace:

Usage:
  Non-class:      8.40 MB used.
      Class:      1.27 MB used.
       Both:      9.67 MB used.

Virtual space:
  Non-class space:       64.00 MB reserved,       8.50 MB ( 13%) committed,  1 nodes.
      Class space:        1.00 GB reserved,       1.38 MB ( <1%) committed,  1 nodes.
             Both:        1.06 GB reserved,       9.88 MB ( <1%) committed. 

Chunk freelists:
   Non-Class:  7.27 MB
       Class:  14.47 MB
        Both:  21.74 MB

MaxMetaspaceSize: unlimited
CompressedClassSpaceSize: 1.00 GB
Initial GC threshold: 21.00 MB
Current GC threshold: 21.00 MB
CDS: on
MetaspaceReclaimPolicy: balanced
 - commit_granule_bytes: 65536.
 - commit_granule_words: 8192.
 - virtual_space_node_default_size: 8388608.
 - enlarge_chunks_in_place: 1.
 - new_chunks_are_fully_committed: 0.
 - uncommit_free_chunks: 1.
 - use_allocation_guard: 0.
 - handle_deallocations: 1.


Internal statistics:

num_allocs_failed_limit: 0.
num_arena_births: 70.
num_arena_deaths: 0.
num_vsnodes_births: 2.
num_vsnodes_deaths: 0.
num_space_committed: 158.
num_space_uncommitted: 0.
num_chunks_returned_to_freelist: 0.
num_chunks_taken_from_freelist: 348.
num_chunk_merges: 0.
num_chunk_splits: 236.
num_chunks_enlarged: 191.
num_inconsistent_stats: 0.

CodeHeap 'non-profiled nmethods': size=120000Kb used=698Kb max_used=698Kb free=119302Kb
 bounds [0x0000026cefbf0000, 0x0000026cefe60000, 0x0000026cf7120000]
CodeHeap 'profiled nmethods': size=120000Kb used=3173Kb max_used=3173Kb free=116826Kb
 bounds [0x0000026ce8120000, 0x0000026ce8440000, 0x0000026cef650000]
CodeHeap 'non-nmethods': size=5760Kb used=1172Kb max_used=1188Kb free=4587Kb
 bounds [0x0000026cef650000, 0x0000026cef8c0000, 0x0000026cefbf0000]
 total_blobs=2165 nmethods=1696 adapters=382
 compilation: enabled
              stopped_count=0, restarted_count=0
 full_count=0

Compilation events (20 events):
Event: 176.199 Thread 0x0000026cf9785ea0 nmethod 1689 0x0000026ce8438390 code [0x0000026ce8438540, 0x0000026ce8438718]
Event: 176.299 Thread 0x0000026cf9759100 1690       4       java.lang.AbstractStringBuilder::insert (54 bytes)
Event: 176.316 Thread 0x0000026cf9759100 nmethod 1690 0x0000026cefc9c010 code [0x0000026cefc9c1a0, 0x0000026cefc9c9b8]
Event: 176.316 Thread 0x0000026cf9759100 1691       4       java.lang.String::checkOffset (48 bytes)
Event: 176.317 Thread 0x0000026cf9759100 nmethod 1691 0x0000026cefc9ce10 code [0x0000026cefc9cf80, 0x0000026cefc9d018]
Event: 176.326 Thread 0x0000026cf9785ea0 1692       3       java.util.ArrayDeque$DeqIterator::next (62 bytes)
Event: 176.327 Thread 0x0000026cf9785ea0 nmethod 1692 0x0000026ce8438810 code [0x0000026ce84389e0, 0x0000026ce8438df8]
Event: 176.332 Thread 0x0000026cf9785ea0 1693       3       org.gradle.internal.logging.sink.GroupingProgressLogEventGenerator$OperationGroup::shouldPrintHeader (37 bytes)
Event: 176.333 Thread 0x0000026cf9785ea0 nmethod 1693 0x0000026ce8439010 code [0x0000026ce84391c0, 0x0000026ce8439508]
Event: 176.349 Thread 0x0000026cf9759100 1694       4       java.util.HashMap$HashIterator::hasNext (13 bytes)
Event: 176.350 Thread 0x0000026cf9759100 nmethod 1694 0x0000026cefc9d110 code [0x0000026cefc9d280, 0x0000026cefc9d318]
Event: 176.393 Thread 0x0000026cf9759100 1695       4       java.util.LinkedHashMap$LinkedValueIterator::next (8 bytes)
Event: 176.397 Thread 0x0000026cf9759100 nmethod 1695 0x0000026cefc9d410 code [0x0000026cefc9d580, 0x0000026cefc9d7f8]
Event: 176.407 Thread 0x0000026cf9759100 1696       4       java.util.HashMap$HashIterator::nextNode (100 bytes)
Event: 176.417 Thread 0x0000026cf9759100 nmethod 1696 0x0000026cefc9d910 code [0x0000026cefc9daa0, 0x0000026cefc9de98]
Event: 176.457 Thread 0x0000026cf9759100 1697       4       java.util.AbstractList::listIterator (6 bytes)
Event: 176.461 Thread 0x0000026cf9759100 nmethod 1697 0x0000026cefc9e010 code [0x0000026cefc9e1c0, 0x0000026cefc9e388]
Event: 176.475 Thread 0x0000026cf9759100 1698       4       java.util.Collections$SingletonList::get (41 bytes)
Event: 176.476 Thread 0x0000026cf9759100 nmethod 1698 0x0000026cefc9e510 code [0x0000026cefc9e680, 0x0000026cefc9e718]
Event: 176.530 Thread 0x0000026cf9759100 1699       4       org.gradle.internal.logging.console.DefaultRedrawableLabel::redraw (163 bytes)

GC Heap History (4 events):
Event: 0.636 GC heap before
{Heap before GC invocations=0 (full 0):
 garbage-first heap   total 65536K, used 12288K [0x00000000fc000000, 0x0000000100000000)
  region size 1024K, 13 young (13312K), 0 survivors (0K)
 Metaspace       used 1695K, committed 1792K, reserved 1114112K
  class space    used 157K, committed 192K, reserved 1048576K
}
Event: 0.642 GC heap after
{Heap after GC invocations=1 (full 0):
 garbage-first heap   total 65536K, used 1496K [0x00000000fc000000, 0x0000000100000000)
  region size 1024K, 2 young (2048K), 2 survivors (2048K)
 Metaspace       used 1695K, committed 1792K, reserved 1114112K
  class space    used 157K, committed 192K, reserved 1048576K
}
Event: 1.456 GC heap before
{Heap before GC invocations=1 (full 0):
 garbage-first heap   total 65536K, used 23000K [0x00000000fc000000, 0x0000000100000000)
  region size 1024K, 20 young (20480K), 2 survivors (2048K)
 Metaspace       used 3687K, committed 3840K, reserved 1114112K
  class space    used 437K, committed 512K, reserved 1048576K
}
Event: 1.468 GC heap after
{Heap after GC invocations=2 (full 0):
 garbage-first heap   total 65536K, used 11053K [0x00000000fc000000, 0x0000000100000000)
  region size 1024K, 3 young (3072K), 3 survivors (3072K)
 Metaspace       used 3687K, committed 3840K, reserved 1114112K
  class space    used 437K, committed 512K, reserved 1048576K
}

Deoptimization events (20 events):
Event: 2.581 Thread 0x0000026cde88e290 Uncommon trap: trap_request=0xffffffc6 fr.pc=0x0000026cefc2d5b8 relative=0x0000000000000b98
Event: 2.581 Thread 0x0000026cde88e290 Uncommon trap: reason=bimorphic_or_optimized_type_check action=maybe_recompile pc=0x0000026cefc2d5b8 method=java.util.HashMap.putVal(ILjava/lang/Object;Ljava/lang/Object;ZZ)Ljava/lang/Object; @ 203 c2
Event: 2.581 Thread 0x0000026cde88e290 DEOPT PACKING pc=0x0000026cefc2d5b8 sp=0x00000086db2fa270
Event: 2.581 Thread 0x0000026cde88e290 DEOPT UNPACKING pc=0x0000026cef6a23a3 sp=0x00000086db2fa1a8 mode 2
Event: 2.581 Thread 0x0000026cde88e290 Uncommon trap: trap_request=0xffffffc6 fr.pc=0x0000026cefc2d5b8 relative=0x0000000000000b98
Event: 2.581 Thread 0x0000026cde88e290 Uncommon trap: reason=bimorphic_or_optimized_type_check action=maybe_recompile pc=0x0000026cefc2d5b8 method=java.util.HashMap.putVal(ILjava/lang/Object;Ljava/lang/Object;ZZ)Ljava/lang/Object; @ 203 c2
Event: 2.582 Thread 0x0000026cde88e290 DEOPT PACKING pc=0x0000026cefc2d5b8 sp=0x00000086db2fa270
Event: 2.582 Thread 0x0000026cde88e290 DEOPT UNPACKING pc=0x0000026cef6a23a3 sp=0x00000086db2fa1a8 mode 2
Event: 2.583 Thread 0x0000026cde88e290 Uncommon trap: trap_request=0xffffffc6 fr.pc=0x0000026cefc2d5b8 relative=0x0000000000000b98
Event: 2.583 Thread 0x0000026cde88e290 Uncommon trap: reason=bimorphic_or_optimized_type_check action=maybe_recompile pc=0x0000026cefc2d5b8 method=java.util.HashMap.putVal(ILjava/lang/Object;Ljava/lang/Object;ZZ)Ljava/lang/Object; @ 203 c2
Event: 2.583 Thread 0x0000026cde88e290 DEOPT PACKING pc=0x0000026cefc2d5b8 sp=0x00000086db2fa270
Event: 2.583 Thread 0x0000026cde88e290 DEOPT UNPACKING pc=0x0000026cef6a23a3 sp=0x00000086db2fa1a8 mode 2
Event: 2.590 Thread 0x0000026cde88e290 Uncommon trap: trap_request=0xffffffc6 fr.pc=0x0000026cefc2d5b8 relative=0x0000000000000b98
Event: 2.590 Thread 0x0000026cde88e290 Uncommon trap: reason=bimorphic_or_optimized_type_check action=maybe_recompile pc=0x0000026cefc2d5b8 method=java.util.HashMap.putVal(ILjava/lang/Object;Ljava/lang/Object;ZZ)Ljava/lang/Object; @ 203 c2
Event: 2.590 Thread 0x0000026cde88e290 DEOPT PACKING pc=0x0000026cefc2d5b8 sp=0x00000086db2fa270
Event: 2.590 Thread 0x0000026cde88e290 DEOPT UNPACKING pc=0x0000026cef6a23a3 sp=0x00000086db2fa1a8 mode 2
Event: 2.713 Thread 0x0000026cde88e290 Uncommon trap: trap_request=0xffffff45 fr.pc=0x0000026cefc59874 relative=0x0000000000000414
Event: 2.713 Thread 0x0000026cde88e290 Uncommon trap: reason=unstable_if action=reinterpret pc=0x0000026cefc59874 method=java.util.regex.Matcher.match(II)Z @ 76 c2
Event: 2.713 Thread 0x0000026cde88e290 DEOPT PACKING pc=0x0000026cefc59874 sp=0x00000086db2fc1b0
Event: 2.713 Thread 0x0000026cde88e290 DEOPT UNPACKING pc=0x0000026cef6a23a3 sp=0x00000086db2fc168 mode 2

Classes unloaded (0 events):
No events

Classes redefined (0 events):
No events

Internal exceptions (20 events):
Event: 0.312 Thread 0x0000026cde88e290 Exception <a 'java/lang/NoSuchMethodError'{0x00000000ffc00560}: 'int java.lang.invoke.DirectMethodHandle$Holder.invokeStaticInit(java.lang.Object, java.lang.Object)'> (0x00000000ffc00560) 
thrown [s\open\src\hotspot\share\interpreter\linkResolver.cpp, line 759]
Event: 1.441 Thread 0x0000026cde88e290 Exception <a 'java/lang/NoSuchMethodError'{0x00000000fecca190}: 'void java.lang.invoke.DirectMethodHandle$Holder.invokeStatic(java.lang.Object, java.lang.Object)'> (0x00000000fecca190) 
thrown [s\open\src\hotspot\share\interpreter\linkResolver.cpp, line 759]
Event: 1.498 Thread 0x0000026cde88e290 Exception <a 'java/lang/NoClassDefFoundError'{0x00000000fff5ef48}: org/slf4j/impl/StaticMarkerBinder> (0x00000000fff5ef48) 
thrown [s\open\src\hotspot\share\classfile\systemDictionary.cpp, line 245]
Event: 1.536 Thread 0x0000026cde88e290 Exception <a 'java/lang/NoSuchMethodError'{0x00000000ffe1c908}: 'java.lang.Object java.lang.invoke.DirectMethodHandle$Holder.invokeVirtual(java.lang.Object, java.lang.Object, java.lang.Object)'> (0x00000000ffe1c908) 
thrown [s\open\src\hotspot\share\interpreter\linkResolver.cpp, line 759]
Event: 1.557 Thread 0x0000026cde88e290 Exception <a 'java/lang/NoSuchMethodError'{0x00000000ffe74fe0}: 'java.lang.Object java.lang.invoke.Invokers$Holder.invoker(java.lang.Object, java.lang.Object, java.lang.Object)'> (0x00000000ffe74fe0) 
thrown [s\open\src\hotspot\share\interpreter\linkResolver.cpp, line 759]
Event: 1.561 Thread 0x0000026cde88e290 Exception <a 'java/lang/NoSuchMethodError'{0x00000000ffe7dfd8}: 'java.lang.Object java.lang.invoke.DirectMethodHandle$Holder.invokeStatic(java.lang.Object, java.lang.Object, int)'> (0x00000000ffe7dfd8) 
thrown [s\open\src\hotspot\share\interpreter\linkResolver.cpp, line 759]
Event: 1.564 Thread 0x0000026cde88e290 Exception <a 'java/lang/NoSuchMethodError'{0x00000000ffe89f08}: 'void java.lang.invoke.DelegatingMethodHandle$Holder.delegate(java.lang.Object, java.lang.Object, int, java.lang.Object)'> (0x00000000ffe89f08) 
thrown [s\open\src\hotspot\share\interpreter\linkResolver.cpp, line 759]
Event: 1.566 Thread 0x0000026cde88e290 Exception <a 'java/lang/NoSuchMethodError'{0x00000000ffe8e0d0}: 'int java.lang.invoke.DirectMethodHandle$Holder.invokeSpecial(java.lang.Object, java.lang.Object, java.lang.Object)'> (0x00000000ffe8e0d0) 
thrown [s\open\src\hotspot\share\interpreter\linkResolver.cpp, line 759]
Event: 1.572 Thread 0x0000026cde88e290 Exception <a 'java/lang/NoSuchMethodError'{0x00000000ffea11e0}: 'java.lang.Object java.lang.invoke.Invokers$Holder.invokeExact_MT(java.lang.Object, java.lang.Object, java.lang.Object, java.lang.Object)'> (0x00000000ffea11e0) 
thrown [s\open\src\hotspot\share\interpreter\linkResolver.cpp, line 759]
Event: 1.832 Thread 0x0000026cde88e290 Exception <a 'java/lang/NoSuchMethodError'{0x00000000ff608728}: 'void java.lang.invoke.DirectMethodHandle$Holder.invokeSpecial(java.lang.Object, java.lang.Object, java.lang.Object)'> (0x00000000ff608728) 
thrown [s\open\src\hotspot\share\interpreter\linkResolver.cpp, line 759]
Event: 1.846 Thread 0x0000026cde88e290 Implicit null exception at 0x0000026cefc52c8a to 0x0000026cefc53158
Event: 1.846 Thread 0x0000026cde88e290 Implicit null exception at 0x0000026cefc3570a to 0x0000026cefc35bdc
Event: 1.846 Thread 0x0000026cde88e290 Implicit null exception at 0x0000026cefc2bf8f to 0x0000026cefc2c009
Event: 1.877 Thread 0x0000026cde88e290 Exception <a 'java/lang/NoSuchMethodError'{0x00000000ff578dc8}: 'java.lang.Object java.lang.invoke.DirectMethodHandle$Holder.invokeStaticInit(java.lang.Object)'> (0x00000000ff578dc8) 
thrown [s\open\src\hotspot\share\interpreter\linkResolver.cpp, line 759]
Event: 1.919 Thread 0x0000026cde88e290 Exception <a 'java/lang/NoSuchMethodError'{0x00000000ff41bc10}: 'int java.lang.invoke.DirectMethodHandle$Holder.invokeVirtual(java.lang.Object, java.lang.Object, java.lang.Object)'> (0x00000000ff41bc10) 
thrown [s\open\src\hotspot\share\interpreter\linkResolver.cpp, line 759]
Event: 2.066 Thread 0x0000026cde88e290 Exception <a 'java/lang/NoSuchMethodError'{0x00000000fef3e558}: 'java.lang.Object java.lang.invoke.DirectMethodHandle$Holder.invokeStaticInit(java.lang.Object, int, int, int, int)'> (0x00000000fef3e558) 
thrown [s\open\src\hotspot\share\interpreter\linkResolver.cpp, line 759]
Event: 2.112 Thread 0x0000026cde88e290 Exception <a 'java/lang/NoSuchMethodError'{0x00000000fef6e178}: 'java.lang.Object java.lang.invoke.DirectMethodHandle$Holder.invokeStaticInit(java.lang.Object, java.lang.Object, int, int, int, int)'> (0x00000000fef6e178) 
thrown [s\open\src\hotspot\share\interpreter\linkResolver.cpp, line 759]
Event: 2.453 Thread 0x0000026cde88e290 Exception <a 'java/lang/NoSuchMethodError'{0x00000000fefa28f0}: 'void java.lang.invoke.DirectMethodHandle$Holder.invokeStatic(java.lang.Object, java.lang.Object, java.lang.Object)'> (0x00000000fefa28f0) 
thrown [s\open\src\hotspot\share\interpreter\linkResolver.cpp, line 759]
Event: 2.506 Thread 0x0000026cde88e290 Implicit null exception at 0x0000026cefc30a55 to 0x0000026cefc30fdc
Event: 2.508 Thread 0x0000026cde88e290 Implicit null exception at 0x0000026cefc315d2 to 0x0000026cefc31b50

VM Operations (20 events):
Event: 64.260 Executing VM operation: Cleanup
Event: 64.260 Executing VM operation: Cleanup done
Event: 65.261 Executing VM operation: Cleanup
Event: 65.261 Executing VM operation: Cleanup done
Event: 71.322 Executing VM operation: Cleanup
Event: 71.322 Executing VM operation: Cleanup done
Event: 73.332 Executing VM operation: Cleanup
Event: 73.332 Executing VM operation: Cleanup done
Event: 82.419 Executing VM operation: Cleanup
Event: 82.419 Executing VM operation: Cleanup done
Event: 83.420 Executing VM operation: Cleanup
Event: 83.420 Executing VM operation: Cleanup done
Event: 95.530 Executing VM operation: Cleanup
Event: 95.530 Executing VM operation: Cleanup done
Event: 103.553 Executing VM operation: Cleanup
Event: 103.553 Executing VM operation: Cleanup done
Event: 104.554 Executing VM operation: Cleanup
Event: 104.554 Executing VM operation: Cleanup done
Event: 138.788 Executing VM operation: Cleanup
Event: 138.788 Executing VM operation: Cleanup done

Events (20 events):
Event: 56.915 loading class jdk/internal/logger/LazyLoggers$LazyLoggerFactories
Event: 56.916 loading class jdk/internal/logger/LazyLoggers$LazyLoggerFactories done
Event: 56.917 loading class jdk/internal/logger/LoggerFinderLoader
Event: 56.917 loading class jdk/internal/logger/LoggerFinderLoader done
Event: 56.918 loading class jdk/internal/logger/LoggerFinderLoader$TemporaryLoggerFinder
Event: 56.918 loading class jdk/internal/logger/LoggerFinderLoader$TemporaryLoggerFinder done
Event: 56.919 loading class sun/util/logging/internal/LoggingProviderImpl$JULWrapper
Event: 56.919 loading class sun/util/logging/PlatformLogger$ConfigurableBridge$LoggerConfiguration
Event: 56.919 loading class sun/util/logging/PlatformLogger$ConfigurableBridge$LoggerConfiguration done
Event: 56.919 loading class sun/util/logging/internal/LoggingProviderImpl$JULWrapper done
Event: 56.920 loading class java/io/ObjectInputFilter
Event: 56.920 loading class java/io/ObjectInputFilter done
Event: 56.921 loading class java/io/ObjectInputFilter$Config$BuiltinFilterFactory
Event: 56.922 loading class java/io/ObjectInputFilter$Config$BuiltinFilterFactory done
Event: 56.922 loading class jdk/internal/access/JavaObjectInputFilterAccess
Event: 56.922 loading class jdk/internal/access/JavaObjectInputFilterAccess done
Event: 56.923 loading class java/lang/System$Logger$Level
Event: 56.924 loading class java/lang/System$Logger$Level done
Event: 56.924 loading class java/io/Bits
Event: 56.924 loading class java/io/Bits done


Dynamic libraries:
0x00007ff7e4800000 - 0x00007ff7e4810000 	C:\Program Files\Java\jdk-17\bin\java.exe
0x00007ff883b10000 - 0x00007ff883d08000 	C:\Windows\SYSTEM32\ntdll.dll
0x00007ff882030000 - 0x00007ff8820f2000 	C:\Windows\System32\KERNEL32.DLL
0x00007ff8813e0000 - 0x00007ff8816df000 	C:\Windows\System32\KERNELBASE.dll
0x00007ff881990000 - 0x00007ff881a90000 	C:\Windows\System32\ucrtbase.dll
0x00007ff869e90000 - 0x00007ff869ea9000 	C:\Program Files\Java\jdk-17\bin\jli.dll
0x00007ff881f80000 - 0x00007ff88202f000 	C:\Windows\System32\ADVAPI32.dll
0x00007ff8822d0000 - 0x00007ff88236e000 	C:\Windows\System32\msvcrt.dll
0x00007ff881ee0000 - 0x00007ff881f7f000 	C:\Windows\System32\sechost.dll
0x00007ff883320000 - 0x00007ff883443000 	C:\Windows\System32\RPCRT4.dll
0x00007ff8818b0000 - 0x00007ff8818d7000 	C:\Windows\System32\bcrypt.dll
0x00007ff869e70000 - 0x00007ff869e8b000 	C:\Program Files\Java\jdk-17\bin\VCRUNTIME140.dll
0x00007ff881c00000 - 0x00007ff881d9d000 	C:\Windows\System32\USER32.dll
0x00007ff8811b0000 - 0x00007ff8811d2000 	C:\Windows\System32\win32u.dll
0x00007ff883900000 - 0x00007ff88392b000 	C:\Windows\System32\GDI32.dll
0x00007ff8811e0000 - 0x00007ff8812fa000 	C:\Windows\System32\gdi32full.dll
0x00007ff881a90000 - 0x00007ff881b2d000 	C:\Windows\System32\msvcp_win.dll
0x00007ff870780000 - 0x00007ff870a1a000 	C:\Windows\WinSxS\amd64_microsoft.windows.common-controls_6595b64144ccf1df_6.0.19041.4355_none_60b8b9eb71f62e16\COMCTL32.dll
0x00007ff8745d0000 - 0x00007ff8745da000 	C:\Windows\SYSTEM32\VERSION.dll
0x00007ff8832f0000 - 0x00007ff88331f000 	C:\Windows\System32\IMM32.DLL
0x00007ff87b400000 - 0x00007ff87b40c000 	C:\Program Files\Java\jdk-17\bin\vcruntime140_1.dll
0x00007ff844de0000 - 0x00007ff844e6e000 	C:\Program Files\Java\jdk-17\bin\msvcp140.dll
0x00007ff80da90000 - 0x00007ff80e66f000 	C:\Program Files\Java\jdk-17\bin\server\jvm.dll
0x00007ff882100000 - 0x00007ff882108000 	C:\Windows\System32\PSAPI.DLL
0x00007ff86bd20000 - 0x00007ff86bd29000 	C:\Windows\SYSTEM32\WSOCK32.dll
0x00007ff871760000 - 0x00007ff871787000 	C:\Windows\SYSTEM32\WINMM.dll
0x00007ff881e70000 - 0x00007ff881edb000 	C:\Windows\System32\WS2_32.dll
0x00007ff87eff0000 - 0x00007ff87f002000 	C:\Windows\SYSTEM32\kernel.appcore.dll
0x00007ff86b3f0000 - 0x00007ff86b3fa000 	C:\Program Files\Java\jdk-17\bin\jimage.dll
0x00007ff86ec40000 - 0x00007ff86ee24000 	C:\Windows\SYSTEM32\DBGHELP.DLL
0x00007ff86ec00000 - 0x00007ff86ec34000 	C:\Windows\SYSTEM32\dbgcore.DLL
0x00007ff881300000 - 0x00007ff881382000 	C:\Windows\System32\bcryptPrimitives.dll
0x00007ff869e40000 - 0x00007ff869e65000 	C:\Program Files\Java\jdk-17\bin\java.dll
0x00007ff8448d0000 - 0x00007ff8449a7000 	C:\Program Files\Java\jdk-17\bin\jsvml.dll
0x00007ff882420000 - 0x00007ff882b8d000 	C:\Windows\System32\SHELL32.dll
0x00007ff87f1f0000 - 0x00007ff87f994000 	C:\Windows\SYSTEM32\windows.storage.dll
0x00007ff883450000 - 0x00007ff8837a5000 	C:\Windows\System32\combase.dll
0x00007ff880a30000 - 0x00007ff880a5f000 	C:\Windows\SYSTEM32\Wldp.dll
0x00007ff883830000 - 0x00007ff8838fd000 	C:\Windows\System32\OLEAUT32.dll
0x00007ff881dc0000 - 0x00007ff881e6d000 	C:\Windows\System32\SHCORE.dll
0x00007ff881b90000 - 0x00007ff881be5000 	C:\Windows\System32\shlwapi.dll
0x00007ff8810e0000 - 0x00007ff881104000 	C:\Windows\SYSTEM32\profapi.dll
0x00007ff868500000 - 0x00007ff868519000 	C:\Program Files\Java\jdk-17\bin\net.dll
0x00007ff874140000 - 0x00007ff87424a000 	C:\Windows\SYSTEM32\WINHTTP.dll
0x00007ff880810000 - 0x00007ff88087c000 	C:\Windows\system32\mswsock.dll
0x00007ff8684e0000 - 0x00007ff8684f6000 	C:\Program Files\Java\jdk-17\bin\nio.dll
0x00007ff8684c0000 - 0x00007ff8684d8000 	C:\Program Files\Java\jdk-17\bin\zip.dll
0x00007ff87bd80000 - 0x00007ff87bd90000 	C:\Program Files\Java\jdk-17\bin\verify.dll
0x00007ff87a1c0000 - 0x00007ff87a1e7000 	C:\Users\Lucie\.gradle\native\c067742578af261105cb4f569cf0c3c89f3d7b1fecec35dd04571415982c5e48\windows-amd64\native-platform.dll
0x00007ff87c2b0000 - 0x00007ff87c2ba000 	C:\Users\Lucie\.gradle\native\jansi\1.18\windows64\jansi.dll
0x00007ff8684a0000 - 0x00007ff8684aa000 	C:\Program Files\Java\jdk-17\bin\management.dll
0x00007ff868420000 - 0x00007ff86842b000 	C:\Program Files\Java\jdk-17\bin\management_ext.dll
0x00007ff880a70000 - 0x00007ff880a88000 	C:\Windows\SYSTEM32\CRYPTSP.dll
0x00007ff880150000 - 0x00007ff880184000 	C:\Windows\system32\rsaenh.dll
0x00007ff8810a0000 - 0x00007ff8810ce000 	C:\Windows\SYSTEM32\USERENV.dll
0x00007ff8809a0000 - 0x00007ff8809ac000 	C:\Windows\SYSTEM32\CRYPTBASE.dll
0x00007ff880510000 - 0x00007ff88054b000 	C:\Windows\SYSTEM32\IPHLPAPI.DLL
0x00007ff881bf0000 - 0x00007ff881bf8000 	C:\Windows\System32\NSI.dll
0x00007ff874560000 - 0x00007ff874577000 	C:\Windows\SYSTEM32\dhcpcsvc6.DLL
0x00007ff877df0000 - 0x00007ff877e0d000 	C:\Windows\SYSTEM32\dhcpcsvc.DLL
0x00007ff880550000 - 0x00007ff88061a000 	C:\Windows\SYSTEM32\DNSAPI.dll
0x00007ff869e10000 - 0x00007ff869e1e000 	C:\Program Files\Java\jdk-17\bin\sunmscapi.dll
0x00007ff881750000 - 0x00007ff8818ac000 	C:\Windows\System32\CRYPT32.dll
0x00007ff880b80000 - 0x00007ff880ba7000 	C:\Windows\SYSTEM32\ncrypt.dll
0x00007ff880b40000 - 0x00007ff880b7b000 	C:\Windows\SYSTEM32\NTASN1.dll
0x00007ff8705f0000 - 0x00007ff8705f7000 	C:\Windows\system32\wshunix.dll

dbghelp: loaded successfully - version: 4.0.5 - missing functions: none
symbol engine: initialized successfully - sym options: 0x614 - pdb path: .;C:\Program Files\Java\jdk-17\bin;C:\Windows\SYSTEM32;C:\Windows\WinSxS\amd64_microsoft.windows.common-controls_6595b64144ccf1df_6.0.19041.4355_none_60b8b9eb71f62e16;C:\Program Files\Java\jdk-17\bin\server;C:\Users\Lucie\.gradle\native\c067742578af261105cb4f569cf0c3c89f3d7b1fecec35dd04571415982c5e48\windows-amd64;C:\Users\Lucie\.gradle\native\jansi\1.18\windows64

VM Arguments:
jvm_args: -Xmx64m -Xms64m -Dorg.gradle.appname=gradlew 
java_command: org.gradle.wrapper.GradleWrapperMain build
java_class_path (initial): C:\Users\Lucie\AndroidStudioProjects\KeyReceivedDemo\\gradle\wrapper\gradle-wrapper.jar
Launcher Type: SUN_STANDARD

[Global flags]
     intx CICompilerCount                          = 3                                         {product} {ergonomic}
     uint ConcGCThreads                            = 1                                         {product} {ergonomic}
     uint G1ConcRefinementThreads                  = 4                                         {product} {ergonomic}
   size_t G1HeapRegionSize                         = 1048576                                   {product} {ergonomic}
    uintx GCDrainStackTargetSize                   = 64                                        {product} {ergonomic}
   size_t InitialHeapSize                          = 67108864                                  {product} {command line}
   size_t MarkStackSize                            = 4194304                                   {product} {ergonomic}
   size_t MaxHeapSize                              = 67108864                                  {product} {command line}
   size_t MaxNewSize                               = 39845888                                  {product} {ergonomic}
   size_t MinHeapDeltaBytes                        = 1048576                                   {product} {ergonomic}
   size_t MinHeapSize                              = 67108864                                  {product} {command line}
    uintx NonNMethodCodeHeapSize                   = 5832780                                {pd product} {ergonomic}
    uintx NonProfiledCodeHeapSize                  = 122912730                              {pd product} {ergonomic}
    uintx ProfiledCodeHeapSize                     = 122912730                              {pd product} {ergonomic}
    uintx ReservedCodeCacheSize                    = 251658240                              {pd product} {ergonomic}
     bool SegmentedCodeCache                       = true                                      {product} {ergonomic}
   size_t SoftMaxHeapSize                          = 67108864                               {manageable} {ergonomic}
     bool UseCompressedClassPointers               = true                           {product lp64_product} {ergonomic}
     bool UseCompressedOops                        = true                           {product lp64_product} {ergonomic}
     bool UseG1GC                                  = true                                      {product} {ergonomic}
     bool UseLargePagesIndividualAllocation        = false                                  {pd product} {ergonomic}

Logging:
Log output configuration:
 #0: stdout all=warning uptime,level,tags
 #1: stderr all=off uptime,level,tags

Environment Variables:
CLASSPATH=C:\Users\Lucie\AndroidStudioProjects\KeyReceivedDemo\\gradle\wrapper\gradle-wrapper.jar
PATH=C:\Program Files\Java\jdk-17\bin;C:\ProgramData\Oracle\Java\javapath;C:\Program Files\Common Files\Oracle\Java\javapath;C:\xampp\php;C:\Windows\system32;C:\Windows;C:\Windows\System32\Wbem;C:\Windows\System32\WindowsPowerShell\v1.0\;C:\Windows\System32\OpenSSH\;"C:\Program Files (x86)\Git\cmd;";C:\Program Files\Git\cmd;C:\ProgramData\ComposerSetup\bin;C:\ProgramData\chocolatey\bin;C:\Program Files\nodejs\;C:\Program Files\Docker\Docker\resources\bin;C:\kobweb-0.9.18\bin;C:\Users\Lucie\AppData\Local\Programs\Python\Python39\python.exe;C:\Users\Lucie\AppData\Local\Programs\Python\Python310\;C:\Users\Lucie\AppData\Local\Microsoft\WindowsApps;C:\Users\Lucie\AppData\Roaming\Microsoft\Windows\Start Menu\Programs\Python 3.10;C:\Users\Lucie\AppData\Local\Programs\Microsoft VS Code\bin;C:\Program Files\JetBrains\IntelliJ IDEA Community Edition 2024.2.1\bin;C:\Users\Lucie\AppData\Roaming\Composer\vendor\bin;C:\Users\Lucie\AppData\Local\GitHubDesktop\bin;C:\Users\Lucie\AppData\Roaming\npm;C:\Program Files\JetBrains\PhpStorm 2023.2.4\bin;
USERNAME=Lucie
OS=Windows_NT
PROCESSOR_IDENTIFIER=Intel64 Family 6 Model 58 Stepping 9, GenuineIntel



---------------  S Y S T E M  ---------------

OS:
 Windows 10 , 64 bit Build 19041 (10.0.19041.5438)
OS uptime: 5 days 10:05 hours
Hyper-V role detected

CPU: total 4 (initial active 4) (2 cores per cpu, 2 threads per core) family 6 model 58 stepping 9 microcode 0x21, cx8, cmov, fxsr, ht, mmx, sse, sse2, sse3, ssse3, sse4.1, sse4.2, popcnt, tsc, tscinvbit, avx, aes, erms, clmul, vzeroupper, clflush, hv

Memory: 4k page, system-wide physical 12169M (475M free)
TotalPageFile size 14217M (AvailPageFile size 2M)
current process WorkingSet (physical memory assigned to process): 96M, peak: 100M
current process commit charge ("private bytes"): 159M, peak: 167M

vm_info: Java HotSpot(TM) 64-Bit Server VM (17.0.10+11-LTS-240) for windows-amd64 JRE (17.0.10+11-LTS-240), built on Dec 19 2023 21:47:25 by "mach5one" with MS VC++ 17.1 (VS2022)

END.
