#
# There is insufficient memory for the Java Runtime Environment to continue.
# Native memory allocation (malloc) failed to allocate 828176 bytes for Chunk::new
# Possible reasons:
#   The system is out of physical RAM or swap space
#   The process is running with CompressedOops enabled, and the Java Heap may be blocking the growth of the native heap
# Possible solutions:
#   Reduce memory load on the system
#   Increase physical memory or swap space
#   Check if swap backing store is full
#   Decrease Java heap size (-Xmx/-Xms)
#   Decrease number of Java threads
#   Decrease Java thread stack sizes (-Xss)
#   Set larger code cache with -XX:ReservedCodeCacheSize=
#   JVM is running with Unscaled Compressed Oops mode in which the Java heap is
#     placed in the first 4GB address space. The Java Heap base address is the
#     maximum limit for the native heap growth. Please use -XX:HeapBaseMinAddress
#     to set the Java Heap base and to place the Java Heap above 4GB virtual address.
# This output file may be truncated or incomplete.
#
#  Out of Memory Error (arena.cpp:189), pid=15336, tid=13652
#
# JRE version: Java(TM) SE Runtime Environment (17.0.10+11) (build 17.0.10+11-LTS-240)
# Java VM: Java HotSpot(TM) 64-Bit Server VM (17.0.10+11-LTS-240, mixed mode, sharing, tiered, compressed oops, compressed class ptrs, g1 gc, windows-amd64)
# No core dump will be written. Minidumps are not enabled by default on client versions of Windows
#

---------------  S U M M A R Y ------------

Command Line: --add-opens=java.base/java.util=ALL-UNNAMED --add-opens=java.base/java.lang=ALL-UNNAMED --add-opens=java.base/java.lang.invoke=ALL-UNNAMED --add-opens=java.prefs/java.util.prefs=ALL-UNNAMED --add-exports=jdk.compiler/com.sun.tools.javac.api=ALL-UNNAMED --add-exports=jdk.compiler/com.sun.tools.javac.util=ALL-UNNAMED --add-opens=java.base/java.nio.charset=ALL-UNNAMED --add-opens=java.base/java.net=ALL-UNNAMED --add-opens=java.base/java.util.concurrent.atomic=ALL-UNNAMED -Xmx2048m -Dfile.encoding=UTF-8 -Duser.country=FR -Duser.language=fr -Duser.variant -javaagent:C:\Users\Lucie\.gradle\wrapper\dists\gradle-8.9-bin\90cnw93cvbtalezasaz0blq0a\gradle-8.9\lib\agents\gradle-instrumentation-agent-8.9.jar org.gradle.launcher.daemon.bootstrap.GradleDaemon 8.9

Host: Intel(R) Core(TM) i5-3337U CPU @ 1.80GHz, 4 cores, 11G,  Windows 10 , 64 bit Build 19041 (10.0.19041.5438)
Time: Thu Mar 13 14:33:49 2025 Paris, Madrid elapsed time: 105.803849 seconds (0d 0h 1m 45s)

---------------  T H R E A D  ---------------

Current thread (0x000002ec7d935770):  JavaThread "C2 CompilerThread0" daemon [_thread_in_native, id=13652, stack(0x000000f055f00000,0x000000f056000000)]


Current CompileTask:
C2: 105804 22893       4       org.gradle.internal.component.external.model.LazyVariantBackedConfigurationMetadata$RuleAwareVariant::getAttributes (40 bytes)

Stack: [0x000000f055f00000,0x000000f056000000]
Native frames: (J=compiled Java code, j=interpreted, Vv=VM code, C=native code)
V  [jvm.dll+0x677a5a]
V  [jvm.dll+0x7d8b2d]
V  [jvm.dll+0x7da48e]
V  [jvm.dll+0x7daaf3]
V  [jvm.dll+0x2455ff]
V  [jvm.dll+0xaaafb]
V  [jvm.dll+0xab09c]
V  [jvm.dll+0x361b5f]
V  [jvm.dll+0x32c211]
V  [jvm.dll+0x32b6aa]
V  [jvm.dll+0x21794f]
V  [jvm.dll+0x216d81]
V  [jvm.dll+0x1a3410]
V  [jvm.dll+0x226aeb]
V  [jvm.dll+0x224cab]
V  [jvm.dll+0x78e45c]
V  [jvm.dll+0x78888a]
V  [jvm.dll+0x676935]
C  [ucrtbase.dll+0x21bb2]
C  [KERNEL32.DLL+0x17374]
C  [ntdll.dll+0x4cc91]


---------------  P R O C E S S  ---------------

Threads class SMR info:
_java_thread_list=0x000002ec648bbc80, length=88, elements={
0x000002ec6efa9b40, 0x000002ec7d918cb0, 0x000002ec7d919a40, 0x000002ec7d92b120,
0x000002ec7d92bbf0, 0x000002ec7d92ece0, 0x000002ec7d9315c0, 0x000002ec7d935770,
0x000002ec7d936130, 0x000002ec7d93fa60, 0x000002ec7d902960, 0x000002ec7dc370b0,
0x000002ec7eb6f590, 0x000002ec7eb6faa0, 0x000002ec7eb6ffb0, 0x000002ec7eb6eb70,
0x000002ec7eb6d730, 0x000002ec7eb70ee0, 0x000002ec7eb709d0, 0x000002ec7eb6dc40,
0x000002ec7eb6e150, 0x000002ec7eb6e660, 0x000002ec543754f0, 0x000002ec54373ba0,
0x000002ec54374ad0, 0x000002ec54373180, 0x000002ec54377350, 0x000002ec543740b0,
0x000002ec54376930, 0x000002ec54372250, 0x000002ec54371d40, 0x000002ec54370e10,
0x000002ec543745c0, 0x000002ec54374fe0, 0x000002ec54373690, 0x000002ec54375a00,
0x000002ec54378280, 0x000002ec54372c70, 0x000002ec54377860, 0x000002ec54376e40,
0x000002ec54376420, 0x000002ec54377d70, 0x000002ec6459d270, 0x000002ec6459be30,
0x000002ec6459ebc0, 0x000002ec6459dc90, 0x000002ec6459e1a0, 0x000002ec6459c850,
0x000002ec6459e6b0, 0x000002ec6459c340, 0x000002ec648c8650, 0x000002ec576f00d0,
0x000002ec576f7a50, 0x000002ec576f05e0, 0x000002ec648c7c30, 0x000002ec648c8b60,
0x000002ec7eb6f080, 0x000002ec54372760, 0x000002ec6459b920, 0x000002ec6430eee0,
0x000002ec6430a800, 0x000002ec6430ad10, 0x000002ec6430c660, 0x000002ec6430b730,
0x000002ec6430b220, 0x000002ec64310830, 0x000002ec64310d40, 0x000002ec6430f900,
0x000002ec643098d0, 0x000002ec6430bc40, 0x000002ec64309de0, 0x000002ec6430c150,
0x000002ec6430cb70, 0x000002ec6430dfb0, 0x000002ec6430d080, 0x000002ec6430daa0,
0x000002ec6430e4c0, 0x000002ec6430e9d0, 0x000002ec6430f3f0, 0x000002ec6430fe10,
0x000002ec5564b740, 0x000002ec5564e4d0, 0x000002ec556493d0, 0x000002ec5564a300,
0x000002ec55649df0, 0x000002ec5564dab0, 0x000002ec5564ad20, 0x000002ec7e233cb0
}
_to_delete_list=0x000002ec65abdb90, length=87, elements={
0x000002ec6efa9b40, 0x000002ec7d918cb0, 0x000002ec7d919a40, 0x000002ec7d92b120,
0x000002ec7d92bbf0, 0x000002ec7d92ece0, 0x000002ec7d9315c0, 0x000002ec7d935770,
0x000002ec7d936130, 0x000002ec7d93fa60, 0x000002ec7d902960, 0x000002ec7dc370b0,
0x000002ec7eb6f590, 0x000002ec7eb6faa0, 0x000002ec7eb6ffb0, 0x000002ec7eb6eb70,
0x000002ec7eb6d730, 0x000002ec7eb70ee0, 0x000002ec7eb709d0, 0x000002ec7eb6dc40,
0x000002ec7eb6e150, 0x000002ec7eb6e660, 0x000002ec543754f0, 0x000002ec54373ba0,
0x000002ec54374ad0, 0x000002ec54373180, 0x000002ec54377350, 0x000002ec543740b0,
0x000002ec54376930, 0x000002ec54372250, 0x000002ec54371d40, 0x000002ec54370e10,
0x000002ec543745c0, 0x000002ec54374fe0, 0x000002ec54373690, 0x000002ec54375a00,
0x000002ec54378280, 0x000002ec54372c70, 0x000002ec54377860, 0x000002ec54376e40,
0x000002ec54376420, 0x000002ec54377d70, 0x000002ec6459d270, 0x000002ec6459be30,
0x000002ec6459ebc0, 0x000002ec6459dc90, 0x000002ec6459e1a0, 0x000002ec6459c850,
0x000002ec6459e6b0, 0x000002ec6459c340, 0x000002ec648c8650, 0x000002ec576f00d0,
0x000002ec576f7a50, 0x000002ec576f05e0, 0x000002ec648c7c30, 0x000002ec648c8b60,
0x000002ec7eb6f080, 0x000002ec54372760, 0x000002ec6459b920, 0x000002ec6430eee0,
0x000002ec6430a800, 0x000002ec6430ad10, 0x000002ec6430c660, 0x000002ec6430b730,
0x000002ec6430b220, 0x000002ec64310830, 0x000002ec64310d40, 0x000002ec6430f900,
0x000002ec643098d0, 0x000002ec6430bc40, 0x000002ec64309de0, 0x000002ec6430c150,
0x000002ec6430cb70, 0x000002ec6430dfb0, 0x000002ec6430d080, 0x000002ec6430daa0,
0x000002ec6430e4c0, 0x000002ec6430e9d0, 0x000002ec6430f3f0, 0x000002ec6430fe10,
0x000002ec5564b740, 0x000002ec5564e4d0, 0x000002ec556493d0, 0x000002ec5564a300,
0x000002ec55649df0, 0x000002ec5564dab0, 0x000002ec5564ad20
}

Java Threads: ( => current thread )
  0x000002ec6efa9b40 JavaThread "main" [_thread_blocked, id=2364, stack(0x000000f055200000,0x000000f055300000)]
  0x000002ec7d918cb0 JavaThread "Reference Handler" daemon [_thread_blocked, id=11148, stack(0x000000f055900000,0x000000f055a00000)]
  0x000002ec7d919a40 JavaThread "Finalizer" daemon [_thread_blocked, id=10320, stack(0x000000f055a00000,0x000000f055b00000)]
  0x000002ec7d92b120 JavaThread "Signal Dispatcher" daemon [_thread_blocked, id=3076, stack(0x000000f055b00000,0x000000f055c00000)]
  0x000002ec7d92bbf0 JavaThread "Attach Listener" daemon [_thread_blocked, id=9944, stack(0x000000f055c00000,0x000000f055d00000)]
  0x000002ec7d92ece0 JavaThread "Service Thread" daemon [_thread_blocked, id=3004, stack(0x000000f055d00000,0x000000f055e00000)]
  0x000002ec7d9315c0 JavaThread "Monitor Deflation Thread" daemon [_thread_blocked, id=5248, stack(0x000000f055e00000,0x000000f055f00000)]
=>0x000002ec7d935770 JavaThread "C2 CompilerThread0" daemon [_thread_in_native, id=13652, stack(0x000000f055f00000,0x000000f056000000)]
  0x000002ec7d936130 JavaThread "C1 CompilerThread0" daemon [_thread_blocked, id=15176, stack(0x000000f056000000,0x000000f056100000)]
  0x000002ec7d93fa60 JavaThread "Sweeper thread" daemon [_thread_blocked, id=14484, stack(0x000000f056100000,0x000000f056200000)]
  0x000002ec7d902960 JavaThread "Common-Cleaner" daemon [_thread_blocked, id=11048, stack(0x000000f056200000,0x000000f056300000)]
  0x000002ec7dc370b0 JavaThread "Notification Thread" daemon [_thread_blocked, id=10376, stack(0x000000f056300000,0x000000f056400000)]
  0x000002ec7eb6f590 JavaThread "Daemon health stats" [_thread_blocked, id=640, stack(0x000000f056b00000,0x000000f056c00000)]
  0x000002ec7eb6faa0 JavaThread "Incoming local TCP Connector on port 62140" [_thread_in_native, id=7784, stack(0x000000f056800000,0x000000f056900000)]
  0x000002ec7eb6ffb0 JavaThread "Daemon periodic checks" [_thread_blocked, id=11700, stack(0x000000f056c00000,0x000000f056d00000)]
  0x000002ec7eb6eb70 JavaThread "Daemon" [_thread_blocked, id=15840, stack(0x000000f056d00000,0x000000f056e00000)]
  0x000002ec7eb6d730 JavaThread "Handler for socket connection from /127.0.0.1:62140 to /127.0.0.1:62141" [_thread_in_native, id=10108, stack(0x000000f056e00000,0x000000f056f00000)]
  0x000002ec7eb70ee0 JavaThread "Cancel handler" [_thread_blocked, id=9860, stack(0x000000f056f00000,0x000000f057000000)]
  0x000002ec7eb709d0 JavaThread "Daemon worker" [_thread_blocked, id=15768, stack(0x000000f057000000,0x000000f057100000)]
  0x000002ec7eb6dc40 JavaThread "Asynchronous log dispatcher for DefaultDaemonConnection: socket connection from /127.0.0.1:62140 to /127.0.0.1:62141" [_thread_blocked, id=13844, stack(0x000000f057100000,0x000000f057200000)]
  0x000002ec7eb6e150 JavaThread "Stdin handler" [_thread_blocked, id=11640, stack(0x000000f057200000,0x000000f057300000)]
  0x000002ec7eb6e660 JavaThread "Daemon client event forwarder" [_thread_blocked, id=13568, stack(0x000000f057300000,0x000000f057400000)]
  0x000002ec543754f0 JavaThread "Cache worker for journal cache (C:\Users\Lucie\.gradle\caches\journal-1)" [_thread_blocked, id=5904, stack(0x000000f057400000,0x000000f057500000)]
  0x000002ec54373ba0 JavaThread "File lock request listener" [_thread_in_native, id=2452, stack(0x000000f057500000,0x000000f057600000)]
  0x000002ec54374ad0 JavaThread "Cache worker for file hash cache (C:\Users\Lucie\.gradle\caches\8.9\fileHashes)" [_thread_blocked, id=1824, stack(0x000000f057600000,0x000000f057700000)]
  0x000002ec54373180 JavaThread "Cache worker for file hash cache (C:\Users\Lucie\AndroidStudioProjects\KeyReceivedDemo\.gradle\8.9\fileHashes)" [_thread_blocked, id=14168, stack(0x000000f057800000,0x000000f057900000)]
  0x000002ec54377350 JavaThread "Cache worker for Build Output Cleanup Cache (C:\Users\Lucie\AndroidStudioProjects\KeyReceivedDemo\.gradle\buildOutputCleanup)" [_thread_blocked, id=16276, stack(0x000000f057900000,0x000000f057a00000)]
  0x000002ec543740b0 JavaThread "File watcher server" daemon [_thread_in_native, id=11576, stack(0x000000f057a00000,0x000000f057b00000)]
  0x000002ec54376930 JavaThread "File watcher consumer" daemon [_thread_blocked, id=13852, stack(0x000000f057b00000,0x000000f057c00000)]
  0x000002ec54372250 JavaThread "Cache worker for checksums cache (C:\Users\Lucie\AndroidStudioProjects\KeyReceivedDemo\.gradle\8.9\checksums)" [_thread_blocked, id=16356, stack(0x000000f057c00000,0x000000f057d00000)]
  0x000002ec54371d40 JavaThread "Cache worker for file content cache (C:\Users\Lucie\.gradle\caches\8.9\fileContent)" [_thread_blocked, id=10688, stack(0x000000f057d00000,0x000000f057e00000)]
  0x000002ec54370e10 JavaThread "Cache worker for cache directory md-rule (C:\Users\Lucie\.gradle\caches\8.9\md-rule)" [_thread_blocked, id=3260, stack(0x000000f057e00000,0x000000f057f00000)]
  0x000002ec543745c0 JavaThread "Cache worker for cache directory md-supplier (C:\Users\Lucie\.gradle\caches\8.9\md-supplier)" [_thread_blocked, id=13108, stack(0x000000f057f00000,0x000000f058000000)]
  0x000002ec54374fe0 JavaThread "Unconstrained build operations" [_thread_blocked, id=8008, stack(0x000000f058000000,0x000000f058100000)]
  0x000002ec54373690 JavaThread "Unconstrained build operations Thread 2" [_thread_blocked, id=16140, stack(0x000000f058100000,0x000000f058200000)]
  0x000002ec54375a00 JavaThread "Unconstrained build operations Thread 3" [_thread_blocked, id=11608, stack(0x000000f058200000,0x000000f058300000)]
  0x000002ec54378280 JavaThread "Unconstrained build operations Thread 4" [_thread_blocked, id=11156, stack(0x000000f058300000,0x000000f058400000)]
  0x000002ec54372c70 JavaThread "Unconstrained build operations Thread 5" [_thread_blocked, id=9660, stack(0x000000f058400000,0x000000f058500000)]
  0x000002ec54377860 JavaThread "Unconstrained build operations Thread 6" [_thread_blocked, id=6440, stack(0x000000f058500000,0x000000f058600000)]
  0x000002ec54376e40 JavaThread "Unconstrained build operations Thread 7" [_thread_blocked, id=2916, stack(0x000000f058600000,0x000000f058700000)]
  0x000002ec54376420 JavaThread "Unconstrained build operations Thread 8" [_thread_blocked, id=10944, stack(0x000000f058700000,0x000000f058800000)]
  0x000002ec54377d70 JavaThread "Unconstrained build operations Thread 9" [_thread_blocked, id=9132, stack(0x000000f058800000,0x000000f058900000)]
  0x000002ec6459d270 JavaThread "Unconstrained build operations Thread 10" [_thread_blocked, id=11968, stack(0x000000f058b00000,0x000000f058c00000)]
  0x000002ec6459be30 JavaThread "Unconstrained build operations Thread 11" [_thread_blocked, id=10164, stack(0x000000f058c00000,0x000000f058d00000)]
  0x000002ec6459ebc0 JavaThread "Unconstrained build operations Thread 12" [_thread_blocked, id=9524, stack(0x000000f058d00000,0x000000f058e00000)]
  0x000002ec6459dc90 JavaThread "Unconstrained build operations Thread 13" [_thread_blocked, id=15460, stack(0x000000f058e00000,0x000000f058f00000)]
  0x000002ec6459e1a0 JavaThread "Unconstrained build operations Thread 14" [_thread_blocked, id=15132, stack(0x000000f058f00000,0x000000f059000000)]
  0x000002ec6459c850 JavaThread "Unconstrained build operations Thread 15" [_thread_blocked, id=13708, stack(0x000000f059000000,0x000000f059100000)]
  0x000002ec6459e6b0 JavaThread "Unconstrained build operations Thread 16" [_thread_blocked, id=10732, stack(0x000000f059100000,0x000000f059200000)]
  0x000002ec6459c340 JavaThread "Memory manager" [_thread_blocked, id=15208, stack(0x000000f058a00000,0x000000f058b00000)]
  0x000002ec648c8650 JavaThread "build event listener" [_thread_blocked, id=14852, stack(0x000000f059300000,0x000000f059400000)]
  0x000002ec576f00d0 JavaThread "included builds" [_thread_in_native, id=15008, stack(0x000000f055000000,0x000000f055100000)]
  0x000002ec576f7a50 JavaThread "Execution worker" [_thread_in_Java, id=16068, stack(0x000000f055100000,0x000000f055200000)]
  0x000002ec576f05e0 JavaThread "Execution worker Thread 2" [_thread_blocked, id=14368, stack(0x000000f059200000,0x000000f059300000)]
  0x000002ec648c7c30 JavaThread "Execution worker Thread 3" [_thread_blocked, id=4960, stack(0x000000f059400000,0x000000f059500000)]
  0x000002ec648c8b60 JavaThread "Cache worker for execution history cache (C:\Users\Lucie\AndroidStudioProjects\KeyReceivedDemo\.gradle\8.9\executionHistory)" [_thread_blocked, id=3820, stack(0x000000f059500000,0x000000f059600000)]
  0x000002ec7eb6f080 JavaThread "Unconstrained build operations Thread 17" [_thread_blocked, id=9128, stack(0x000000f059600000,0x000000f059700000)]
  0x000002ec54372760 JavaThread "Unconstrained build operations Thread 18" [_thread_blocked, id=15828, stack(0x000000f059700000,0x000000f059800000)]
  0x000002ec6459b920 JavaThread "Unconstrained build operations Thread 19" [_thread_blocked, id=14344, stack(0x000000f059800000,0x000000f059900000)]
  0x000002ec6430eee0 JavaThread "Unconstrained build operations Thread 20" [_thread_blocked, id=12688, stack(0x000000f054f00000,0x000000f055000000)]
  0x000002ec6430a800 JavaThread "Unconstrained build operations Thread 21" [_thread_blocked, id=14116, stack(0x000000f059900000,0x000000f059a00000)]
  0x000002ec6430ad10 JavaThread "Unconstrained build operations Thread 22" [_thread_blocked, id=2164, stack(0x000000f059b00000,0x000000f059c00000)]
  0x000002ec6430c660 JavaThread "Unconstrained build operations Thread 23" [_thread_blocked, id=15660, stack(0x000000f059c00000,0x000000f059d00000)]
  0x000002ec6430b730 JavaThread "Unconstrained build operations Thread 24" [_thread_blocked, id=5024, stack(0x000000f059d00000,0x000000f059e00000)]
  0x000002ec6430b220 JavaThread "Unconstrained build operations Thread 25" [_thread_blocked, id=15956, stack(0x000000f059e00000,0x000000f059f00000)]
  0x000002ec64310830 JavaThread "Unconstrained build operations Thread 26" [_thread_blocked, id=11344, stack(0x000000f059f00000,0x000000f05a000000)]
  0x000002ec64310d40 JavaThread "Unconstrained build operations Thread 27" [_thread_blocked, id=15896, stack(0x000000f05a000000,0x000000f05a100000)]
  0x000002ec6430f900 JavaThread "Unconstrained build operations Thread 28" [_thread_blocked, id=12560, stack(0x000000f05a100000,0x000000f05a200000)]
  0x000002ec643098d0 JavaThread "Unconstrained build operations Thread 29" [_thread_blocked, id=10960, stack(0x000000f05a200000,0x000000f05a300000)]
  0x000002ec6430bc40 JavaThread "WorkerExecutor Queue" [_thread_blocked, id=15832, stack(0x000000f05a300000,0x000000f05a400000)]
  0x000002ec64309de0 JavaThread "Unconstrained build operations Thread 30" [_thread_blocked, id=912, stack(0x000000f05a400000,0x000000f05a500000)]
  0x000002ec6430c150 JavaThread "Unconstrained build operations Thread 31" [_thread_blocked, id=7240, stack(0x000000f05a500000,0x000000f05a600000)]
  0x000002ec6430cb70 JavaThread "Unconstrained build operations Thread 32" [_thread_blocked, id=6480, stack(0x000000f05a600000,0x000000f05a700000)]
  0x000002ec6430dfb0 JavaThread "Unconstrained build operations Thread 33" [_thread_blocked, id=11668, stack(0x000000f05a700000,0x000000f05a800000)]
  0x000002ec6430d080 JavaThread "Unconstrained build operations Thread 34" [_thread_blocked, id=4248, stack(0x000000f05a800000,0x000000f05a900000)]
  0x000002ec6430daa0 JavaThread "Unconstrained build operations Thread 35" [_thread_blocked, id=8532, stack(0x000000f05a900000,0x000000f05aa00000)]
  0x000002ec6430e4c0 JavaThread "Unconstrained build operations Thread 36" [_thread_blocked, id=13176, stack(0x000000f05aa00000,0x000000f05ab00000)]
  0x000002ec6430e9d0 JavaThread "Unconstrained build operations Thread 37" [_thread_blocked, id=7280, stack(0x000000f05ab00000,0x000000f05ac00000)]
  0x000002ec6430f3f0 JavaThread "Unconstrained build operations Thread 38" [_thread_blocked, id=9684, stack(0x000000f05ac00000,0x000000f05ad00000)]
  0x000002ec6430fe10 JavaThread "Unconstrained build operations Thread 39" [_thread_blocked, id=4580, stack(0x000000f05ad00000,0x000000f05ae00000)]
  0x000002ec5564b740 JavaThread "Unconstrained build operations Thread 40" [_thread_blocked, id=12752, stack(0x000000f05ae00000,0x000000f05af00000)]
  0x000002ec5564e4d0 JavaThread "WorkerExecutor Queue Thread 2" [_thread_blocked, id=7904, stack(0x000000f05af00000,0x000000f05b000000)]
  0x000002ec556493d0 JavaThread "pool-3-thread-1" [_thread_blocked, id=15224, stack(0x000000f05b000000,0x000000f05b100000)]
  0x000002ec5564a300 JavaThread "stderr" [_thread_in_native, id=332, stack(0x000000f05b100000,0x000000f05b200000)]
  0x000002ec55649df0 JavaThread "stdout" [_thread_in_native, id=9852, stack(0x000000f05b200000,0x000000f05b300000)]
  0x000002ec5564dab0 JavaThread "WorkerExecutor Queue Thread 3" [_thread_blocked, id=13832, stack(0x000000f05b300000,0x000000f05b400000)]
  0x000002ec5564ad20 JavaThread "WorkerExecutor Queue Thread 4" [_thread_blocked, id=15412, stack(0x000000f05b400000,0x000000f05b500000)]
  0x000002ec7e233cb0 JavaThread "C2 CompilerThread1" daemon [_thread_in_native, id=12456, stack(0x000000f059a00000,0x000000f059b00000)]

Other Threads:
  0x000002ec7d9151a0 VMThread "VM Thread" [stack: 0x000000f055800000,0x000000f055900000] [id=16004]
  0x000002ec6f01d900 WatcherThread [stack: 0x000000f056400000,0x000000f056500000] [id=7412]
  0x000002ec6f004540 GCTaskThread "GC Thread#0" [stack: 0x000000f055300000,0x000000f055400000] [id=15772]
  0x000002ec7dce37a0 GCTaskThread "GC Thread#1" [stack: 0x000000f056500000,0x000000f056600000] [id=15996]
  0x000002ec7de33c90 GCTaskThread "GC Thread#2" [stack: 0x000000f056600000,0x000000f056700000] [id=11836]
  0x000002ec7de37f60 GCTaskThread "GC Thread#3" [stack: 0x000000f056700000,0x000000f056800000] [id=12316]
  0x000002ec6f015b40 ConcurrentGCThread "G1 Main Marker" [stack: 0x000000f055400000,0x000000f055500000] [id=5096]
  0x000002ec6f016460 ConcurrentGCThread "G1 Conc#0" [stack: 0x000000f055500000,0x000000f055600000] [id=9932]
  0x000002ec6f07e800 ConcurrentGCThread "G1 Refine#0" [stack: 0x000000f055600000,0x000000f055700000] [id=10060]
  0x000002ec7e08b240 ConcurrentGCThread "G1 Refine#1" [stack: 0x000000f056900000,0x000000f056a00000] [id=3964]
  0x000002ec7ebb5be0 ConcurrentGCThread "G1 Refine#2" [stack: 0x000000f056a00000,0x000000f056b00000] [id=6820]
  0x000002ec7d7cc370 ConcurrentGCThread "G1 Service" [stack: 0x000000f055700000,0x000000f055800000] [id=15904]

Threads with active compile tasks:
C2 CompilerThread0   105873 22893       4       org.gradle.internal.component.external.model.LazyVariantBackedConfigurationMetadata$RuleAwareVariant::getAttributes (40 bytes)
C2 CompilerThread1   105874 22924   !   4       java.net.URL::<init> (543 bytes)

VM state: not at safepoint (normal execution)

VM Mutex/Monitor currently owned by a thread: None

Heap address: 0x0000000080000000, size: 2048 MB, Compressed Oops mode: 32-bit

CDS archive(s) mapped at: [0x000002ec0f000000-0x000002ec0fbd0000-0x000002ec0fbd0000), size 12386304, SharedBaseAddress: 0x000002ec0f000000, ArchiveRelocationMode: 1.
Compressed class space mapped at: 0x000002ec10000000-0x000002ec50000000, reserved size: 1073741824
Narrow klass base: 0x000002ec0f000000, Narrow klass shift: 0, Narrow klass range: 0x100000000

GC Precious Log:
 CPUs: 4 total, 4 available
 Memory: 12169M
 Large Page Support: Disabled
 NUMA Support: Disabled
 Compressed Oops: Enabled (32-bit)
 Heap Region Size: 1M
 Heap Min Capacity: 8M
 Heap Initial Capacity: 192M
 Heap Max Capacity: 2G
 Pre-touch: Disabled
 Parallel Workers: 4
 Concurrent Workers: 1
 Concurrent Refinement Workers: 4
 Periodic GC: Disabled

Heap:
 garbage-first heap   total 318464K, used 247091K [0x0000000080000000, 0x0000000100000000)
  region size 1024K, 37 young (37888K), 5 survivors (5120K)
 Metaspace       used 167216K, committed 168320K, reserved 1245184K
  class space    used 21484K, committed 22016K, reserved 1048576K

Heap Regions: E=young(eden), S=young(survivor), O=old, HS=humongous(starts), HC=humongous(continues), CS=collection set, F=free, OA=open archive, CA=closed archive, TAMS=top-at-mark-start (previous, next)
|   0|0x0000000080000000, 0x0000000080100000, 0x0000000080100000|100%|HS|  |TAMS 0x0000000080100000, 0x0000000080000000| Complete 
|   1|0x0000000080100000, 0x0000000080200000, 0x0000000080200000|100%|HC|  |TAMS 0x0000000080200000, 0x0000000080100000| Complete 
|   2|0x0000000080200000, 0x0000000080300000, 0x0000000080300000|100%|HC|  |TAMS 0x0000000080300000, 0x0000000080200000| Complete 
|   3|0x0000000080300000, 0x0000000080400000, 0x0000000080400000|100%|HC|  |TAMS 0x0000000080400000, 0x0000000080300000| Complete 
|   4|0x0000000080400000, 0x0000000080500000, 0x0000000080500000|100%| O|  |TAMS 0x0000000080500000, 0x0000000080400000| Untracked 
|   5|0x0000000080500000, 0x0000000080600000, 0x0000000080600000|100%| O|  |TAMS 0x0000000080600000, 0x0000000080500000| Untracked 
|   6|0x0000000080600000, 0x0000000080700000, 0x0000000080700000|100%| O|  |TAMS 0x0000000080700000, 0x0000000080600000| Untracked 
|   7|0x0000000080700000, 0x0000000080800000, 0x0000000080800000|100%| O|  |TAMS 0x0000000080800000, 0x0000000080700000| Untracked 
|   8|0x0000000080800000, 0x0000000080900000, 0x0000000080900000|100%| O|  |TAMS 0x0000000080900000, 0x0000000080800000| Untracked 
|   9|0x0000000080900000, 0x0000000080a00000, 0x0000000080a00000|100%|HS|  |TAMS 0x0000000080a00000, 0x0000000080900000| Complete 
|  10|0x0000000080a00000, 0x0000000080b00000, 0x0000000080b00000|100%| O|  |TAMS 0x0000000080b00000, 0x0000000080a00000| Untracked 
|  11|0x0000000080b00000, 0x0000000080c00000, 0x0000000080c00000|100%| O|  |TAMS 0x0000000080c00000, 0x0000000080b00000| Untracked 
|  12|0x0000000080c00000, 0x0000000080d00000, 0x0000000080d00000|100%| O|  |TAMS 0x0000000080d00000, 0x0000000080c00000| Untracked 
|  13|0x0000000080d00000, 0x0000000080e00000, 0x0000000080e00000|100%| O|  |TAMS 0x0000000080e00000, 0x0000000080d00000| Untracked 
|  14|0x0000000080e00000, 0x0000000080f00000, 0x0000000080f00000|100%| O|  |TAMS 0x0000000080f00000, 0x0000000080e00000| Untracked 
|  15|0x0000000080f00000, 0x0000000080ff8800, 0x0000000081000000| 97%| O|  |TAMS 0x0000000080ff8800, 0x0000000080f00000| Untracked 
|  16|0x0000000081000000, 0x0000000081100000, 0x0000000081100000|100%| O|  |TAMS 0x0000000081100000, 0x0000000081000000| Untracked 
|  17|0x0000000081100000, 0x0000000081200000, 0x0000000081200000|100%| O|  |TAMS 0x0000000081200000, 0x0000000081100000| Untracked 
|  18|0x0000000081200000, 0x0000000081300000, 0x0000000081300000|100%| O|  |TAMS 0x0000000081300000, 0x0000000081200000| Untracked 
|  19|0x0000000081300000, 0x0000000081400000, 0x0000000081400000|100%| O|  |TAMS 0x0000000081400000, 0x0000000081300000| Untracked 
|  20|0x0000000081400000, 0x0000000081500000, 0x0000000081500000|100%| O|  |TAMS 0x0000000081500000, 0x0000000081400000| Untracked 
|  21|0x0000000081500000, 0x0000000081600000, 0x0000000081600000|100%| O|  |TAMS 0x0000000081600000, 0x0000000081500000| Untracked 
|  22|0x0000000081600000, 0x0000000081700000, 0x0000000081700000|100%| O|  |TAMS 0x0000000081700000, 0x0000000081600000| Untracked 
|  23|0x0000000081700000, 0x0000000081800000, 0x0000000081800000|100%| O|  |TAMS 0x0000000081800000, 0x0000000081700000| Untracked 
|  24|0x0000000081800000, 0x0000000081900000, 0x0000000081900000|100%| O|  |TAMS 0x0000000081900000, 0x0000000081800000| Untracked 
|  25|0x0000000081900000, 0x0000000081a00000, 0x0000000081a00000|100%| O|  |TAMS 0x0000000081a00000, 0x0000000081900000| Untracked 
|  26|0x0000000081a00000, 0x0000000081b00000, 0x0000000081b00000|100%| O|  |TAMS 0x0000000081b00000, 0x0000000081a00000| Untracked 
|  27|0x0000000081b00000, 0x0000000081c00000, 0x0000000081c00000|100%| O|  |TAMS 0x0000000081c00000, 0x0000000081b00000| Untracked 
|  28|0x0000000081c00000, 0x0000000081d00000, 0x0000000081d00000|100%|HS|  |TAMS 0x0000000081d00000, 0x0000000081c00000| Complete 
|  29|0x0000000081d00000, 0x0000000081e00000, 0x0000000081e00000|100%| O|  |TAMS 0x0000000081e00000, 0x0000000081d00000| Untracked 
|  30|0x0000000081e00000, 0x0000000081f00000, 0x0000000081f00000|100%| O|  |TAMS 0x0000000081f00000, 0x0000000081e00000| Untracked 
|  31|0x0000000081f00000, 0x0000000082000000, 0x0000000082000000|100%| O|  |TAMS 0x0000000082000000, 0x0000000081f00000| Untracked 
|  32|0x0000000082000000, 0x0000000082100000, 0x0000000082100000|100%| O|  |TAMS 0x0000000082100000, 0x0000000082000000| Untracked 
|  33|0x0000000082100000, 0x0000000082200000, 0x0000000082200000|100%| O|  |TAMS 0x0000000082200000, 0x0000000082100000| Untracked 
|  34|0x0000000082200000, 0x0000000082300000, 0x0000000082300000|100%| O|  |TAMS 0x0000000082300000, 0x0000000082200000| Untracked 
|  35|0x0000000082300000, 0x0000000082400000, 0x0000000082400000|100%| O|  |TAMS 0x0000000082400000, 0x0000000082300000| Untracked 
|  36|0x0000000082400000, 0x0000000082500000, 0x0000000082500000|100%| O|  |TAMS 0x0000000082500000, 0x0000000082400000| Untracked 
|  37|0x0000000082500000, 0x0000000082600000, 0x0000000082600000|100%| O|  |TAMS 0x0000000082600000, 0x0000000082500000| Untracked 
|  38|0x0000000082600000, 0x0000000082700000, 0x0000000082700000|100%| O|  |TAMS 0x0000000082700000, 0x0000000082600000| Untracked 
|  39|0x0000000082700000, 0x0000000082800000, 0x0000000082800000|100%| O|  |TAMS 0x0000000082800000, 0x0000000082700000| Untracked 
|  40|0x0000000082800000, 0x0000000082900000, 0x0000000082900000|100%| O|  |TAMS 0x0000000082900000, 0x0000000082800000| Untracked 
|  41|0x0000000082900000, 0x0000000082a00000, 0x0000000082a00000|100%| O|  |TAMS 0x0000000082a00000, 0x0000000082900000| Untracked 
|  42|0x0000000082a00000, 0x0000000082b00000, 0x0000000082b00000|100%| O|  |TAMS 0x0000000082b00000, 0x0000000082a00000| Untracked 
|  43|0x0000000082b00000, 0x0000000082c00000, 0x0000000082c00000|100%| O|  |TAMS 0x0000000082c00000, 0x0000000082b00000| Untracked 
|  44|0x0000000082c00000, 0x0000000082d00000, 0x0000000082d00000|100%| O|  |TAMS 0x0000000082c00000, 0x0000000082c00000| Untracked 
|  45|0x0000000082d00000, 0x0000000082e00000, 0x0000000082e00000|100%| O|  |TAMS 0x0000000082e00000, 0x0000000082d00000| Untracked 
|  46|0x0000000082e00000, 0x0000000082f00000, 0x0000000082f00000|100%| O|  |TAMS 0x0000000082f00000, 0x0000000082e00000| Untracked 
|  47|0x0000000082f00000, 0x0000000083000000, 0x0000000083000000|100%| O|  |TAMS 0x0000000083000000, 0x0000000082f00000| Untracked 
|  48|0x0000000083000000, 0x0000000083100000, 0x0000000083100000|100%| O|  |TAMS 0x0000000083100000, 0x0000000083000000| Untracked 
|  49|0x0000000083100000, 0x0000000083200000, 0x0000000083200000|100%| O|  |TAMS 0x0000000083200000, 0x0000000083100000| Untracked 
|  50|0x0000000083200000, 0x0000000083300000, 0x0000000083300000|100%| O|  |TAMS 0x0000000083300000, 0x0000000083200000| Untracked 
|  51|0x0000000083300000, 0x0000000083400000, 0x0000000083400000|100%| O|  |TAMS 0x0000000083400000, 0x0000000083300000| Untracked 
|  52|0x0000000083400000, 0x0000000083500000, 0x0000000083500000|100%| O|  |TAMS 0x0000000083500000, 0x0000000083400000| Untracked 
|  53|0x0000000083500000, 0x0000000083600000, 0x0000000083600000|100%| O|  |TAMS 0x0000000083600000, 0x0000000083500000| Untracked 
|  54|0x0000000083600000, 0x0000000083700000, 0x0000000083700000|100%| O|  |TAMS 0x0000000083700000, 0x0000000083600000| Untracked 
|  55|0x0000000083700000, 0x0000000083800000, 0x0000000083800000|100%| O|  |TAMS 0x0000000083800000, 0x0000000083700000| Untracked 
|  56|0x0000000083800000, 0x0000000083900000, 0x0000000083900000|100%| O|  |TAMS 0x0000000083900000, 0x0000000083800000| Untracked 
|  57|0x0000000083900000, 0x0000000083a00000, 0x0000000083a00000|100%| O|  |TAMS 0x0000000083a00000, 0x0000000083900000| Untracked 
|  58|0x0000000083a00000, 0x0000000083b00000, 0x0000000083b00000|100%| O|  |TAMS 0x0000000083b00000, 0x0000000083a00000| Untracked 
|  59|0x0000000083b00000, 0x0000000083c00000, 0x0000000083c00000|100%| O|  |TAMS 0x0000000083b00000, 0x0000000083b00000| Untracked 
|  60|0x0000000083c00000, 0x0000000083d00000, 0x0000000083d00000|100%|HS|  |TAMS 0x0000000083d00000, 0x0000000083c00000| Complete 
|  61|0x0000000083d00000, 0x0000000083e00000, 0x0000000083e00000|100%| O|  |TAMS 0x0000000083e00000, 0x0000000083d00000| Untracked 
|  62|0x0000000083e00000, 0x0000000083f00000, 0x0000000083f00000|100%| O|  |TAMS 0x0000000083e00000, 0x0000000083e00000| Untracked 
|  63|0x0000000083f00000, 0x0000000084000000, 0x0000000084000000|100%| O|  |TAMS 0x0000000083f00000, 0x0000000083f00000| Untracked 
|  64|0x0000000084000000, 0x0000000084100000, 0x0000000084100000|100%| O|  |TAMS 0x0000000084000000, 0x0000000084000000| Untracked 
|  65|0x0000000084100000, 0x0000000084200000, 0x0000000084200000|100%| O|  |TAMS 0x0000000084100000, 0x0000000084100000| Untracked 
|  66|0x0000000084200000, 0x0000000084300000, 0x0000000084300000|100%| O|  |TAMS 0x0000000084200000, 0x0000000084200000| Untracked 
|  67|0x0000000084300000, 0x0000000084400000, 0x0000000084400000|100%| O|  |TAMS 0x0000000084300000, 0x0000000084300000| Untracked 
|  68|0x0000000084400000, 0x0000000084500000, 0x0000000084500000|100%|HS|  |TAMS 0x0000000084500000, 0x0000000084400000| Complete 
|  69|0x0000000084500000, 0x0000000084600000, 0x0000000084600000|100%|HS|  |TAMS 0x0000000084600000, 0x0000000084500000| Complete 
|  70|0x0000000084600000, 0x0000000084700000, 0x0000000084700000|100%|HC|  |TAMS 0x0000000084700000, 0x0000000084600000| Complete 
|  71|0x0000000084700000, 0x0000000084800000, 0x0000000084800000|100%| O|  |TAMS 0x0000000084800000, 0x0000000084700000| Untracked 
|  72|0x0000000084800000, 0x0000000084900000, 0x0000000084900000|100%| O|  |TAMS 0x0000000084900000, 0x0000000084800000| Untracked 
|  73|0x0000000084900000, 0x0000000084a00000, 0x0000000084a00000|100%| O|  |TAMS 0x0000000084a00000, 0x0000000084900000| Untracked 
|  74|0x0000000084a00000, 0x0000000084b00000, 0x0000000084b00000|100%| O|  |TAMS 0x0000000084b00000, 0x0000000084a00000| Untracked 
|  75|0x0000000084b00000, 0x0000000084c00000, 0x0000000084c00000|100%| O|  |TAMS 0x0000000084c00000, 0x0000000084b00000| Untracked 
|  76|0x0000000084c00000, 0x0000000084d00000, 0x0000000084d00000|100%| O|  |TAMS 0x0000000084d00000, 0x0000000084c00000| Untracked 
|  77|0x0000000084d00000, 0x0000000084e00000, 0x0000000084e00000|100%| O|  |TAMS 0x0000000084e00000, 0x0000000084d00000| Untracked 
|  78|0x0000000084e00000, 0x0000000084f00000, 0x0000000084f00000|100%| O|  |TAMS 0x0000000084f00000, 0x0000000084e00000| Untracked 
|  79|0x0000000084f00000, 0x0000000085000000, 0x0000000085000000|100%| O|  |TAMS 0x0000000085000000, 0x0000000084f00000| Untracked 
|  80|0x0000000085000000, 0x0000000085100000, 0x0000000085100000|100%| O|  |TAMS 0x0000000085100000, 0x0000000085000000| Untracked 
|  81|0x0000000085100000, 0x0000000085200000, 0x0000000085200000|100%| O|  |TAMS 0x0000000085200000, 0x0000000085100000| Untracked 
|  82|0x0000000085200000, 0x0000000085300000, 0x0000000085300000|100%| O|  |TAMS 0x0000000085300000, 0x0000000085200000| Untracked 
|  83|0x0000000085300000, 0x0000000085400000, 0x0000000085400000|100%| O|  |TAMS 0x0000000085400000, 0x0000000085300000| Untracked 
|  84|0x0000000085400000, 0x0000000085500000, 0x0000000085500000|100%| O|  |TAMS 0x0000000085500000, 0x0000000085400000| Untracked 
|  85|0x0000000085500000, 0x0000000085600000, 0x0000000085600000|100%| O|  |TAMS 0x0000000085600000, 0x0000000085500000| Untracked 
|  86|0x0000000085600000, 0x0000000085700000, 0x0000000085700000|100%| O|  |TAMS 0x0000000085700000, 0x0000000085600000| Untracked 
|  87|0x0000000085700000, 0x0000000085800000, 0x0000000085800000|100%| O|  |TAMS 0x0000000085800000, 0x0000000085700000| Untracked 
|  88|0x0000000085800000, 0x0000000085900000, 0x0000000085900000|100%| O|  |TAMS 0x0000000085900000, 0x0000000085800000| Untracked 
|  89|0x0000000085900000, 0x0000000085a00000, 0x0000000085a00000|100%| O|  |TAMS 0x0000000085a00000, 0x0000000085900000| Untracked 
|  90|0x0000000085a00000, 0x0000000085b00000, 0x0000000085b00000|100%| O|  |TAMS 0x0000000085b00000, 0x0000000085a00000| Untracked 
|  91|0x0000000085b00000, 0x0000000085c00000, 0x0000000085c00000|100%| O|  |TAMS 0x0000000085c00000, 0x0000000085b00000| Untracked 
|  92|0x0000000085c00000, 0x0000000085d00000, 0x0000000085d00000|100%| O|  |TAMS 0x0000000085d00000, 0x0000000085c00000| Untracked 
|  93|0x0000000085d00000, 0x0000000085e00000, 0x0000000085e00000|100%| O|  |TAMS 0x0000000085e00000, 0x0000000085d00000| Untracked 
|  94|0x0000000085e00000, 0x0000000085f00000, 0x0000000085f00000|100%| O|  |TAMS 0x0000000085f00000, 0x0000000085e00000| Untracked 
|  95|0x0000000085f00000, 0x0000000086000000, 0x0000000086000000|100%| O|  |TAMS 0x0000000086000000, 0x0000000085f00000| Untracked 
|  96|0x0000000086000000, 0x0000000086100000, 0x0000000086100000|100%| O|  |TAMS 0x0000000086100000, 0x0000000086000000| Untracked 
|  97|0x0000000086100000, 0x0000000086200000, 0x0000000086200000|100%| O|  |TAMS 0x0000000086200000, 0x0000000086100000| Untracked 
|  98|0x0000000086200000, 0x0000000086300000, 0x0000000086300000|100%| O|  |TAMS 0x0000000086300000, 0x0000000086200000| Untracked 
|  99|0x0000000086300000, 0x0000000086400000, 0x0000000086400000|100%|HS|  |TAMS 0x0000000086400000, 0x0000000086300000| Complete 
| 100|0x0000000086400000, 0x0000000086500000, 0x0000000086500000|100%|HC|  |TAMS 0x0000000086500000, 0x0000000086400000| Complete 
| 101|0x0000000086500000, 0x0000000086600000, 0x0000000086600000|100%|HS|  |TAMS 0x0000000086600000, 0x0000000086500000| Complete 
| 102|0x0000000086600000, 0x0000000086700000, 0x0000000086700000|100%|HS|  |TAMS 0x0000000086700000, 0x0000000086600000| Complete 
| 103|0x0000000086700000, 0x0000000086800000, 0x0000000086800000|100%|HS|  |TAMS 0x0000000086800000, 0x0000000086700000| Complete 
| 104|0x0000000086800000, 0x0000000086900000, 0x0000000086900000|100%| O|  |TAMS 0x0000000086900000, 0x0000000086800000| Untracked 
| 105|0x0000000086900000, 0x0000000086a00000, 0x0000000086a00000|100%| O|  |TAMS 0x0000000086a00000, 0x0000000086900000| Untracked 
| 106|0x0000000086a00000, 0x0000000086b00000, 0x0000000086b00000|100%| O|  |TAMS 0x0000000086a7c000, 0x0000000086a00000| Untracked 
| 107|0x0000000086b00000, 0x0000000086c00000, 0x0000000086c00000|100%| O|  |TAMS 0x0000000086b00000, 0x0000000086b00000| Untracked 
| 108|0x0000000086c00000, 0x0000000086d00000, 0x0000000086d00000|100%| O|  |TAMS 0x0000000086c00000, 0x0000000086c00000| Untracked 
| 109|0x0000000086d00000, 0x0000000086e00000, 0x0000000086e00000|100%| O|  |TAMS 0x0000000086d00000, 0x0000000086d00000| Untracked 
| 110|0x0000000086e00000, 0x0000000086f00000, 0x0000000086f00000|100%| O|  |TAMS 0x0000000086e00000, 0x0000000086e00000| Untracked 
| 111|0x0000000086f00000, 0x0000000087000000, 0x0000000087000000|100%| O|  |TAMS 0x0000000086f00000, 0x0000000086f00000| Untracked 
| 112|0x0000000087000000, 0x0000000087100000, 0x0000000087100000|100%| O|  |TAMS 0x0000000087000000, 0x0000000087000000| Untracked 
| 113|0x0000000087100000, 0x0000000087200000, 0x0000000087200000|100%| O|  |TAMS 0x0000000087100000, 0x0000000087100000| Untracked 
| 114|0x0000000087200000, 0x0000000087300000, 0x0000000087300000|100%| O|  |TAMS 0x0000000087200000, 0x0000000087200000| Untracked 
| 115|0x0000000087300000, 0x0000000087400000, 0x0000000087400000|100%| O|  |TAMS 0x0000000087300000, 0x0000000087300000| Untracked 
| 116|0x0000000087400000, 0x0000000087500000, 0x0000000087500000|100%| O|  |TAMS 0x0000000087400000, 0x0000000087400000| Untracked 
| 117|0x0000000087500000, 0x0000000087600000, 0x0000000087600000|100%| O|  |TAMS 0x0000000087500000, 0x0000000087500000| Untracked 
| 118|0x0000000087600000, 0x0000000087700000, 0x0000000087700000|100%| O|  |TAMS 0x0000000087600000, 0x0000000087600000| Untracked 
| 119|0x0000000087700000, 0x0000000087800000, 0x0000000087800000|100%|HS|  |TAMS 0x0000000087700000, 0x0000000087700000| Complete 
| 120|0x0000000087800000, 0x0000000087900000, 0x0000000087900000|100%| O|  |TAMS 0x0000000087800000, 0x0000000087800000| Untracked 
| 121|0x0000000087900000, 0x0000000087a00000, 0x0000000087a00000|100%| O|  |TAMS 0x0000000087900000, 0x0000000087900000| Untracked 
| 122|0x0000000087a00000, 0x0000000087b00000, 0x0000000087b00000|100%| O|  |TAMS 0x0000000087a00000, 0x0000000087a00000| Untracked 
| 123|0x0000000087b00000, 0x0000000087c00000, 0x0000000087c00000|100%| O|  |TAMS 0x0000000087b00000, 0x0000000087b00000| Untracked 
| 124|0x0000000087c00000, 0x0000000087d00000, 0x0000000087d00000|100%| O|  |TAMS 0x0000000087c00000, 0x0000000087c00000| Untracked 
| 125|0x0000000087d00000, 0x0000000087e00000, 0x0000000087e00000|100%| O|  |TAMS 0x0000000087d00000, 0x0000000087d00000| Untracked 
| 126|0x0000000087e00000, 0x0000000087f00000, 0x0000000087f00000|100%| O|  |TAMS 0x0000000087e00000, 0x0000000087e00000| Untracked 
| 127|0x0000000087f00000, 0x0000000088000000, 0x0000000088000000|100%| O|  |TAMS 0x0000000087f00000, 0x0000000087f00000| Untracked 
| 128|0x0000000088000000, 0x0000000088100000, 0x0000000088100000|100%| O|  |TAMS 0x0000000088000000, 0x0000000088000000| Untracked 
| 129|0x0000000088100000, 0x0000000088200000, 0x0000000088200000|100%| O|  |TAMS 0x0000000088100000, 0x0000000088100000| Untracked 
| 130|0x0000000088200000, 0x0000000088300000, 0x0000000088300000|100%| O|  |TAMS 0x0000000088200000, 0x0000000088200000| Untracked 
| 131|0x0000000088300000, 0x0000000088400000, 0x0000000088400000|100%| O|  |TAMS 0x0000000088300000, 0x0000000088300000| Untracked 
| 132|0x0000000088400000, 0x0000000088500000, 0x0000000088500000|100%| O|  |TAMS 0x0000000088400000, 0x0000000088400000| Untracked 
| 133|0x0000000088500000, 0x0000000088600000, 0x0000000088600000|100%| O|  |TAMS 0x0000000088500000, 0x0000000088500000| Untracked 
| 134|0x0000000088600000, 0x0000000088700000, 0x0000000088700000|100%| O|  |TAMS 0x0000000088600000, 0x0000000088600000| Untracked 
| 135|0x0000000088700000, 0x0000000088800000, 0x0000000088800000|100%| O|  |TAMS 0x0000000088700000, 0x0000000088700000| Untracked 
| 136|0x0000000088800000, 0x0000000088900000, 0x0000000088900000|100%| O|  |TAMS 0x0000000088800000, 0x0000000088800000| Untracked 
| 137|0x0000000088900000, 0x0000000088a00000, 0x0000000088a00000|100%| O|  |TAMS 0x0000000088900000, 0x0000000088900000| Untracked 
| 138|0x0000000088a00000, 0x0000000088b00000, 0x0000000088b00000|100%| O|  |TAMS 0x0000000088a00000, 0x0000000088a00000| Untracked 
| 139|0x0000000088b00000, 0x0000000088c00000, 0x0000000088c00000|100%| O|  |TAMS 0x0000000088b00000, 0x0000000088b00000| Untracked 
| 140|0x0000000088c00000, 0x0000000088d00000, 0x0000000088d00000|100%| O|  |TAMS 0x0000000088c00000, 0x0000000088c00000| Untracked 
| 141|0x0000000088d00000, 0x0000000088e00000, 0x0000000088e00000|100%| O|  |TAMS 0x0000000088d00000, 0x0000000088d00000| Untracked 
| 142|0x0000000088e00000, 0x0000000088f00000, 0x0000000088f00000|100%| O|  |TAMS 0x0000000088e00000, 0x0000000088e00000| Untracked 
| 143|0x0000000088f00000, 0x0000000089000000, 0x0000000089000000|100%| O|  |TAMS 0x0000000088f00000, 0x0000000088f00000| Untracked 
| 144|0x0000000089000000, 0x0000000089100000, 0x0000000089100000|100%| O|  |TAMS 0x0000000089000000, 0x0000000089000000| Untracked 
| 145|0x0000000089100000, 0x0000000089200000, 0x0000000089200000|100%| O|  |TAMS 0x0000000089100000, 0x0000000089100000| Untracked 
| 146|0x0000000089200000, 0x0000000089300000, 0x0000000089300000|100%| O|  |TAMS 0x0000000089200000, 0x0000000089200000| Untracked 
| 147|0x0000000089300000, 0x0000000089400000, 0x0000000089400000|100%| O|  |TAMS 0x0000000089300000, 0x0000000089300000| Untracked 
| 148|0x0000000089400000, 0x0000000089500000, 0x0000000089500000|100%| O|  |TAMS 0x0000000089400000, 0x0000000089400000| Untracked 
| 149|0x0000000089500000, 0x0000000089600000, 0x0000000089600000|100%| O|  |TAMS 0x0000000089500000, 0x0000000089500000| Untracked 
| 150|0x0000000089600000, 0x0000000089700000, 0x0000000089700000|100%| O|  |TAMS 0x0000000089600000, 0x0000000089600000| Untracked 
| 151|0x0000000089700000, 0x0000000089800000, 0x0000000089800000|100%| O|  |TAMS 0x0000000089700000, 0x0000000089700000| Untracked 
| 152|0x0000000089800000, 0x0000000089900000, 0x0000000089900000|100%| O|  |TAMS 0x0000000089800000, 0x0000000089800000| Untracked 
| 153|0x0000000089900000, 0x0000000089a00000, 0x0000000089a00000|100%| O|  |TAMS 0x0000000089900000, 0x0000000089900000| Untracked 
| 154|0x0000000089a00000, 0x0000000089b00000, 0x0000000089b00000|100%| O|  |TAMS 0x0000000089a00000, 0x0000000089a00000| Untracked 
| 155|0x0000000089b00000, 0x0000000089c00000, 0x0000000089c00000|100%| O|  |TAMS 0x0000000089b00000, 0x0000000089b00000| Untracked 
| 156|0x0000000089c00000, 0x0000000089d00000, 0x0000000089d00000|100%| O|  |TAMS 0x0000000089c00000, 0x0000000089c00000| Untracked 
| 157|0x0000000089d00000, 0x0000000089e00000, 0x0000000089e00000|100%| O|  |TAMS 0x0000000089d00000, 0x0000000089d00000| Untracked 
| 158|0x0000000089e00000, 0x0000000089f00000, 0x0000000089f00000|100%| O|  |TAMS 0x0000000089e00000, 0x0000000089e00000| Untracked 
| 159|0x0000000089f00000, 0x000000008a000000, 0x000000008a000000|100%| O|  |TAMS 0x0000000089f00000, 0x0000000089f00000| Untracked 
| 160|0x000000008a000000, 0x000000008a100000, 0x000000008a100000|100%| O|  |TAMS 0x000000008a000000, 0x000000008a000000| Untracked 
| 161|0x000000008a100000, 0x000000008a200000, 0x000000008a200000|100%| O|  |TAMS 0x000000008a100000, 0x000000008a100000| Untracked 
| 162|0x000000008a200000, 0x000000008a300000, 0x000000008a300000|100%| O|  |TAMS 0x000000008a200000, 0x000000008a200000| Untracked 
| 163|0x000000008a300000, 0x000000008a400000, 0x000000008a400000|100%| O|  |TAMS 0x000000008a300000, 0x000000008a300000| Untracked 
| 164|0x000000008a400000, 0x000000008a500000, 0x000000008a500000|100%| O|  |TAMS 0x000000008a400000, 0x000000008a400000| Untracked 
| 165|0x000000008a500000, 0x000000008a600000, 0x000000008a600000|100%| O|  |TAMS 0x000000008a500000, 0x000000008a500000| Untracked 
| 166|0x000000008a600000, 0x000000008a700000, 0x000000008a700000|100%| O|  |TAMS 0x000000008a600000, 0x000000008a600000| Untracked 
| 167|0x000000008a700000, 0x000000008a800000, 0x000000008a800000|100%| O|  |TAMS 0x000000008a700000, 0x000000008a700000| Untracked 
| 168|0x000000008a800000, 0x000000008a900000, 0x000000008a900000|100%| O|  |TAMS 0x000000008a800000, 0x000000008a800000| Untracked 
| 169|0x000000008a900000, 0x000000008aa00000, 0x000000008aa00000|100%| O|  |TAMS 0x000000008a900000, 0x000000008a900000| Untracked 
| 170|0x000000008aa00000, 0x000000008ab00000, 0x000000008ab00000|100%| O|  |TAMS 0x000000008aa00000, 0x000000008aa00000| Untracked 
| 171|0x000000008ab00000, 0x000000008ac00000, 0x000000008ac00000|100%| O|  |TAMS 0x000000008ab00000, 0x000000008ab00000| Untracked 
| 172|0x000000008ac00000, 0x000000008ad00000, 0x000000008ad00000|100%| O|  |TAMS 0x000000008ac00000, 0x000000008ac00000| Untracked 
| 173|0x000000008ad00000, 0x000000008ae00000, 0x000000008ae00000|100%| O|  |TAMS 0x000000008ad00000, 0x000000008ad00000| Untracked 
| 174|0x000000008ae00000, 0x000000008af00000, 0x000000008af00000|100%| O|  |TAMS 0x000000008ae00000, 0x000000008ae00000| Untracked 
| 175|0x000000008af00000, 0x000000008b000000, 0x000000008b000000|100%| O|  |TAMS 0x000000008af00000, 0x000000008af00000| Untracked 
| 176|0x000000008b000000, 0x000000008b100000, 0x000000008b100000|100%| O|  |TAMS 0x000000008b000000, 0x000000008b000000| Untracked 
| 177|0x000000008b100000, 0x000000008b200000, 0x000000008b200000|100%| O|  |TAMS 0x000000008b100000, 0x000000008b100000| Untracked 
| 178|0x000000008b200000, 0x000000008b300000, 0x000000008b300000|100%| O|  |TAMS 0x000000008b200000, 0x000000008b200000| Untracked 
| 179|0x000000008b300000, 0x000000008b400000, 0x000000008b400000|100%| O|  |TAMS 0x000000008b300000, 0x000000008b300000| Untracked 
| 180|0x000000008b400000, 0x000000008b500000, 0x000000008b500000|100%| O|  |TAMS 0x000000008b400000, 0x000000008b400000| Untracked 
| 181|0x000000008b500000, 0x000000008b600000, 0x000000008b600000|100%| O|  |TAMS 0x000000008b500000, 0x000000008b500000| Untracked 
| 182|0x000000008b600000, 0x000000008b700000, 0x000000008b700000|100%| O|  |TAMS 0x000000008b600000, 0x000000008b600000| Untracked 
| 183|0x000000008b700000, 0x000000008b800000, 0x000000008b800000|100%| O|  |TAMS 0x000000008b700000, 0x000000008b700000| Untracked 
| 184|0x000000008b800000, 0x000000008b900000, 0x000000008b900000|100%| O|  |TAMS 0x000000008b800000, 0x000000008b800000| Untracked 
| 185|0x000000008b900000, 0x000000008ba00000, 0x000000008ba00000|100%| O|  |TAMS 0x000000008b900000, 0x000000008b900000| Untracked 
| 186|0x000000008ba00000, 0x000000008bb00000, 0x000000008bb00000|100%| O|  |TAMS 0x000000008ba00000, 0x000000008ba00000| Untracked 
| 187|0x000000008bb00000, 0x000000008bc00000, 0x000000008bc00000|100%| O|  |TAMS 0x000000008bb00000, 0x000000008bb00000| Untracked 
| 188|0x000000008bc00000, 0x000000008bd00000, 0x000000008bd00000|100%| O|  |TAMS 0x000000008bc00000, 0x000000008bc00000| Untracked 
| 189|0x000000008bd00000, 0x000000008be00000, 0x000000008be00000|100%| O|  |TAMS 0x000000008bd00000, 0x000000008bd00000| Untracked 
| 190|0x000000008be00000, 0x000000008bf00000, 0x000000008bf00000|100%| O|  |TAMS 0x000000008be00000, 0x000000008be00000| Untracked 
| 191|0x000000008bf00000, 0x000000008c000000, 0x000000008c000000|100%| O|  |TAMS 0x000000008bf00000, 0x000000008bf00000| Untracked 
| 192|0x000000008c000000, 0x000000008c100000, 0x000000008c100000|100%| O|  |TAMS 0x000000008c000000, 0x000000008c000000| Untracked 
| 193|0x000000008c100000, 0x000000008c200000, 0x000000008c200000|100%| O|  |TAMS 0x000000008c100000, 0x000000008c100000| Untracked 
| 194|0x000000008c200000, 0x000000008c300000, 0x000000008c300000|100%| O|  |TAMS 0x000000008c200000, 0x000000008c200000| Untracked 
| 195|0x000000008c300000, 0x000000008c400000, 0x000000008c400000|100%| O|  |TAMS 0x000000008c300000, 0x000000008c300000| Untracked 
| 196|0x000000008c400000, 0x000000008c500000, 0x000000008c500000|100%| O|  |TAMS 0x000000008c400000, 0x000000008c400000| Untracked 
| 197|0x000000008c500000, 0x000000008c600000, 0x000000008c600000|100%| O|  |TAMS 0x000000008c500000, 0x000000008c500000| Untracked 
| 198|0x000000008c600000, 0x000000008c700000, 0x000000008c700000|100%| O|  |TAMS 0x000000008c600000, 0x000000008c600000| Untracked 
| 199|0x000000008c700000, 0x000000008c800000, 0x000000008c800000|100%| O|  |TAMS 0x000000008c700000, 0x000000008c700000| Untracked 
| 200|0x000000008c800000, 0x000000008c900000, 0x000000008c900000|100%| O|  |TAMS 0x000000008c800000, 0x000000008c800000| Untracked 
| 201|0x000000008c900000, 0x000000008ca00000, 0x000000008ca00000|100%| O|  |TAMS 0x000000008c900000, 0x000000008c900000| Untracked 
| 202|0x000000008ca00000, 0x000000008cb00000, 0x000000008cb00000|100%| O|  |TAMS 0x000000008ca00000, 0x000000008ca00000| Untracked 
| 203|0x000000008cb00000, 0x000000008cc00000, 0x000000008cc00000|100%| O|  |TAMS 0x000000008cb00000, 0x000000008cb00000| Untracked 
| 204|0x000000008cc00000, 0x000000008cd00000, 0x000000008cd00000|100%| O|  |TAMS 0x000000008cc00000, 0x000000008cc00000| Untracked 
| 205|0x000000008cd00000, 0x000000008ce00000, 0x000000008ce00000|100%| O|  |TAMS 0x000000008cd00000, 0x000000008cd00000| Untracked 
| 206|0x000000008ce00000, 0x000000008ce0f400, 0x000000008cf00000|  5%| O|  |TAMS 0x000000008ce00000, 0x000000008ce00000| Untracked 
| 207|0x000000008cf00000, 0x000000008cf00000, 0x000000008d000000|  0%| F|  |TAMS 0x000000008cf00000, 0x000000008cf00000| Untracked 
| 208|0x000000008d000000, 0x000000008d000000, 0x000000008d100000|  0%| F|  |TAMS 0x000000008d000000, 0x000000008d000000| Untracked 
| 209|0x000000008d100000, 0x000000008d100000, 0x000000008d200000|  0%| F|  |TAMS 0x000000008d100000, 0x000000008d100000| Untracked 
| 210|0x000000008d200000, 0x000000008d200000, 0x000000008d300000|  0%| F|  |TAMS 0x000000008d200000, 0x000000008d200000| Untracked 
| 211|0x000000008d300000, 0x000000008d300000, 0x000000008d400000|  0%| F|  |TAMS 0x000000008d300000, 0x000000008d300000| Untracked 
| 212|0x000000008d400000, 0x000000008d400000, 0x000000008d500000|  0%| F|  |TAMS 0x000000008d400000, 0x000000008d400000| Untracked 
| 213|0x000000008d500000, 0x000000008d500000, 0x000000008d600000|  0%| F|  |TAMS 0x000000008d500000, 0x000000008d500000| Untracked 
| 214|0x000000008d600000, 0x000000008d600000, 0x000000008d700000|  0%| F|  |TAMS 0x000000008d600000, 0x000000008d600000| Untracked 
| 215|0x000000008d700000, 0x000000008d700000, 0x000000008d800000|  0%| F|  |TAMS 0x000000008d700000, 0x000000008d700000| Untracked 
| 216|0x000000008d800000, 0x000000008d800000, 0x000000008d900000|  0%| F|  |TAMS 0x000000008d800000, 0x000000008d800000| Untracked 
| 217|0x000000008d900000, 0x000000008d900000, 0x000000008da00000|  0%| F|  |TAMS 0x000000008d900000, 0x000000008d900000| Untracked 
| 218|0x000000008da00000, 0x000000008da00000, 0x000000008db00000|  0%| F|  |TAMS 0x000000008da00000, 0x000000008da00000| Untracked 
| 219|0x000000008db00000, 0x000000008db00000, 0x000000008dc00000|  0%| F|  |TAMS 0x000000008db00000, 0x000000008db00000| Untracked 
| 220|0x000000008dc00000, 0x000000008dc00000, 0x000000008dd00000|  0%| F|  |TAMS 0x000000008dc00000, 0x000000008dc00000| Untracked 
| 221|0x000000008dd00000, 0x000000008dd00000, 0x000000008de00000|  0%| F|  |TAMS 0x000000008dd00000, 0x000000008dd00000| Untracked 
| 222|0x000000008de00000, 0x000000008de00000, 0x000000008df00000|  0%| F|  |TAMS 0x000000008de00000, 0x000000008de00000| Untracked 
| 223|0x000000008df00000, 0x000000008df00000, 0x000000008e000000|  0%| F|  |TAMS 0x000000008df00000, 0x000000008df00000| Untracked 
| 224|0x000000008e000000, 0x000000008e000000, 0x000000008e100000|  0%| F|  |TAMS 0x000000008e000000, 0x000000008e000000| Untracked 
| 225|0x000000008e100000, 0x000000008e100000, 0x000000008e200000|  0%| F|  |TAMS 0x000000008e100000, 0x000000008e100000| Untracked 
| 226|0x000000008e200000, 0x000000008e200000, 0x000000008e300000|  0%| F|  |TAMS 0x000000008e200000, 0x000000008e200000| Untracked 
| 227|0x000000008e300000, 0x000000008e300000, 0x000000008e400000|  0%| F|  |TAMS 0x000000008e300000, 0x000000008e300000| Untracked 
| 228|0x000000008e400000, 0x000000008e400000, 0x000000008e500000|  0%| F|  |TAMS 0x000000008e400000, 0x000000008e400000| Untracked 
| 229|0x000000008e500000, 0x000000008e500000, 0x000000008e600000|  0%| F|  |TAMS 0x000000008e500000, 0x000000008e500000| Untracked 
| 230|0x000000008e600000, 0x000000008e600000, 0x000000008e700000|  0%| F|  |TAMS 0x000000008e600000, 0x000000008e600000| Untracked 
| 231|0x000000008e700000, 0x000000008e700000, 0x000000008e800000|  0%| F|  |TAMS 0x000000008e700000, 0x000000008e700000| Untracked 
| 232|0x000000008e800000, 0x000000008e800000, 0x000000008e900000|  0%| F|  |TAMS 0x000000008e800000, 0x000000008e800000| Untracked 
| 233|0x000000008e900000, 0x000000008e900000, 0x000000008ea00000|  0%| F|  |TAMS 0x000000008e900000, 0x000000008e900000| Untracked 
| 234|0x000000008ea00000, 0x000000008ea00000, 0x000000008eb00000|  0%| F|  |TAMS 0x000000008ea00000, 0x000000008ea00000| Untracked 
| 235|0x000000008eb00000, 0x000000008eb00000, 0x000000008ec00000|  0%| F|  |TAMS 0x000000008eb00000, 0x000000008eb00000| Untracked 
| 236|0x000000008ec00000, 0x000000008ec00000, 0x000000008ed00000|  0%| F|  |TAMS 0x000000008ec00000, 0x000000008ec00000| Untracked 
| 237|0x000000008ed00000, 0x000000008ed00000, 0x000000008ee00000|  0%| F|  |TAMS 0x000000008ed00000, 0x000000008ed00000| Untracked 
| 238|0x000000008ee00000, 0x000000008ee00000, 0x000000008ef00000|  0%| F|  |TAMS 0x000000008ee00000, 0x000000008ee00000| Untracked 
| 239|0x000000008ef00000, 0x000000008ef00000, 0x000000008f000000|  0%| F|  |TAMS 0x000000008ef00000, 0x000000008ef00000| Untracked 
| 240|0x000000008f000000, 0x000000008f000000, 0x000000008f100000|  0%| F|  |TAMS 0x000000008f000000, 0x000000008f000000| Untracked 
| 241|0x000000008f100000, 0x000000008f100000, 0x000000008f200000|  0%| F|  |TAMS 0x000000008f100000, 0x000000008f100000| Untracked 
| 242|0x000000008f200000, 0x000000008f200000, 0x000000008f300000|  0%| F|  |TAMS 0x000000008f200000, 0x000000008f200000| Untracked 
| 243|0x000000008f300000, 0x000000008f300000, 0x000000008f400000|  0%| F|  |TAMS 0x000000008f300000, 0x000000008f300000| Untracked 
| 244|0x000000008f400000, 0x000000008f400000, 0x000000008f500000|  0%| F|  |TAMS 0x000000008f400000, 0x000000008f400000| Untracked 
| 245|0x000000008f500000, 0x000000008f500000, 0x000000008f600000|  0%| F|  |TAMS 0x000000008f500000, 0x000000008f500000| Untracked 
| 246|0x000000008f600000, 0x000000008f600000, 0x000000008f700000|  0%| F|  |TAMS 0x000000008f600000, 0x000000008f600000| Untracked 
| 247|0x000000008f700000, 0x000000008f700000, 0x000000008f800000|  0%| F|  |TAMS 0x000000008f700000, 0x000000008f700000| Untracked 
| 248|0x000000008f800000, 0x000000008f800000, 0x000000008f900000|  0%| F|  |TAMS 0x000000008f800000, 0x000000008f800000| Untracked 
| 249|0x000000008f900000, 0x000000008f900000, 0x000000008fa00000|  0%| F|  |TAMS 0x000000008f900000, 0x000000008f900000| Untracked 
| 250|0x000000008fa00000, 0x000000008fa00000, 0x000000008fb00000|  0%| F|  |TAMS 0x000000008fa00000, 0x000000008fa00000| Untracked 
| 251|0x000000008fb00000, 0x000000008fb00000, 0x000000008fc00000|  0%| F|  |TAMS 0x000000008fb00000, 0x000000008fb00000| Untracked 
| 252|0x000000008fc00000, 0x000000008fc00000, 0x000000008fd00000|  0%| F|  |TAMS 0x000000008fc00000, 0x000000008fc00000| Untracked 
| 253|0x000000008fd00000, 0x000000008fd00000, 0x000000008fe00000|  0%| F|  |TAMS 0x000000008fd00000, 0x000000008fd00000| Untracked 
| 254|0x000000008fe00000, 0x000000008fe00000, 0x000000008ff00000|  0%| F|  |TAMS 0x000000008fe00000, 0x000000008fe00000| Untracked 
| 255|0x000000008ff00000, 0x000000008ff45000, 0x0000000090000000| 26%| S|CS|TAMS 0x000000008ff00000, 0x000000008ff00000| Complete 
| 256|0x0000000090000000, 0x0000000090100000, 0x0000000090100000|100%| S|CS|TAMS 0x0000000090000000, 0x0000000090000000| Complete 
| 257|0x0000000090100000, 0x0000000090200000, 0x0000000090200000|100%| S|CS|TAMS 0x0000000090100000, 0x0000000090100000| Complete 
| 258|0x0000000090200000, 0x0000000090300000, 0x0000000090300000|100%| S|CS|TAMS 0x0000000090200000, 0x0000000090200000| Complete 
| 259|0x0000000090300000, 0x0000000090400000, 0x0000000090400000|100%| S|CS|TAMS 0x0000000090300000, 0x0000000090300000| Complete 
| 260|0x0000000090400000, 0x0000000090400000, 0x0000000090500000|  0%| F|  |TAMS 0x0000000090400000, 0x0000000090400000| Untracked 
| 261|0x0000000090500000, 0x0000000090500000, 0x0000000090600000|  0%| F|  |TAMS 0x0000000090500000, 0x0000000090500000| Untracked 
| 262|0x0000000090600000, 0x0000000090600000, 0x0000000090700000|  0%| F|  |TAMS 0x0000000090600000, 0x0000000090600000| Untracked 
| 263|0x0000000090700000, 0x0000000090700000, 0x0000000090800000|  0%| F|  |TAMS 0x0000000090700000, 0x0000000090700000| Untracked 
| 264|0x0000000090800000, 0x0000000090800000, 0x0000000090900000|  0%| F|  |TAMS 0x0000000090800000, 0x0000000090800000| Untracked 
| 265|0x0000000090900000, 0x0000000090900000, 0x0000000090a00000|  0%| F|  |TAMS 0x0000000090900000, 0x0000000090900000| Untracked 
| 266|0x0000000090a00000, 0x0000000090a00000, 0x0000000090b00000|  0%| F|  |TAMS 0x0000000090a00000, 0x0000000090a00000| Untracked 
| 267|0x0000000090b00000, 0x0000000090b00000, 0x0000000090c00000|  0%| F|  |TAMS 0x0000000090b00000, 0x0000000090b00000| Untracked 
| 268|0x0000000090c00000, 0x0000000090c00000, 0x0000000090d00000|  0%| F|  |TAMS 0x0000000090c00000, 0x0000000090c00000| Untracked 
| 269|0x0000000090d00000, 0x0000000090d00000, 0x0000000090e00000|  0%| F|  |TAMS 0x0000000090d00000, 0x0000000090d00000| Untracked 
| 270|0x0000000090e00000, 0x0000000090e00000, 0x0000000090f00000|  0%| F|  |TAMS 0x0000000090e00000, 0x0000000090e00000| Untracked 
| 271|0x0000000090f00000, 0x0000000090f00000, 0x0000000091000000|  0%| F|  |TAMS 0x0000000090f00000, 0x0000000090f00000| Untracked 
| 272|0x0000000091000000, 0x0000000091000000, 0x0000000091100000|  0%| F|  |TAMS 0x0000000091000000, 0x0000000091000000| Untracked 
| 273|0x0000000091100000, 0x0000000091100000, 0x0000000091200000|  0%| F|  |TAMS 0x0000000091100000, 0x0000000091100000| Untracked 
| 274|0x0000000091200000, 0x0000000091200000, 0x0000000091300000|  0%| F|  |TAMS 0x0000000091200000, 0x0000000091200000| Untracked 
| 275|0x0000000091300000, 0x0000000091300000, 0x0000000091400000|  0%| F|  |TAMS 0x0000000091300000, 0x0000000091300000| Untracked 
| 276|0x0000000091400000, 0x0000000091400000, 0x0000000091500000|  0%| F|  |TAMS 0x0000000091400000, 0x0000000091400000| Untracked 
| 277|0x0000000091500000, 0x0000000091500000, 0x0000000091600000|  0%| F|  |TAMS 0x0000000091500000, 0x0000000091500000| Untracked 
| 278|0x0000000091600000, 0x0000000091603b80, 0x0000000091700000|  1%| E|  |TAMS 0x0000000091600000, 0x0000000091600000| Complete 
| 279|0x0000000091700000, 0x0000000091800000, 0x0000000091800000|100%| E|CS|TAMS 0x0000000091700000, 0x0000000091700000| Complete 
| 280|0x0000000091800000, 0x0000000091900000, 0x0000000091900000|100%| E|CS|TAMS 0x0000000091800000, 0x0000000091800000| Complete 
| 281|0x0000000091900000, 0x0000000091a00000, 0x0000000091a00000|100%| E|CS|TAMS 0x0000000091900000, 0x0000000091900000| Complete 
| 282|0x0000000091a00000, 0x0000000091b00000, 0x0000000091b00000|100%| E|CS|TAMS 0x0000000091a00000, 0x0000000091a00000| Complete 
| 283|0x0000000091b00000, 0x0000000091c00000, 0x0000000091c00000|100%| E|CS|TAMS 0x0000000091b00000, 0x0000000091b00000| Complete 
| 284|0x0000000091c00000, 0x0000000091d00000, 0x0000000091d00000|100%| E|CS|TAMS 0x0000000091c00000, 0x0000000091c00000| Complete 
| 285|0x0000000091d00000, 0x0000000091e00000, 0x0000000091e00000|100%| E|CS|TAMS 0x0000000091d00000, 0x0000000091d00000| Complete 
| 286|0x0000000091e00000, 0x0000000091f00000, 0x0000000091f00000|100%| E|CS|TAMS 0x0000000091e00000, 0x0000000091e00000| Complete 
| 287|0x0000000091f00000, 0x0000000092000000, 0x0000000092000000|100%| E|CS|TAMS 0x0000000091f00000, 0x0000000091f00000| Complete 
| 288|0x0000000092000000, 0x0000000092100000, 0x0000000092100000|100%| E|CS|TAMS 0x0000000092000000, 0x0000000092000000| Complete 
| 289|0x0000000092100000, 0x0000000092200000, 0x0000000092200000|100%| E|CS|TAMS 0x0000000092100000, 0x0000000092100000| Complete 
| 290|0x0000000092200000, 0x0000000092300000, 0x0000000092300000|100%| E|CS|TAMS 0x0000000092200000, 0x0000000092200000| Complete 
| 291|0x0000000092300000, 0x0000000092400000, 0x0000000092400000|100%| E|CS|TAMS 0x0000000092300000, 0x0000000092300000| Complete 
| 292|0x0000000092400000, 0x0000000092500000, 0x0000000092500000|100%| E|CS|TAMS 0x0000000092400000, 0x0000000092400000| Complete 
| 293|0x0000000092500000, 0x0000000092600000, 0x0000000092600000|100%| E|CS|TAMS 0x0000000092500000, 0x0000000092500000| Complete 
| 294|0x0000000092600000, 0x0000000092700000, 0x0000000092700000|100%| E|CS|TAMS 0x0000000092600000, 0x0000000092600000| Complete 
| 295|0x0000000092700000, 0x0000000092800000, 0x0000000092800000|100%| E|CS|TAMS 0x0000000092700000, 0x0000000092700000| Complete 
| 296|0x0000000092800000, 0x0000000092900000, 0x0000000092900000|100%| E|CS|TAMS 0x0000000092800000, 0x0000000092800000| Complete 
| 297|0x0000000092900000, 0x0000000092a00000, 0x0000000092a00000|100%| E|CS|TAMS 0x0000000092900000, 0x0000000092900000| Complete 
| 298|0x0000000092a00000, 0x0000000092b00000, 0x0000000092b00000|100%| E|CS|TAMS 0x0000000092a00000, 0x0000000092a00000| Complete 
| 299|0x0000000092b00000, 0x0000000092c00000, 0x0000000092c00000|100%| E|CS|TAMS 0x0000000092b00000, 0x0000000092b00000| Complete 
| 300|0x0000000092c00000, 0x0000000092d00000, 0x0000000092d00000|100%| E|CS|TAMS 0x0000000092c00000, 0x0000000092c00000| Complete 
| 301|0x0000000092d00000, 0x0000000092e00000, 0x0000000092e00000|100%| E|CS|TAMS 0x0000000092d00000, 0x0000000092d00000| Complete 
| 302|0x0000000092e00000, 0x0000000092f00000, 0x0000000092f00000|100%| E|CS|TAMS 0x0000000092e00000, 0x0000000092e00000| Complete 
| 303|0x0000000092f00000, 0x0000000093000000, 0x0000000093000000|100%| E|CS|TAMS 0x0000000092f00000, 0x0000000092f00000| Complete 
| 304|0x0000000093000000, 0x0000000093100000, 0x0000000093100000|100%| E|CS|TAMS 0x0000000093000000, 0x0000000093000000| Complete 
| 305|0x0000000093100000, 0x0000000093200000, 0x0000000093200000|100%| E|CS|TAMS 0x0000000093100000, 0x0000000093100000| Complete 
| 306|0x0000000093200000, 0x0000000093300000, 0x0000000093300000|100%| E|CS|TAMS 0x0000000093200000, 0x0000000093200000| Complete 
| 307|0x0000000093300000, 0x0000000093400000, 0x0000000093400000|100%| E|CS|TAMS 0x0000000093300000, 0x0000000093300000| Complete 
| 308|0x0000000093400000, 0x0000000093500000, 0x0000000093500000|100%| E|CS|TAMS 0x0000000093400000, 0x0000000093400000| Complete 
| 309|0x0000000093500000, 0x0000000093600000, 0x0000000093600000|100%| E|CS|TAMS 0x0000000093500000, 0x0000000093500000| Complete 
| 310|0x0000000093600000, 0x0000000093700000, 0x0000000093700000|100%| E|CS|TAMS 0x0000000093600000, 0x0000000093600000| Complete 

Card table byte_map: [0x000002ec76c60000,0x000002ec77060000] _byte_map_base: 0x000002ec76860000

Marking Bits (Prev, Next): (CMBitMap*) 0x000002ec6f004ab0, (CMBitMap*) 0x000002ec6f004a70
 Prev Bits: [0x000002ec79460000, 0x000002ec7b460000)
 Next Bits: [0x000002ec77460000, 0x000002ec79460000)

Polling page: 0x000002ec6ce40000

Metaspace:

Usage:
  Non-class:    142.32 MB used.
      Class:     20.98 MB used.
       Both:    163.30 MB used.

Virtual space:
  Non-class space:      192.00 MB reserved,     142.88 MB ( 74%) committed,  3 nodes.
      Class space:        1.00 GB reserved,      21.50 MB (  2%) committed,  1 nodes.
             Both:        1.19 GB reserved,     164.38 MB ( 14%) committed. 

Chunk freelists:
   Non-Class:  688.00 KB
       Class:  10.51 MB
        Both:  11.18 MB

MaxMetaspaceSize: unlimited
CompressedClassSpaceSize: 1.00 GB
Initial GC threshold: 21.00 MB
Current GC threshold: 182.00 MB
CDS: on
MetaspaceReclaimPolicy: balanced
 - commit_granule_bytes: 65536.
 - commit_granule_words: 8192.
 - virtual_space_node_default_size: 8388608.
 - enlarge_chunks_in_place: 1.
 - new_chunks_are_fully_committed: 0.
 - uncommit_free_chunks: 1.
 - use_allocation_guard: 0.
 - handle_deallocations: 1.


Internal statistics:

num_allocs_failed_limit: 15.
num_arena_births: 1568.
num_arena_deaths: 0.
num_vsnodes_births: 4.
num_vsnodes_deaths: 0.
num_space_committed: 2626.
num_space_uncommitted: 0.
num_chunks_returned_to_freelist: 15.
num_chunks_taken_from_freelist: 8176.
num_chunk_merges: 15.
num_chunk_splits: 5898.
num_chunks_enlarged: 4413.
num_inconsistent_stats: 0.

CodeHeap 'non-profiled nmethods': size=120000Kb used=13119Kb max_used=13119Kb free=106880Kb
 bounds [0x000002ec07ad0000, 0x000002ec087a0000, 0x000002ec0f000000]
CodeHeap 'profiled nmethods': size=120000Kb used=42488Kb max_used=42488Kb free=77511Kb
 bounds [0x000002ec00000000, 0x000002ec02980000, 0x000002ec07530000]
CodeHeap 'non-nmethods': size=5760Kb used=1934Kb max_used=2003Kb free=3825Kb
 bounds [0x000002ec07530000, 0x000002ec077a0000, 0x000002ec07ad0000]
 total_blobs=20394 nmethods=19332 adapters=972
 compilation: disabled (not enough contiguous free space left)
              stopped_count=1, restarted_count=0
 full_count=1

Compilation events (20 events):
Event: 105.698 Thread 0x000002ec7d936130 nmethod 22922 0x000002ec0879e790 code [0x000002ec0879e920, 0x000002ec0879e9f8]
Event: 105.700 Thread 0x000002ec7d936130 22923       3       sun.security.provider.DigestBase::engineUpdate (189 bytes)
Event: 105.700 Thread 0x000002ec7e233cb0 22924   !   4       java.net.URL::<init> (543 bytes)
Event: 105.701 Thread 0x000002ec7d936130 nmethod 22923 0x000002ec0297c710 code [0x000002ec0297c980, 0x000002ec0297d658]
Event: 105.712 Thread 0x000002ec7d936130 22926       3       org.gradle.internal.vfs.impl.VersionHierarchy::<init> (21 bytes)
Event: 105.713 Thread 0x000002ec7d936130 nmethod 22926 0x000002ec0297d990 code [0x000002ec0297db20, 0x000002ec0297dcf8]
Event: 105.713 Thread 0x000002ec7d936130 22927       3       org.gradle.internal.snapshot.AbstractInvalidateChildHandler::handleUnrelatedToAnyChild (5 bytes)
Event: 105.714 Thread 0x000002ec7d936130 nmethod 22927 0x000002ec0297de10 code [0x000002ec0297dfc0, 0x000002ec0297e338]
Event: 105.746 Thread 0x000002ec7d936130 22928       3       org.gradle.internal.watch.vfs.impl.WatchingVirtualFileSystem$CompositeChangeHandler::handleChange (17 bytes)
Event: 105.747 Thread 0x000002ec7d936130 nmethod 22928 0x000002ec0297e490 code [0x000002ec0297e6a0, 0x000002ec0297ed98]
Event: 105.747 Thread 0x000002ec7d936130 22929       3       org.gradle.internal.watch.vfs.impl.WatchingVirtualFileSystem$CompositeChangeHandler$$Lambda$833/0x000002ec10660cb0::<init> (15 bytes)
Event: 105.747 Thread 0x000002ec7d936130 nmethod 22929 0x000002ec0297f010 code [0x000002ec0297f1c0, 0x000002ec0297f3d8]
Event: 105.747 Thread 0x000002ec7d936130 22930       3       org.gradle.internal.watch.vfs.impl.WatchingVirtualFileSystem$InvalidateVfsChangeHandler::handleChange (16 bytes)
Event: 105.748 Thread 0x000002ec7d936130 nmethod 22930 0x000002ec0879ea90 code [0x000002ec0879ed00, 0x000002ec0879fa68]
Event: 105.763 Thread 0x000002ec7d936130 22931       3       org.gradle.internal.snapshot.AbstractInvalidateChildHandler$$Lambda$837/0x000002ec10662a40::<init> (10 bytes)
Event: 105.763 Thread 0x000002ec7d936130 nmethod 22931 0x000002ec0297f490 code [0x000002ec0297f620, 0x000002ec0297f7d8]
Event: 105.763 Thread 0x000002ec7d936130 22932       3       org.gradle.internal.snapshot.AbstractInvalidateChildHandler$$Lambda$838/0x000002ec10662ea0::<init> (10 bytes)
Event: 105.764 Thread 0x000002ec7d936130 nmethod 22932 0x000002ec0297f890 code [0x000002ec0297fa20, 0x000002ec0297fbd8]
Event: 105.767 Thread 0x000002ec7d936130 22933       3       org.gradle.internal.snapshot.AbstractInvalidateChildHandler::handleAsDescendantOfChild (35 bytes)
Event: 105.770 Thread 0x000002ec7d936130 


GC Heap History (20 events):
Event: 97.107 GC heap before
{Heap before GC invocations=86 (full 0):
 garbage-first heap   total 249856K, used 213676K [0x0000000080000000, 0x0000000100000000)
  region size 1024K, 22 young (22528K), 3 survivors (3072K)
 Metaspace       used 162767K, committed 163840K, reserved 1245184K
  class space    used 21074K, committed 21568K, reserved 1048576K
}
Event: 97.119 GC heap after
{Heap after GC invocations=87 (full 0):
 garbage-first heap   total 249856K, used 200450K [0x0000000080000000, 0x0000000100000000)
  region size 1024K, 3 young (3072K), 3 survivors (3072K)
 Metaspace       used 162767K, committed 163840K, reserved 1245184K
  class space    used 21074K, committed 21568K, reserved 1048576K
}
Event: 98.091 GC heap before
{Heap before GC invocations=87 (full 0):
 garbage-first heap   total 249856K, used 214786K [0x0000000080000000, 0x0000000100000000)
  region size 1024K, 17 young (17408K), 3 survivors (3072K)
 Metaspace       used 163105K, committed 164096K, reserved 1245184K
  class space    used 21100K, committed 21568K, reserved 1048576K
}
Event: 98.100 GC heap after
{Heap after GC invocations=88 (full 0):
 garbage-first heap   total 249856K, used 203468K [0x0000000080000000, 0x0000000100000000)
  region size 1024K, 3 young (3072K), 3 survivors (3072K)
 Metaspace       used 163105K, committed 164096K, reserved 1245184K
  class space    used 21100K, committed 21568K, reserved 1048576K
}
Event: 99.025 GC heap before
{Heap before GC invocations=88 (full 0):
 garbage-first heap   total 249856K, used 213708K [0x0000000080000000, 0x0000000100000000)
  region size 1024K, 14 young (14336K), 3 survivors (3072K)
 Metaspace       used 163151K, committed 164160K, reserved 1245184K
  class space    used 21100K, committed 21568K, reserved 1048576K
}
Event: 99.041 GC heap after
{Heap after GC invocations=89 (full 0):
 garbage-first heap   total 249856K, used 205727K [0x0000000080000000, 0x0000000100000000)
  region size 1024K, 2 young (2048K), 2 survivors (2048K)
 Metaspace       used 163151K, committed 164160K, reserved 1245184K
  class space    used 21100K, committed 21568K, reserved 1048576K
}
Event: 100.077 GC heap before
{Heap before GC invocations=89 (full 0):
 garbage-first heap   total 249856K, used 216991K [0x0000000080000000, 0x0000000100000000)
  region size 1024K, 13 young (13312K), 2 survivors (2048K)
 Metaspace       used 163229K, committed 164288K, reserved 1245184K
  class space    used 21108K, committed 21632K, reserved 1048576K
}
Event: 100.086 GC heap after
{Heap after GC invocations=90 (full 0):
 garbage-first heap   total 249856K, used 206495K [0x0000000080000000, 0x0000000100000000)
  region size 1024K, 1 young (1024K), 1 survivors (1024K)
 Metaspace       used 163229K, committed 164288K, reserved 1245184K
  class space    used 21108K, committed 21632K, reserved 1048576K
}
Event: 100.416 GC heap before
{Heap before GC invocations=90 (full 0):
 garbage-first heap   total 249856K, used 224927K [0x0000000080000000, 0x0000000100000000)
  region size 1024K, 12 young (12288K), 1 survivors (1024K)
 Metaspace       used 163492K, committed 164544K, reserved 1245184K
  class space    used 21129K, committed 21632K, reserved 1048576K
}
Event: 100.423 GC heap after
{Heap after GC invocations=91 (full 0):
 garbage-first heap   total 249856K, used 207191K [0x0000000080000000, 0x0000000100000000)
  region size 1024K, 2 young (2048K), 2 survivors (2048K)
 Metaspace       used 163492K, committed 164544K, reserved 1245184K
  class space    used 21129K, committed 21632K, reserved 1048576K
}
Event: 100.519 GC heap before
{Heap before GC invocations=91 (full 0):
 garbage-first heap   total 249856K, used 218455K [0x0000000080000000, 0x0000000100000000)
  region size 1024K, 13 young (13312K), 2 survivors (2048K)
 Metaspace       used 163562K, committed 164608K, reserved 1245184K
  class space    used 21135K, committed 21632K, reserved 1048576K
}
Event: 100.526 GC heap after
{Heap after GC invocations=92 (full 0):
 garbage-first heap   total 249856K, used 209380K [0x0000000080000000, 0x0000000100000000)
  region size 1024K, 2 young (2048K), 2 survivors (2048K)
 Metaspace       used 163562K, committed 164608K, reserved 1245184K
  class space    used 21135K, committed 21632K, reserved 1048576K
}
Event: 100.693 GC heap before
{Heap before GC invocations=92 (full 0):
 garbage-first heap   total 249856K, used 218596K [0x0000000080000000, 0x0000000100000000)
  region size 1024K, 12 young (12288K), 2 survivors (2048K)
 Metaspace       used 164228K, committed 165376K, reserved 1245184K
  class space    used 21196K, committed 21760K, reserved 1048576K
}
Event: 100.701 GC heap after
{Heap after GC invocations=93 (full 0):
 garbage-first heap   total 249856K, used 211095K [0x0000000080000000, 0x0000000100000000)
  region size 1024K, 2 young (2048K), 2 survivors (2048K)
 Metaspace       used 164228K, committed 165376K, reserved 1245184K
  class space    used 21196K, committed 21760K, reserved 1048576K
}
Event: 101.071 GC heap before
{Heap before GC invocations=93 (full 0):
 garbage-first heap   total 249856K, used 220311K [0x0000000080000000, 0x0000000100000000)
  region size 1024K, 12 young (12288K), 2 survivors (2048K)
 Metaspace       used 165279K, committed 166400K, reserved 1245184K
  class space    used 21294K, committed 21824K, reserved 1048576K
}
Event: 101.079 GC heap after
{Heap after GC invocations=94 (full 0):
 garbage-first heap   total 249856K, used 211803K [0x0000000080000000, 0x0000000100000000)
  region size 1024K, 1 young (1024K), 1 survivors (1024K)
 Metaspace       used 165279K, committed 166400K, reserved 1245184K
  class space    used 21294K, committed 21824K, reserved 1048576K
}
Event: 101.416 GC heap before
{Heap before GC invocations=94 (full 0):
 garbage-first heap   total 249856K, used 222043K [0x0000000080000000, 0x0000000100000000)
  region size 1024K, 12 young (12288K), 1 survivors (1024K)
 Metaspace       used 166642K, committed 167744K, reserved 1245184K
  class space    used 21433K, committed 21952K, reserved 1048576K
}
Event: 101.424 GC heap after
{Heap after GC invocations=95 (full 0):
 garbage-first heap   total 318464K, used 212616K [0x0000000080000000, 0x0000000100000000)
  region size 1024K, 2 young (2048K), 2 survivors (2048K)
 Metaspace       used 166642K, committed 167744K, reserved 1245184K
  class space    used 21433K, committed 21952K, reserved 1048576K
}
Event: 103.925 GC heap before
{Heap before GC invocations=95 (full 0):
 garbage-first heap   total 318464K, used 263816K [0x0000000080000000, 0x0000000100000000)
  region size 1024K, 53 young (54272K), 2 survivors (2048K)
 Metaspace       used 167130K, committed 168192K, reserved 1245184K
  class space    used 21476K, committed 22016K, reserved 1048576K
}
Event: 103.935 GC heap after
{Heap after GC invocations=96 (full 0):
 garbage-first heap   total 318464K, used 215347K [0x0000000080000000, 0x0000000100000000)
  region size 1024K, 5 young (5120K), 5 survivors (5120K)
 Metaspace       used 167130K, committed 168192K, reserved 1245184K
  class space    used 21476K, committed 22016K, reserved 1048576K
}

Deoptimization events (20 events):
Event: 105.711 Thread 0x000002ec576f00d0 DEOPT PACKING pc=0x000002ec0296a3b4 sp=0x000000f0550f9a10
Event: 105.711 Thread 0x000002ec576f00d0 DEOPT UNPACKING pc=0x000002ec07582b43 sp=0x000000f0550f8f08 mode 0
Event: 105.711 Thread 0x000002ec576f00d0 DEOPT PACKING pc=0x000002ec0263cc84 sp=0x000000f0550f9c20
Event: 105.711 Thread 0x000002ec576f00d0 DEOPT UNPACKING pc=0x000002ec07582b43 sp=0x000000f0550f9008 mode 0
Event: 105.711 Thread 0x000002ec576f00d0 DEOPT PACKING pc=0x000002ec0296a3b4 sp=0x000000f0550f9db0
Event: 105.711 Thread 0x000002ec576f00d0 DEOPT UNPACKING pc=0x000002ec07582b43 sp=0x000000f0550f92a8 mode 0
Event: 105.711 Thread 0x000002ec576f00d0 DEOPT PACKING pc=0x000002ec0263cc84 sp=0x000000f0550f9fc0
Event: 105.711 Thread 0x000002ec576f00d0 DEOPT UNPACKING pc=0x000002ec07582b43 sp=0x000000f0550f93a8 mode 0
Event: 105.711 Thread 0x000002ec576f00d0 DEOPT PACKING pc=0x000002ec0296a3b4 sp=0x000000f0550fa150
Event: 105.711 Thread 0x000002ec576f00d0 DEOPT UNPACKING pc=0x000002ec07582b43 sp=0x000000f0550f9648 mode 0
Event: 105.711 Thread 0x000002ec576f00d0 DEOPT PACKING pc=0x000002ec0263cc84 sp=0x000000f0550fa360
Event: 105.711 Thread 0x000002ec576f00d0 DEOPT UNPACKING pc=0x000002ec07582b43 sp=0x000000f0550f9748 mode 0
Event: 105.711 Thread 0x000002ec576f00d0 DEOPT PACKING pc=0x000002ec0296a3b4 sp=0x000000f0550fa4f0
Event: 105.711 Thread 0x000002ec576f00d0 DEOPT UNPACKING pc=0x000002ec07582b43 sp=0x000000f0550f99e8 mode 0
Event: 105.711 Thread 0x000002ec576f00d0 DEOPT PACKING pc=0x000002ec0263cc84 sp=0x000000f0550fa700
Event: 105.711 Thread 0x000002ec576f00d0 DEOPT UNPACKING pc=0x000002ec07582b43 sp=0x000000f0550f9ae8 mode 0
Event: 105.711 Thread 0x000002ec576f00d0 DEOPT PACKING pc=0x000002ec0296a3b4 sp=0x000000f0550fa890
Event: 105.711 Thread 0x000002ec576f00d0 DEOPT UNPACKING pc=0x000002ec07582b43 sp=0x000000f0550f9d88 mode 0
Event: 105.711 Thread 0x000002ec576f00d0 DEOPT PACKING pc=0x000002ec0263cc84 sp=0x000000f0550faaa0
Event: 105.711 Thread 0x000002ec576f00d0 DEOPT UNPACKING pc=0x000002ec07582b43 sp=0x000000f0550f9e88 mode 0

Classes unloaded (0 events):
No events

Classes redefined (0 events):
No events

Internal exceptions (20 events):
Event: 93.573 Thread 0x000002ec648c7c30 Exception <a 'sun/nio/fs/WindowsException'{0x000000008efd8d88}> (0x000000008efd8d88) 
thrown [s\open\src\hotspot\share\prims\jni.cpp, line 516]
Event: 93.573 Thread 0x000002ec648c7c30 Exception <a 'sun/nio/fs/WindowsException'{0x000000008efd9078}> (0x000000008efd9078) 
thrown [s\open\src\hotspot\share\prims\jni.cpp, line 516]
Event: 93.574 Thread 0x000002ec648c7c30 Exception <a 'sun/nio/fs/WindowsException'{0x000000008efdc1e8}> (0x000000008efdc1e8) 
thrown [s\open\src\hotspot\share\prims\jni.cpp, line 516]
Event: 93.645 Thread 0x000002ec576f7a50 Exception <a 'sun/nio/fs/WindowsException'{0x000000008effb0c8}> (0x000000008effb0c8) 
thrown [s\open\src\hotspot\share\prims\jni.cpp, line 516]
Event: 93.646 Thread 0x000002ec576f7a50 Exception <a 'sun/nio/fs/WindowsException'{0x000000008effd448}> (0x000000008effd448) 
thrown [s\open\src\hotspot\share\prims\jni.cpp, line 516]
Event: 93.646 Thread 0x000002ec576f7a50 Exception <a 'sun/nio/fs/WindowsException'{0x000000008efff0d0}> (0x000000008efff0d0) 
thrown [s\open\src\hotspot\share\prims\jni.cpp, line 516]
Event: 93.647 Thread 0x000002ec576f7a50 Exception <a 'sun/nio/fs/WindowsException'{0x000000008ee03a78}> (0x000000008ee03a78) 
thrown [s\open\src\hotspot\share\prims\jni.cpp, line 516]
Event: 93.647 Thread 0x000002ec576f7a50 Exception <a 'sun/nio/fs/WindowsException'{0x000000008ee059c0}> (0x000000008ee059c0) 
thrown [s\open\src\hotspot\share\prims\jni.cpp, line 516]
Event: 95.718 Thread 0x000002ec5564a300 Implicit null exception at 0x000002ec07dc211d to 0x000002ec07dc44d4
Event: 95.719 Thread 0x000002ec5564a300 Implicit null exception at 0x000002ec080e251e to 0x000002ec080e2c98
Event: 96.221 Thread 0x000002ec6430bc40 Exception <a 'sun/nio/fs/WindowsException'{0x000000008e14a7f8}> (0x000000008e14a7f8) 
thrown [s\open\src\hotspot\share\prims\jni.cpp, line 516]
Event: 96.243 Thread 0x000002ec6430bc40 Exception <a 'sun/nio/fs/WindowsException'{0x000000008e1d5f40}> (0x000000008e1d5f40) 
thrown [s\open\src\hotspot\share\prims\jni.cpp, line 516]
Event: 96.243 Thread 0x000002ec6430bc40 Exception <a 'sun/nio/fs/WindowsException'{0x000000008e1d61e8}> (0x000000008e1d61e8) 
thrown [s\open\src\hotspot\share\prims\jni.cpp, line 516]
Event: 100.260 Thread 0x000002ec576f7a50 Implicit null exception at 0x000002ec086a9412 to 0x000002ec086af864
Event: 100.333 Thread 0x000002ec576f7a50 Exception <a 'java/lang/NoSuchMethodError'{0x000000008ee561c0}: static Lcom/android/ide/common/resources/CompileResourceRequest;.<clinit>()V> (0x000000008ee561c0) 
thrown [s\open\src\hotspot\share\prims\jni.cpp, line 1107]
Event: 100.338 Thread 0x000002ec576f7a50 Exception <a 'java/lang/NoSuchMethodError'{0x000000008ee7f008}: static Ljava/lang/Object;.<clinit>()V> (0x000000008ee7f008) 
thrown [s\open\src\hotspot\share\prims\jni.cpp, line 1107]
Event: 100.341 Thread 0x000002ec576f7a50 Exception <a 'java/lang/NoSuchMethodError'{0x000000008ee90b40}: static Ljava/lang/Object;.<clinit>()V> (0x000000008ee90b40) 
thrown [s\open\src\hotspot\share\prims\jni.cpp, line 1107]
Event: 100.343 Thread 0x000002ec576f7a50 Exception <a 'java/lang/NoSuchMethodError'{0x000000008eea27a0}: static Ljava/lang/Object;.<clinit>()V> (0x000000008eea27a0) 
thrown [s\open\src\hotspot\share\prims\jni.cpp, line 1107]
Event: 100.350 Thread 0x000002ec576f7a50 Exception <a 'java/lang/NoSuchMethodError'{0x000000008eee23c8}: static Lkotlin/InitializedLazyImpl;.<clinit>()V> (0x000000008eee23c8) 
thrown [s\open\src\hotspot\share\prims\jni.cpp, line 1107]
Event: 104.070 Thread 0x000002ec576f00d0 Exception <a 'java/lang/NoSuchMethodError'{0x000000009342b750}: static Ljava/lang/Object;.<clinit>()V> (0x000000009342b750) 
thrown [s\open\src\hotspot\share\prims\jni.cpp, line 1107]

VM Operations (20 events):
Event: 100.580 Executing VM operation: HandshakeAllThreads
Event: 100.581 Executing VM operation: HandshakeAllThreads done
Event: 100.677 Executing VM operation: G1CollectForAllocation
Event: 100.739 Executing VM operation: G1CollectForAllocation done
Event: 101.071 Executing VM operation: G1CollectForAllocation
Event: 101.080 Executing VM operation: G1CollectForAllocation done
Event: 101.416 Executing VM operation: G1CollectForAllocation
Event: 101.426 Executing VM operation: G1CollectForAllocation done
Event: 101.879 Executing VM operation: HandshakeAllThreads
Event: 101.880 Executing VM operation: HandshakeAllThreads done
Event: 101.922 Executing VM operation: ICBufferFull
Event: 101.922 Executing VM operation: ICBufferFull done
Event: 102.936 Executing VM operation: Cleanup
Event: 102.936 Executing VM operation: Cleanup done
Event: 103.925 Executing VM operation: G1CollectForAllocation
Event: 103.935 Executing VM operation: G1CollectForAllocation done
Event: 104.949 Executing VM operation: Cleanup
Event: 104.949 Executing VM operation: Cleanup done
Event: 105.708 Executing VM operation: HandshakeAllThreads
Event: 105.708 Executing VM operation: HandshakeAllThreads done

Events (20 events):
Event: 100.652 loading class java/nio/file/FileTreeWalker$1
Event: 100.652 loading class java/nio/file/FileTreeWalker$1 done
Event: 100.919 loading class com/sun/xml/internal/stream/events/CommentEvent
Event: 100.919 loading class javax/xml/stream/events/Comment
Event: 100.919 loading class javax/xml/stream/events/Comment done
Event: 100.919 loading class com/sun/xml/internal/stream/events/CommentEvent done
Event: 101.933 Thread 0x000002ec7d93fa60 flushing nmethod 0x000002ec0251e010
Event: 101.935 Thread 0x000002ec7d93fa60 flushing nmethod 0x000002ec0267e510
Event: 101.935 Thread 0x000002ec7d93fa60 flushing nmethod 0x000002ec02695510
Event: 101.935 Thread 0x000002ec7d93fa60 flushing nmethod 0x000002ec02695a10
Event: 101.935 Thread 0x000002ec7d93fa60 flushing nmethod 0x000002ec02695f90
Event: 101.935 Thread 0x000002ec7d93fa60 flushing nmethod 0x000002ec02696490
Event: 101.935 Thread 0x000002ec7d93fa60 flushing nmethod 0x000002ec02699990
Event: 101.935 Thread 0x000002ec7d93fa60 flushing nmethod 0x000002ec026b5190
Event: 101.935 Thread 0x000002ec7d93fa60 flushing nmethod 0x000002ec026b6890
Event: 101.937 Thread 0x000002ec7d93fa60 flushing nmethod 0x000002ec0282f910
Event: 103.094 loading class com/sun/xml/internal/stream/util/ReadOnlyIterator
Event: 103.095 loading class com/sun/xml/internal/stream/util/ReadOnlyIterator done
Event: 104.722 Thread 0x000002ec648195a0 Thread exited: 0x000002ec648195a0
Event: 105.015 Thread 0x000002ec7e233cb0 Thread added: 0x000002ec7e233cb0


Dynamic libraries:
0x00007ff7e4800000 - 0x00007ff7e4810000 	C:\Program Files\Java\jdk-17\bin\java.exe
0x00007ff883b10000 - 0x00007ff883d08000 	C:\Windows\SYSTEM32\ntdll.dll
0x00007ff882030000 - 0x00007ff8820f2000 	C:\Windows\System32\KERNEL32.DLL
0x00007ff8813e0000 - 0x00007ff8816df000 	C:\Windows\System32\KERNELBASE.dll
0x00007ff881990000 - 0x00007ff881a90000 	C:\Windows\System32\ucrtbase.dll
0x00007ff869e90000 - 0x00007ff869ea9000 	C:\Program Files\Java\jdk-17\bin\jli.dll
0x00007ff869e70000 - 0x00007ff869e8b000 	C:\Program Files\Java\jdk-17\bin\VCRUNTIME140.dll
0x00007ff881f80000 - 0x00007ff88202f000 	C:\Windows\System32\ADVAPI32.dll
0x00007ff8822d0000 - 0x00007ff88236e000 	C:\Windows\System32\msvcrt.dll
0x00007ff881ee0000 - 0x00007ff881f7f000 	C:\Windows\System32\sechost.dll
0x00007ff883320000 - 0x00007ff883443000 	C:\Windows\System32\RPCRT4.dll
0x00007ff8818b0000 - 0x00007ff8818d7000 	C:\Windows\System32\bcrypt.dll
0x00007ff881c00000 - 0x00007ff881d9d000 	C:\Windows\System32\USER32.dll
0x00007ff8811b0000 - 0x00007ff8811d2000 	C:\Windows\System32\win32u.dll
0x00007ff870780000 - 0x00007ff870a1a000 	C:\Windows\WinSxS\amd64_microsoft.windows.common-controls_6595b64144ccf1df_6.0.19041.4355_none_60b8b9eb71f62e16\COMCTL32.dll
0x00007ff883900000 - 0x00007ff88392b000 	C:\Windows\System32\GDI32.dll
0x00007ff8811e0000 - 0x00007ff8812fa000 	C:\Windows\System32\gdi32full.dll
0x00007ff881a90000 - 0x00007ff881b2d000 	C:\Windows\System32\msvcp_win.dll
0x00007ff8745d0000 - 0x00007ff8745da000 	C:\Windows\SYSTEM32\VERSION.dll
0x00007ff8832f0000 - 0x00007ff88331f000 	C:\Windows\System32\IMM32.DLL
0x00007ff87b400000 - 0x00007ff87b40c000 	C:\Program Files\Java\jdk-17\bin\vcruntime140_1.dll
0x00007ff844de0000 - 0x00007ff844e6e000 	C:\Program Files\Java\jdk-17\bin\msvcp140.dll
0x00007ff80da90000 - 0x00007ff80e66f000 	C:\Program Files\Java\jdk-17\bin\server\jvm.dll
0x00007ff882100000 - 0x00007ff882108000 	C:\Windows\System32\PSAPI.DLL
0x00007ff86bd20000 - 0x00007ff86bd29000 	C:\Windows\SYSTEM32\WSOCK32.dll
0x00007ff871760000 - 0x00007ff871787000 	C:\Windows\SYSTEM32\WINMM.dll
0x00007ff881e70000 - 0x00007ff881edb000 	C:\Windows\System32\WS2_32.dll
0x00007ff87eff0000 - 0x00007ff87f002000 	C:\Windows\SYSTEM32\kernel.appcore.dll
0x00007ff86b3f0000 - 0x00007ff86b3fa000 	C:\Program Files\Java\jdk-17\bin\jimage.dll
0x00007ff86ec40000 - 0x00007ff86ee24000 	C:\Windows\SYSTEM32\DBGHELP.DLL
0x00007ff86ec00000 - 0x00007ff86ec34000 	C:\Windows\SYSTEM32\dbgcore.DLL
0x00007ff881300000 - 0x00007ff881382000 	C:\Windows\System32\bcryptPrimitives.dll
0x00007ff87b720000 - 0x00007ff87b72e000 	C:\Program Files\Java\jdk-17\bin\instrument.dll
0x00007ff869e40000 - 0x00007ff869e65000 	C:\Program Files\Java\jdk-17\bin\java.dll
0x00007ff8448d0000 - 0x00007ff8449a7000 	C:\Program Files\Java\jdk-17\bin\jsvml.dll
0x00007ff882420000 - 0x00007ff882b8d000 	C:\Windows\System32\SHELL32.dll
0x00007ff87f1f0000 - 0x00007ff87f994000 	C:\Windows\SYSTEM32\windows.storage.dll
0x00007ff883450000 - 0x00007ff8837a5000 	C:\Windows\System32\combase.dll
0x00007ff880a30000 - 0x00007ff880a5f000 	C:\Windows\SYSTEM32\Wldp.dll
0x00007ff883830000 - 0x00007ff8838fd000 	C:\Windows\System32\OLEAUT32.dll
0x00007ff881dc0000 - 0x00007ff881e6d000 	C:\Windows\System32\SHCORE.dll
0x00007ff881b90000 - 0x00007ff881be5000 	C:\Windows\System32\shlwapi.dll
0x00007ff8810e0000 - 0x00007ff881104000 	C:\Windows\SYSTEM32\profapi.dll
0x00007ff8684c0000 - 0x00007ff8684d8000 	C:\Program Files\Java\jdk-17\bin\zip.dll
0x00007ff868500000 - 0x00007ff868519000 	C:\Program Files\Java\jdk-17\bin\net.dll
0x00007ff874140000 - 0x00007ff87424a000 	C:\Windows\SYSTEM32\WINHTTP.dll
0x00007ff880810000 - 0x00007ff88087c000 	C:\Windows\system32\mswsock.dll
0x00007ff8684e0000 - 0x00007ff8684f6000 	C:\Program Files\Java\jdk-17\bin\nio.dll
0x00007ff87b740000 - 0x00007ff87b750000 	C:\Program Files\Java\jdk-17\bin\verify.dll
0x00007ff87a1c0000 - 0x00007ff87a1e7000 	C:\Users\Lucie\.gradle\native\c067742578af261105cb4f569cf0c3c89f3d7b1fecec35dd04571415982c5e48\windows-amd64\native-platform.dll
0x00007ff85bcb0000 - 0x00007ff85bdf4000 	C:\Users\Lucie\.gradle\native\100fb08df4bc3b14c8652ba06237920a3bd2aa13389f12d3474272988ae205f9\windows-amd64\native-platform-file-events.dll
0x00007ff8684a0000 - 0x00007ff8684aa000 	C:\Program Files\Java\jdk-17\bin\management.dll
0x00007ff868420000 - 0x00007ff86842b000 	C:\Program Files\Java\jdk-17\bin\management_ext.dll
0x00007ff880a70000 - 0x00007ff880a88000 	C:\Windows\SYSTEM32\CRYPTSP.dll
0x00007ff880150000 - 0x00007ff880184000 	C:\Windows\system32\rsaenh.dll
0x00007ff8810a0000 - 0x00007ff8810ce000 	C:\Windows\SYSTEM32\USERENV.dll
0x00007ff8809a0000 - 0x00007ff8809ac000 	C:\Windows\SYSTEM32\CRYPTBASE.dll
0x00007ff880510000 - 0x00007ff88054b000 	C:\Windows\SYSTEM32\IPHLPAPI.DLL
0x00007ff881bf0000 - 0x00007ff881bf8000 	C:\Windows\System32\NSI.dll
0x00007ff874560000 - 0x00007ff874577000 	C:\Windows\SYSTEM32\dhcpcsvc6.DLL
0x00007ff877df0000 - 0x00007ff877e0d000 	C:\Windows\SYSTEM32\dhcpcsvc.DLL
0x00007ff880550000 - 0x00007ff88061a000 	C:\Windows\SYSTEM32\DNSAPI.dll
0x00007ff869e10000 - 0x00007ff869e1e000 	C:\Program Files\Java\jdk-17\bin\sunmscapi.dll
0x00007ff881750000 - 0x00007ff8818ac000 	C:\Windows\System32\CRYPT32.dll
0x00007ff880b80000 - 0x00007ff880ba7000 	C:\Windows\SYSTEM32\ncrypt.dll
0x00007ff880b40000 - 0x00007ff880b7b000 	C:\Windows\SYSTEM32\NTASN1.dll
0x00007ff8705f0000 - 0x00007ff8705f7000 	C:\Windows\system32\wshunix.dll

dbghelp: loaded successfully - version: 4.0.5 - missing functions: none
symbol engine: initialized successfully - sym options: 0x614 - pdb path: .;C:\Program Files\Java\jdk-17\bin;C:\Windows\SYSTEM32;C:\Windows\WinSxS\amd64_microsoft.windows.common-controls_6595b64144ccf1df_6.0.19041.4355_none_60b8b9eb71f62e16;C:\Program Files\Java\jdk-17\bin\server;C:\Users\Lucie\.gradle\native\c067742578af261105cb4f569cf0c3c89f3d7b1fecec35dd04571415982c5e48\windows-amd64;C:\Users\Lucie\.gradle\native\100fb08df4bc3b14c8652ba06237920a3bd2aa13389f12d3474272988ae205f9\windows-amd64

VM Arguments:
jvm_args: --add-opens=java.base/java.util=ALL-UNNAMED --add-opens=java.base/java.lang=ALL-UNNAMED --add-opens=java.base/java.lang.invoke=ALL-UNNAMED --add-opens=java.prefs/java.util.prefs=ALL-UNNAMED --add-exports=jdk.compiler/com.sun.tools.javac.api=ALL-UNNAMED --add-exports=jdk.compiler/com.sun.tools.javac.util=ALL-UNNAMED --add-opens=java.base/java.nio.charset=ALL-UNNAMED --add-opens=java.base/java.net=ALL-UNNAMED --add-opens=java.base/java.util.concurrent.atomic=ALL-UNNAMED -Xmx2048m -Dfile.encoding=UTF-8 -Duser.country=FR -Duser.language=fr -Duser.variant -javaagent:C:\Users\Lucie\.gradle\wrapper\dists\gradle-8.9-bin\90cnw93cvbtalezasaz0blq0a\gradle-8.9\lib\agents\gradle-instrumentation-agent-8.9.jar 
java_command: org.gradle.launcher.daemon.bootstrap.GradleDaemon 8.9
java_class_path (initial): C:\Users\Lucie\.gradle\wrapper\dists\gradle-8.9-bin\90cnw93cvbtalezasaz0blq0a\gradle-8.9\lib\gradle-daemon-main-8.9.jar
Launcher Type: SUN_STANDARD

[Global flags]
     intx CICompilerCount                          = 3                                         {product} {ergonomic}
     uint ConcGCThreads                            = 1                                         {product} {ergonomic}
     uint G1ConcRefinementThreads                  = 4                                         {product} {ergonomic}
   size_t G1HeapRegionSize                         = 1048576                                   {product} {ergonomic}
    uintx GCDrainStackTargetSize                   = 64                                        {product} {ergonomic}
   size_t InitialHeapSize                          = 201326592                                 {product} {ergonomic}
   size_t MarkStackSize                            = 4194304                                   {product} {ergonomic}
   size_t MaxHeapSize                              = 2147483648                                {product} {command line}
   size_t MaxNewSize                               = 1287651328                                {product} {ergonomic}
   size_t MinHeapDeltaBytes                        = 1048576                                   {product} {ergonomic}
   size_t MinHeapSize                              = 8388608                                   {product} {ergonomic}
    uintx NonNMethodCodeHeapSize                   = 5832780                                {pd product} {ergonomic}
    uintx NonProfiledCodeHeapSize                  = 122912730                              {pd product} {ergonomic}
    uintx ProfiledCodeHeapSize                     = 122912730                              {pd product} {ergonomic}
    uintx ReservedCodeCacheSize                    = 251658240                              {pd product} {ergonomic}
     bool SegmentedCodeCache                       = true                                      {product} {ergonomic}
   size_t SoftMaxHeapSize                          = 2147483648                             {manageable} {ergonomic}
     bool UseCompressedClassPointers               = true                           {product lp64_product} {ergonomic}
     bool UseCompressedOops                        = true                           {product lp64_product} {ergonomic}
     bool UseG1GC                                  = true                                      {product} {ergonomic}
     bool UseLargePagesIndividualAllocation        = false                                  {pd product} {ergonomic}

Logging:
Log output configuration:
 #0: stdout all=warning uptime,level,tags
 #1: stderr all=off uptime,level,tags

Environment Variables:
CLASSPATH=C:\Users\Lucie\AndroidStudioProjects\KeyReceivedDemo\\gradle\wrapper\gradle-wrapper.jar
PATH=C:\Program Files\Java\jdk-17\bin;C:\ProgramData\Oracle\Java\javapath;C:\Program Files\Common Files\Oracle\Java\javapath;C:\xampp\php;C:\Windows\system32;C:\Windows;C:\Windows\System32\Wbem;C:\Windows\System32\WindowsPowerShell\v1.0\;C:\Windows\System32\OpenSSH\;"C:\Program Files (x86)\Git\cmd;";C:\Program Files\Git\cmd;C:\ProgramData\ComposerSetup\bin;C:\ProgramData\chocolatey\bin;C:\Program Files\nodejs\;C:\Program Files\Docker\Docker\resources\bin;C:\kobweb-0.9.18\bin;C:\Users\Lucie\AppData\Local\Programs\Python\Python39\python.exe;C:\Users\Lucie\AppData\Local\Programs\Python\Python310\;C:\Users\Lucie\AppData\Local\Microsoft\WindowsApps;C:\Users\Lucie\AppData\Roaming\Microsoft\Windows\Start Menu\Programs\Python 3.10;C:\Users\Lucie\AppData\Local\Programs\Microsoft VS Code\bin;C:\Program Files\JetBrains\IntelliJ IDEA Community Edition 2024.2.1\bin;C:\Users\Lucie\AppData\Roaming\Composer\vendor\bin;C:\Users\Lucie\AppData\Local\GitHubDesktop\bin;C:\Users\Lucie\AppData\Roaming\npm;C:\Program Files\JetBrains\PhpStorm 2023.2.4\bin;
USERNAME=Lucie
OS=Windows_NT
PROCESSOR_IDENTIFIER=Intel64 Family 6 Model 58 Stepping 9, GenuineIntel



---------------  S Y S T E M  ---------------

OS:
 Windows 10 , 64 bit Build 19041 (10.0.19041.5438)
OS uptime: 5 days 7:49 hours
Hyper-V role detected

CPU: total 4 (initial active 4) (2 cores per cpu, 2 threads per core) family 6 model 58 stepping 9 microcode 0x21, cx8, cmov, fxsr, ht, mmx, sse, sse2, sse3, ssse3, sse4.1, sse4.2, popcnt, tsc, tscinvbit, avx, aes, erms, clmul, vzeroupper, clflush, hv

Memory: 4k page, system-wide physical 12169M (749M free)
TotalPageFile size 14217M (AvailPageFile size 7M)
current process WorkingSet (physical memory assigned to process): 699M, peak: 703M
current process commit charge ("private bytes"): 750M, peak: 755M

vm_info: Java HotSpot(TM) 64-Bit Server VM (17.0.10+11-LTS-240) for windows-amd64 JRE (17.0.10+11-LTS-240), built on Dec 19 2023 21:47:25 by "mach5one" with MS VC++ 17.1 (VS2022)

END.
